<?xml version="1.0" encoding="UTF-8"?>
  <testsuites tests="270" disabled="157" errors="0" failures="0" time="102.705376298">
      <testsuite name="e2e suite" package="/Users/trivedi/Documents/Projects/optipod/test/e2e" tests="270" disabled="2" skipped="155" errors="0" failures="0" time="102.705376298" timestamp="2025-12-13T11:01:53">
          <properties>
              <property name="SuiteSucceeded" value="true"></property>
              <property name="SuiteHasProgrammaticFocus" value="false"></property>
              <property name="SpecialSuiteFailureReason" value=""></property>
              <property name="SuiteLabels" value="[]"></property>
              <property name="RandomSeed" value="1765598513"></property>
              <property name="RandomizeAllSpecs" value="false"></property>
              <property name="LabelFilter" value=""></property>
              <property name="FocusStrings" value="Unit Tests"></property>
              <property name="SkipStrings" value=""></property>
              <property name="FocusFiles" value=""></property>
              <property name="SkipFiles" value=""></property>
              <property name="FailOnPending" value="false"></property>
              <property name="FailOnEmpty" value="false"></property>
              <property name="FailFast" value="false"></property>
              <property name="FlakeAttempts" value="0"></property>
              <property name="DryRun" value="false"></property>
              <property name="ParallelTotal" value="1"></property>
              <property name="OutputInterceptorMode" value=""></property>
          </properties>
          <testcase name="[BeforeSuite]" classname="e2e suite" status="passed" time="81.933415781">
              <system-err>&gt; Enter [BeforeSuite] TOP-LEVEL - /Users/trivedi/Documents/Projects/optipod/test/e2e/e2e_suite_test.go:69 @ 12/13/25 11:01:53.736&#xA;STEP: initializing Kubernetes client - /Users/trivedi/Documents/Projects/optipod/test/e2e/e2e_suite_test.go:70 @ 12/13/25 11:01:53.736&#xA;STEP: initializing parallel test execution - /Users/trivedi/Documents/Projects/optipod/test/e2e/e2e_suite_test.go:75 @ 12/13/25 11:01:53.738&#xA;Serial execution mode&#xA;STEP: initializing performance configuration - /Users/trivedi/Documents/Projects/optipod/test/e2e/e2e_suite_test.go:78 @ 12/13/25 11:01:53.738&#xA;Performance config initialized - Default timeout: 2m0s, Max retries: 3&#xA;STEP: building the manager(Operator) image - /Users/trivedi/Documents/Projects/optipod/test/e2e/e2e_suite_test.go:83 @ 12/13/25 11:01:53.738&#xA;running: &#34;make docker-build IMG=example.com/optipod:v0.0.1&#34;&#xA;STEP: loading the manager(Operator) image on Kind - /Users/trivedi/Documents/Projects/optipod/test/e2e/e2e_suite_test.go:90 @ 12/13/25 11:03:11.567&#xA;running: &#34;kind load docker-image example.com/optipod:v0.0.1 --name optipod-test-e2e&#34;&#xA;STEP: checking if cert manager is installed already - /Users/trivedi/Documents/Projects/optipod/test/e2e/e2e_suite_test.go:99 @ 12/13/25 11:03:15.206&#xA;running: &#34;kubectl get crds&#34;&#xA;WARNING: CertManager is already installed. Skipping installation...&#xA;STEP: checking if metrics-server is installed already - /Users/trivedi/Documents/Projects/optipod/test/e2e/e2e_suite_test.go:111 @ 12/13/25 11:03:15.581&#xA;running: &#34;kubectl get deployment metrics-server -n kube-system&#34;&#xA;WARNING: MetricsServer is already installed. Skipping installation...&#xA;STEP: waiting for parallel test stability - /Users/trivedi/Documents/Projects/optipod/test/e2e/e2e_suite_test.go:126 @ 12/13/25 11:03:15.67&#xA;&lt; Exit [BeforeSuite] TOP-LEVEL - /Users/trivedi/Documents/Projects/optipod/test/e2e/e2e_suite_test.go:69 @ 12/13/25 11:03:15.67 (1m21.933s)&#xA;</system-err>
          </testcase>
          <testcase name="[It] Workload Types and Update Strategies Deployment Workload Scenarios should optimize Deployment resources correctly" classname="e2e suite" status="skipped" time="0">
              <skipped message="skipped"></skipped>
          </testcase>
          <testcase name="[It] Workload Types and Update Strategies Deployment Workload Scenarios should handle Deployment selector matching correctly" classname="e2e suite" status="skipped" time="0">
              <skipped message="skipped"></skipped>
          </testcase>
          <testcase name="[It] Workload Types and Update Strategies Deployment Workload Scenarios should validate Deployment rollout behavior" classname="e2e suite" status="skipped" time="0">
              <skipped message="skipped"></skipped>
          </testcase>
          <testcase name="[It] Workload Types and Update Strategies StatefulSet Workload Scenarios should optimize StatefulSet resources correctly" classname="e2e suite" status="skipped" time="0">
              <skipped message="skipped"></skipped>
          </testcase>
          <testcase name="[It] Workload Types and Update Strategies StatefulSet Workload Scenarios should handle StatefulSet ordered update correctly" classname="e2e suite" status="skipped" time="0">
              <skipped message="skipped"></skipped>
          </testcase>
          <testcase name="[It] Workload Types and Update Strategies StatefulSet Workload Scenarios should handle StatefulSet persistent volume considerations" classname="e2e suite" status="skipped" time="0">
              <skipped message="skipped"></skipped>
          </testcase>
          <testcase name="[It] Workload Types and Update Strategies DaemonSet Workload Scenarios should optimize DaemonSet resources correctly" classname="e2e suite" status="skipped" time="0">
              <skipped message="skipped"></skipped>
          </testcase>
          <testcase name="[It] Workload Types and Update Strategies DaemonSet Workload Scenarios should handle DaemonSet node-based update correctly" classname="e2e suite" status="skipped" time="0">
              <skipped message="skipped"></skipped>
          </testcase>
          <testcase name="[It] Workload Types and Update Strategies DaemonSet Workload Scenarios should validate resource optimization for system workloads" classname="e2e suite" status="skipped" time="0">
              <skipped message="skipped"></skipped>
          </testcase>
          <testcase name="[It] Workload Types and Update Strategies Update Strategy Scenarios should respect in-place resize update strategy" classname="e2e suite" status="skipped" time="0">
              <skipped message="skipped"></skipped>
          </testcase>
          <testcase name="[It] Workload Types and Update Strategies Update Strategy Scenarios should respect recreation update strategy" classname="e2e suite" status="skipped" time="0">
              <skipped message="skipped"></skipped>
          </testcase>
          <testcase name="[It] Workload Types and Update Strategies Update Strategy Scenarios should respect requests-only update strategy" classname="e2e suite" status="skipped" time="0">
              <skipped message="skipped"></skipped>
          </testcase>
          <testcase name="[It] Workload Types and Update Strategies Update Strategy Scenarios should validate strategy compliance and validation" classname="e2e suite" status="skipped" time="0">
              <skipped message="skipped"></skipped>
          </testcase>
          <testcase name="[It] Workload Types and Update Strategies Property-Based Tests update strategy compliance property in-place resize strategy compliance" classname="e2e suite" status="skipped" time="0">
              <skipped message="skipped"></skipped>
          </testcase>
          <testcase name="[It] Workload Types and Update Strategies Property-Based Tests update strategy compliance property recreation strategy compliance" classname="e2e suite" status="skipped" time="0">
              <skipped message="skipped"></skipped>
          </testcase>
          <testcase name="[It] Workload Types and Update Strategies Property-Based Tests update strategy compliance property requests-only strategy compliance" classname="e2e suite" status="skipped" time="0">
              <skipped message="skipped"></skipped>
          </testcase>
          <testcase name="[It] Workload Types and Update Strategies Property-Based Tests update strategy compliance property conflicting strategies handling" classname="e2e suite" status="skipped" time="0">
              <skipped message="skipped"></skipped>
          </testcase>
          <testcase name="[It] Workload Types and Update Strategies Workload Status Validation should report workload status accurately after optimization" classname="e2e suite" status="skipped" time="0">
              <skipped message="skipped"></skipped>
          </testcase>
          <testcase name="[It] Workload Types and Update Strategies Workload Status Validation should update status after optimization changes" classname="e2e suite" status="skipped" time="0">
              <skipped message="skipped"></skipped>
          </testcase>
          <testcase name="[It] Workload Types and Update Strategies Workload Status Validation should maintain status consistency across workload types" classname="e2e suite" status="skipped" time="0">
              <skipped message="skipped"></skipped>
          </testcase>
          <testcase name="[It] Workload Types and Update Strategies Workload Status Validation should validate status field population" classname="e2e suite" status="skipped" time="0">
              <skipped message="skipped"></skipped>
          </testcase>
          <testcase name="[It] Workload Types and Update Strategies Workload Status Validation status reporting accuracy property deployment status accuracy" classname="e2e suite" status="skipped" time="0">
              <skipped message="skipped"></skipped>
          </testcase>
          <testcase name="[It] Workload Types and Update Strategies Workload Status Validation status reporting accuracy property statefulset status accuracy" classname="e2e suite" status="skipped" time="0">
              <skipped message="skipped"></skipped>
          </testcase>
          <testcase name="[It] Workload Types and Update Strategies Workload Status Validation status reporting accuracy property daemonset status accuracy" classname="e2e suite" status="skipped" time="0">
              <skipped message="skipped"></skipped>
          </testcase>
          <testcase name="[It] Workload Types and Update Strategies Workload Status Validation status reporting accuracy property policy status consistency" classname="e2e suite" status="skipped" time="0">
              <skipped message="skipped"></skipped>
          </testcase>
          <testcase name="[It] Workload Types and Update Strategies Unit Tests for Workload Scenarios should detect workload types correctly" classname="e2e suite" status="passed" time="6.110563494">
              <system-err>&gt; Enter [BeforeAll] Workload Types and Update Strategies - /Users/trivedi/Documents/Projects/optipod/test/e2e/workload_types_test.go:53 @ 12/13/25 11:03:15.672&#xA;STEP: setting up test environment - /Users/trivedi/Documents/Projects/optipod/test/e2e/workload_types_test.go:54 @ 12/13/25 11:03:15.673&#xA;&lt; Exit [BeforeAll] Workload Types and Update Strategies - /Users/trivedi/Documents/Projects/optipod/test/e2e/workload_types_test.go:53 @ 12/13/25 11:03:15.675 (2ms)&#xA;&gt; Enter [BeforeEach] Workload Types and Update Strategies - /Users/trivedi/Documents/Projects/optipod/test/e2e/workload_types_test.go:72 @ 12/13/25 11:03:15.675&#xA;&lt; Exit [BeforeEach] Workload Types and Update Strategies - /Users/trivedi/Documents/Projects/optipod/test/e2e/workload_types_test.go:72 @ 12/13/25 11:03:15.693 (19ms)&#xA;&gt; Enter [It] should detect workload types correctly - /Users/trivedi/Documents/Projects/optipod/test/e2e/workload_types_test.go:2645 @ 12/13/25 11:03:15.693&#xA;STEP: Testing workload type detection for Deployment - /Users/trivedi/Documents/Projects/optipod/test/e2e/workload_types_test.go:2646 @ 12/13/25 11:03:15.693&#xA;STEP: Testing workload type detection for StatefulSet - /Users/trivedi/Documents/Projects/optipod/test/e2e/workload_types_test.go:2675 @ 12/13/25 11:03:15.699&#xA;STEP: Testing workload type detection for DaemonSet - /Users/trivedi/Documents/Projects/optipod/test/e2e/workload_types_test.go:2704 @ 12/13/25 11:03:15.706&#xA;&lt; Exit [It] should detect workload types correctly - /Users/trivedi/Documents/Projects/optipod/test/e2e/workload_types_test.go:2645 @ 12/13/25 11:03:15.713 (19ms)&#xA;&gt; Enter [AfterEach] Workload Types and Update Strategies - /Users/trivedi/Documents/Projects/optipod/test/e2e/workload_types_test.go:100 @ 12/13/25 11:03:15.713&#xA;&lt; Exit [AfterEach] Workload Types and Update Strategies - /Users/trivedi/Documents/Projects/optipod/test/e2e/workload_types_test.go:100 @ 12/13/25 11:03:21.783 (6.07s)&#xA;</system-err>
          </testcase>
          <testcase name="[It] Workload Types and Update Strategies Unit Tests for Workload Scenarios should select correct update strategy based on policy configuration" classname="e2e suite" status="passed" time="6.015133633">
              <system-err>&gt; Enter [BeforeEach] Workload Types and Update Strategies - /Users/trivedi/Documents/Projects/optipod/test/e2e/workload_types_test.go:72 @ 12/13/25 11:03:21.783&#xA;&lt; Exit [BeforeEach] Workload Types and Update Strategies - /Users/trivedi/Documents/Projects/optipod/test/e2e/workload_types_test.go:72 @ 12/13/25 11:03:21.788 (5ms)&#xA;&gt; Enter [It] should select correct update strategy based on policy configuration - /Users/trivedi/Documents/Projects/optipod/test/e2e/workload_types_test.go:2734 @ 12/13/25 11:03:21.788&#xA;STEP: Testing update strategy configuration validation - /Users/trivedi/Documents/Projects/optipod/test/e2e/workload_types_test.go:2735 @ 12/13/25 11:03:21.788&#xA;&lt; Exit [It] should select correct update strategy based on policy configuration - /Users/trivedi/Documents/Projects/optipod/test/e2e/workload_types_test.go:2734 @ 12/13/25 11:03:21.788 (0s)&#xA;&gt; Enter [AfterEach] Workload Types and Update Strategies - /Users/trivedi/Documents/Projects/optipod/test/e2e/workload_types_test.go:100 @ 12/13/25 11:03:21.788&#xA;&lt; Exit [AfterEach] Workload Types and Update Strategies - /Users/trivedi/Documents/Projects/optipod/test/e2e/workload_types_test.go:100 @ 12/13/25 11:03:27.798 (6.01s)&#xA;</system-err>
          </testcase>
          <testcase name="[It] Workload Types and Update Strategies Unit Tests for Workload Scenarios should validate status reporting logic" classname="e2e suite" status="pending" time="0">
              <skipped message="pending"></skipped>
          </testcase>
          <testcase name="[It] Workload Types and Update Strategies Unit Tests for Workload Scenarios should validate workload annotation handling" classname="e2e suite" status="pending" time="0">
              <skipped message="pending"></skipped>
          </testcase>
          <testcase name="[It] Workload Types and Update Strategies Unit Tests for Workload Scenarios should validate resource bounds enforcement logic" classname="e2e suite" status="passed" time="6.015847282">
              <system-err>&gt; Enter [BeforeEach] Workload Types and Update Strategies - /Users/trivedi/Documents/Projects/optipod/test/e2e/workload_types_test.go:72 @ 12/13/25 11:03:27.798&#xA;&lt; Exit [BeforeEach] Workload Types and Update Strategies - /Users/trivedi/Documents/Projects/optipod/test/e2e/workload_types_test.go:72 @ 12/13/25 11:03:27.803 (4ms)&#xA;&gt; Enter [It] should validate resource bounds enforcement logic - /Users/trivedi/Documents/Projects/optipod/test/e2e/workload_types_test.go:2953 @ 12/13/25 11:03:27.803&#xA;STEP: Testing resource bounds validation - /Users/trivedi/Documents/Projects/optipod/test/e2e/workload_types_test.go:2954 @ 12/13/25 11:03:27.803&#xA;STEP: Testing memory bounds validation - /Users/trivedi/Documents/Projects/optipod/test/e2e/workload_types_test.go:2972 @ 12/13/25 11:03:27.803&#xA;STEP: Testing resource unit conversions - /Users/trivedi/Documents/Projects/optipod/test/e2e/workload_types_test.go:2989 @ 12/13/25 11:03:27.803&#xA;&lt; Exit [It] should validate resource bounds enforcement logic - /Users/trivedi/Documents/Projects/optipod/test/e2e/workload_types_test.go:2953 @ 12/13/25 11:03:27.803 (0s)&#xA;&gt; Enter [AfterEach] Workload Types and Update Strategies - /Users/trivedi/Documents/Projects/optipod/test/e2e/workload_types_test.go:100 @ 12/13/25 11:03:27.803&#xA;&lt; Exit [AfterEach] Workload Types and Update Strategies - /Users/trivedi/Documents/Projects/optipod/test/e2e/workload_types_test.go:100 @ 12/13/25 11:03:33.814 (6.011s)&#xA;</system-err>
          </testcase>
          <testcase name="[It] CI Integration Unit Tests Test execution scripts should validate parallel configuration parsing" classname="e2e suite" status="passed" time="7.7453e-05">
              <system-err>&gt; Enter [It] should validate parallel configuration parsing - /Users/trivedi/Documents/Projects/optipod/test/e2e/ci_integration_unit_test.go:21 @ 12/13/25 11:03:33.814&#xA;&lt; Exit [It] should validate parallel configuration parsing - /Users/trivedi/Documents/Projects/optipod/test/e2e/ci_integration_unit_test.go:21 @ 12/13/25 11:03:33.814 (0s)&#xA;</system-err>
          </testcase>
          <testcase name="[It] CI Integration Unit Tests Test execution scripts should validate performance configuration parsing" classname="e2e suite" status="passed" time="3.4554e-05">
              <system-err>&gt; Enter [It] should validate performance configuration parsing - /Users/trivedi/Documents/Projects/optipod/test/e2e/ci_integration_unit_test.go:42 @ 12/13/25 11:03:33.814&#xA;&lt; Exit [It] should validate performance configuration parsing - /Users/trivedi/Documents/Projects/optipod/test/e2e/ci_integration_unit_test.go:42 @ 12/13/25 11:03:33.814 (0s)&#xA;</system-err>
          </testcase>
          <testcase name="[It] CI Integration Unit Tests Test execution scripts should validate timeout calculation logic" classname="e2e suite" status="passed" time="2.0685e-05">
              <system-err>&gt; Enter [It] should validate timeout calculation logic - /Users/trivedi/Documents/Projects/optipod/test/e2e/ci_integration_unit_test.go:67 @ 12/13/25 11:03:33.814&#xA;&lt; Exit [It] should validate timeout calculation logic - /Users/trivedi/Documents/Projects/optipod/test/e2e/ci_integration_unit_test.go:67 @ 12/13/25 11:03:33.815 (0s)&#xA;</system-err>
          </testcase>
          <testcase name="[It] CI Integration Unit Tests Test execution scripts should validate parallel node information" classname="e2e suite" status="passed" time="2.512e-05">
              <system-err>&gt; Enter [It] should validate parallel node information - /Users/trivedi/Documents/Projects/optipod/test/e2e/ci_integration_unit_test.go:84 @ 12/13/25 11:03:33.815&#xA;&lt; Exit [It] should validate parallel node information - /Users/trivedi/Documents/Projects/optipod/test/e2e/ci_integration_unit_test.go:84 @ 12/13/25 11:03:33.815 (0s)&#xA;</system-err>
          </testcase>
          <testcase name="[It] CI Integration Unit Tests Reporting functions should generate valid JUnit report structure" classname="e2e suite" status="passed" time="0.001158136">
              <system-err>&gt; Enter [BeforeEach] Reporting functions - /Users/trivedi/Documents/Projects/optipod/test/e2e/ci_integration_unit_test.go:109 @ 12/13/25 11:03:33.815&#xA;&lt; Exit [BeforeEach] Reporting functions - /Users/trivedi/Documents/Projects/optipod/test/e2e/ci_integration_unit_test.go:109 @ 12/13/25 11:03:33.815 (0s)&#xA;&gt; Enter [It] should generate valid JUnit report structure - /Users/trivedi/Documents/Projects/optipod/test/e2e/ci_integration_unit_test.go:115 @ 12/13/25 11:03:33.815&#xA;&lt; Exit [It] should generate valid JUnit report structure - /Users/trivedi/Documents/Projects/optipod/test/e2e/ci_integration_unit_test.go:115 @ 12/13/25 11:03:33.815 (0s)&#xA;&gt; Enter [DeferCleanup (Each)] Reporting functions - /Users/trivedi/go/pkg/mod/github.com/onsi/ginkgo/v2@v2.22.0/internal/testingtproxy/testing_t_proxy.go:153 @ 12/13/25 11:03:33.815&#xA;&lt; Exit [DeferCleanup (Each)] Reporting functions - /Users/trivedi/go/pkg/mod/github.com/onsi/ginkgo/v2@v2.22.0/internal/testingtproxy/testing_t_proxy.go:153 @ 12/13/25 11:03:33.816 (0s)&#xA;</system-err>
          </testcase>
          <testcase name="[It] CI Integration Unit Tests Reporting functions should generate valid JSON report structure" classname="e2e suite" status="passed" time="0.000833182">
              <system-err>&gt; Enter [BeforeEach] Reporting functions - /Users/trivedi/Documents/Projects/optipod/test/e2e/ci_integration_unit_test.go:109 @ 12/13/25 11:03:33.816&#xA;&lt; Exit [BeforeEach] Reporting functions - /Users/trivedi/Documents/Projects/optipod/test/e2e/ci_integration_unit_test.go:109 @ 12/13/25 11:03:33.816 (0s)&#xA;&gt; Enter [It] should generate valid JSON report structure - /Users/trivedi/Documents/Projects/optipod/test/e2e/ci_integration_unit_test.go:135 @ 12/13/25 11:03:33.816&#xA;&lt; Exit [It] should generate valid JSON report structure - /Users/trivedi/Documents/Projects/optipod/test/e2e/ci_integration_unit_test.go:135 @ 12/13/25 11:03:33.816 (0s)&#xA;&gt; Enter [DeferCleanup (Each)] Reporting functions - /Users/trivedi/go/pkg/mod/github.com/onsi/ginkgo/v2@v2.22.0/internal/testingtproxy/testing_t_proxy.go:153 @ 12/13/25 11:03:33.816&#xA;&lt; Exit [DeferCleanup (Each)] Reporting functions - /Users/trivedi/go/pkg/mod/github.com/onsi/ginkgo/v2@v2.22.0/internal/testingtproxy/testing_t_proxy.go:153 @ 12/13/25 11:03:33.817 (0s)&#xA;</system-err>
          </testcase>
          <testcase name="[It] CI Integration Unit Tests Reporting functions should handle report generation errors gracefully" classname="e2e suite" status="passed" time="0.000391565">
              <system-err>&gt; Enter [BeforeEach] Reporting functions - /Users/trivedi/Documents/Projects/optipod/test/e2e/ci_integration_unit_test.go:109 @ 12/13/25 11:03:33.817&#xA;&lt; Exit [BeforeEach] Reporting functions - /Users/trivedi/Documents/Projects/optipod/test/e2e/ci_integration_unit_test.go:109 @ 12/13/25 11:03:33.817 (0s)&#xA;&gt; Enter [It] should handle report generation errors gracefully - /Users/trivedi/Documents/Projects/optipod/test/e2e/ci_integration_unit_test.go:155 @ 12/13/25 11:03:33.817&#xA;&lt; Exit [It] should handle report generation errors gracefully - /Users/trivedi/Documents/Projects/optipod/test/e2e/ci_integration_unit_test.go:155 @ 12/13/25 11:03:33.817 (0s)&#xA;&gt; Enter [DeferCleanup (Each)] Reporting functions - /Users/trivedi/go/pkg/mod/github.com/onsi/ginkgo/v2@v2.22.0/internal/testingtproxy/testing_t_proxy.go:153 @ 12/13/25 11:03:33.817&#xA;&lt; Exit [DeferCleanup (Each)] Reporting functions - /Users/trivedi/go/pkg/mod/github.com/onsi/ginkgo/v2@v2.22.0/internal/testingtproxy/testing_t_proxy.go:153 @ 12/13/25 11:03:33.817 (0s)&#xA;</system-err>
          </testcase>
          <testcase name="[It] CI Integration Unit Tests Reporting functions should validate report naming conventions" classname="e2e suite" status="passed" time="0.000367197">
              <system-err>&gt; Enter [BeforeEach] Reporting functions - /Users/trivedi/Documents/Projects/optipod/test/e2e/ci_integration_unit_test.go:109 @ 12/13/25 11:03:33.817&#xA;&lt; Exit [BeforeEach] Reporting functions - /Users/trivedi/Documents/Projects/optipod/test/e2e/ci_integration_unit_test.go:109 @ 12/13/25 11:03:33.817 (0s)&#xA;&gt; Enter [It] should validate report naming conventions - /Users/trivedi/Documents/Projects/optipod/test/e2e/ci_integration_unit_test.go:164 @ 12/13/25 11:03:33.817&#xA;&lt; Exit [It] should validate report naming conventions - /Users/trivedi/Documents/Projects/optipod/test/e2e/ci_integration_unit_test.go:164 @ 12/13/25 11:03:33.817 (0s)&#xA;&gt; Enter [DeferCleanup (Each)] Reporting functions - /Users/trivedi/go/pkg/mod/github.com/onsi/ginkgo/v2@v2.22.0/internal/testingtproxy/testing_t_proxy.go:153 @ 12/13/25 11:03:33.817&#xA;&lt; Exit [DeferCleanup (Each)] Reporting functions - /Users/trivedi/go/pkg/mod/github.com/onsi/ginkgo/v2@v2.22.0/internal/testingtproxy/testing_t_proxy.go:153 @ 12/13/25 11:03:33.818 (0s)&#xA;</system-err>
          </testcase>
          <testcase name="[It] CI Integration Unit Tests Artifact collection should create artifact directory structure" classname="e2e suite" status="passed" time="0.001372928">
              <system-err>&gt; Enter [BeforeEach] Artifact collection - /Users/trivedi/Documents/Projects/optipod/test/e2e/ci_integration_unit_test.go:180 @ 12/13/25 11:03:33.818&#xA;&lt; Exit [BeforeEach] Artifact collection - /Users/trivedi/Documents/Projects/optipod/test/e2e/ci_integration_unit_test.go:180 @ 12/13/25 11:03:33.818 (0s)&#xA;&gt; Enter [It] should create artifact directory structure - /Users/trivedi/Documents/Projects/optipod/test/e2e/ci_integration_unit_test.go:186 @ 12/13/25 11:03:33.818&#xA;&lt; Exit [It] should create artifact directory structure - /Users/trivedi/Documents/Projects/optipod/test/e2e/ci_integration_unit_test.go:186 @ 12/13/25 11:03:33.818 (0s)&#xA;&gt; Enter [DeferCleanup (Each)] Artifact collection - /Users/trivedi/go/pkg/mod/github.com/onsi/ginkgo/v2@v2.22.0/internal/testingtproxy/testing_t_proxy.go:153 @ 12/13/25 11:03:33.818&#xA;&lt; Exit [DeferCleanup (Each)] Artifact collection - /Users/trivedi/go/pkg/mod/github.com/onsi/ginkgo/v2@v2.22.0/internal/testingtproxy/testing_t_proxy.go:153 @ 12/13/25 11:03:33.819 (1ms)&#xA;</system-err>
          </testcase>
          <testcase name="[It] CI Integration Unit Tests Artifact collection should validate artifact file permissions" classname="e2e suite" status="passed" time="0.00100445">
              <system-err>&gt; Enter [BeforeEach] Artifact collection - /Users/trivedi/Documents/Projects/optipod/test/e2e/ci_integration_unit_test.go:180 @ 12/13/25 11:03:33.819&#xA;&lt; Exit [BeforeEach] Artifact collection - /Users/trivedi/Documents/Projects/optipod/test/e2e/ci_integration_unit_test.go:180 @ 12/13/25 11:03:33.819 (0s)&#xA;&gt; Enter [It] should validate artifact file permissions - /Users/trivedi/Documents/Projects/optipod/test/e2e/ci_integration_unit_test.go:202 @ 12/13/25 11:03:33.819&#xA;&lt; Exit [It] should validate artifact file permissions - /Users/trivedi/Documents/Projects/optipod/test/e2e/ci_integration_unit_test.go:202 @ 12/13/25 11:03:33.82 (0s)&#xA;&gt; Enter [DeferCleanup (Each)] Artifact collection - /Users/trivedi/go/pkg/mod/github.com/onsi/ginkgo/v2@v2.22.0/internal/testingtproxy/testing_t_proxy.go:153 @ 12/13/25 11:03:33.82&#xA;&lt; Exit [DeferCleanup (Each)] Artifact collection - /Users/trivedi/go/pkg/mod/github.com/onsi/ginkgo/v2@v2.22.0/internal/testingtproxy/testing_t_proxy.go:153 @ 12/13/25 11:03:33.82 (0s)&#xA;</system-err>
          </testcase>
          <testcase name="[It] CI Integration Unit Tests Artifact collection should handle concurrent artifact generation" classname="e2e suite" status="passed" time="0.001387682">
              <system-err>&gt; Enter [BeforeEach] Artifact collection - /Users/trivedi/Documents/Projects/optipod/test/e2e/ci_integration_unit_test.go:180 @ 12/13/25 11:03:33.82&#xA;&lt; Exit [BeforeEach] Artifact collection - /Users/trivedi/Documents/Projects/optipod/test/e2e/ci_integration_unit_test.go:180 @ 12/13/25 11:03:33.82 (0s)&#xA;&gt; Enter [It] should handle concurrent artifact generation - /Users/trivedi/Documents/Projects/optipod/test/e2e/ci_integration_unit_test.go:217 @ 12/13/25 11:03:33.82&#xA;&lt; Exit [It] should handle concurrent artifact generation - /Users/trivedi/Documents/Projects/optipod/test/e2e/ci_integration_unit_test.go:217 @ 12/13/25 11:03:33.821 (0s)&#xA;&gt; Enter [DeferCleanup (Each)] Artifact collection - /Users/trivedi/go/pkg/mod/github.com/onsi/ginkgo/v2@v2.22.0/internal/testingtproxy/testing_t_proxy.go:153 @ 12/13/25 11:03:33.821&#xA;&lt; Exit [DeferCleanup (Each)] Artifact collection - /Users/trivedi/go/pkg/mod/github.com/onsi/ginkgo/v2@v2.22.0/internal/testingtproxy/testing_t_proxy.go:153 @ 12/13/25 11:03:33.821 (1ms)&#xA;</system-err>
          </testcase>
          <testcase name="[It] CI Integration Unit Tests CI environment detection should detect CI environment variables" classname="e2e suite" status="passed" time="2.7647e-05">
              <system-err>&gt; Enter [It] should detect CI environment variables - /Users/trivedi/Documents/Projects/optipod/test/e2e/ci_integration_unit_test.go:245 @ 12/13/25 11:03:33.822&#xA;&lt; Exit [It] should detect CI environment variables - /Users/trivedi/Documents/Projects/optipod/test/e2e/ci_integration_unit_test.go:245 @ 12/13/25 11:03:33.822 (0s)&#xA;</system-err>
          </testcase>
          <testcase name="[It] CI Integration Unit Tests CI environment detection should validate test timeout adjustments for CI" classname="e2e suite" status="passed" time="2.769e-05">
              <system-err>&gt; Enter [It] should validate test timeout adjustments for CI - /Users/trivedi/Documents/Projects/optipod/test/e2e/ci_integration_unit_test.go:269 @ 12/13/25 11:03:33.822&#xA;&lt; Exit [It] should validate test timeout adjustments for CI - /Users/trivedi/Documents/Projects/optipod/test/e2e/ci_integration_unit_test.go:269 @ 12/13/25 11:03:33.822 (0s)&#xA;</system-err>
          </testcase>
          <testcase name="[It] CI Integration Unit Tests CI environment detection should validate parallel execution limits for CI" classname="e2e suite" status="passed" time="2.6873e-05">
              <system-err>&gt; Enter [It] should validate parallel execution limits for CI - /Users/trivedi/Documents/Projects/optipod/test/e2e/ci_integration_unit_test.go:284 @ 12/13/25 11:03:33.822&#xA;&lt; Exit [It] should validate parallel execution limits for CI - /Users/trivedi/Documents/Projects/optipod/test/e2e/ci_integration_unit_test.go:284 @ 12/13/25 11:03:33.822 (0s)&#xA;</system-err>
          </testcase>
          <testcase name="[It] CI Integration Unit Tests Error handling and exit codes should validate error message formatting" classname="e2e suite" status="passed" time="2.0288e-05">
              <system-err>&gt; Enter [It] should validate error message formatting - /Users/trivedi/Documents/Projects/optipod/test/e2e/ci_integration_unit_test.go:298 @ 12/13/25 11:03:33.822&#xA;&lt; Exit [It] should validate error message formatting - /Users/trivedi/Documents/Projects/optipod/test/e2e/ci_integration_unit_test.go:298 @ 12/13/25 11:03:33.822 (0s)&#xA;</system-err>
          </testcase>
          <testcase name="[It] CI Integration Unit Tests Error handling and exit codes should validate timeout error handling" classname="e2e suite" status="passed" time="0.001235238">
              <system-err>&gt; Enter [It] should validate timeout error handling - /Users/trivedi/Documents/Projects/optipod/test/e2e/ci_integration_unit_test.go:306 @ 12/13/25 11:03:33.822&#xA;&lt; Exit [It] should validate timeout error handling - /Users/trivedi/Documents/Projects/optipod/test/e2e/ci_integration_unit_test.go:306 @ 12/13/25 11:03:33.823 (1ms)&#xA;</system-err>
          </testcase>
          <testcase name="[It] CI Integration Unit Tests Error handling and exit codes should validate retry logic parameters" classname="e2e suite" status="passed" time="2.501182556">
              <system-err>&gt; Enter [It] should validate retry logic parameters - /Users/trivedi/Documents/Projects/optipod/test/e2e/ci_integration_unit_test.go:317 @ 12/13/25 11:03:33.823&#xA;Retrying operation (attempt 1/3) after 1s&#xA;Retrying operation (attempt 2/3) after 1.5s&#xA;Operation succeeded after 2 retries&#xA;&lt; Exit [It] should validate retry logic parameters - /Users/trivedi/Documents/Projects/optipod/test/e2e/ci_integration_unit_test.go:317 @ 12/13/25 11:03:36.324 (2.501s)&#xA;</system-err>
          </testcase>
          <testcase name="[It] Server-Side Apply (SSA) End-to-End SSA Flow should apply resource changes using Server-Side Apply" classname="e2e suite" status="skipped" time="0">
              <skipped message="skipped"></skipped>
          </testcase>
          <testcase name="[It] Server-Side Apply (SSA) End-to-End SSA Flow should track apply method in workload status" classname="e2e suite" status="skipped" time="0">
              <skipped message="skipped"></skipped>
          </testcase>
          <testcase name="[It] Server-Side Apply (SSA) SSA with Strategic Merge Patch Fallback should use Strategic Merge Patch when SSA is disabled" classname="e2e suite" status="skipped" time="0">
              <skipped message="skipped"></skipped>
          </testcase>
          <testcase name="[It] Server-Side Apply (SSA) SSA with Multiple Field Managers should coexist with other field managers" classname="e2e suite" status="skipped" time="0">
              <skipped message="skipped"></skipped>
          </testcase>
          <testcase name="[It] Server-Side Apply (SSA) SSA Observability should emit events for SSA operations" classname="e2e suite" status="skipped" time="0">
              <skipped message="skipped"></skipped>
          </testcase>
          <testcase name="[It] Server-Side Apply (SSA) SSA Observability should expose SSA metrics" classname="e2e suite" status="skipped" time="0">
              <skipped message="skipped"></skipped>
          </testcase>
          <testcase name="[It] Server-Side Apply (SSA) ArgoCD Compatibility should coexist with ArgoCD without sync conflicts" classname="e2e suite" status="skipped" time="0">
              <skipped message="skipped"></skipped>
          </testcase>
          <testcase name="[It] Server-Side Apply (SSA) ArgoCD Compatibility should handle multiple OptipPod policies with ArgoCD" classname="e2e suite" status="skipped" time="0">
              <skipped message="skipped"></skipped>
          </testcase>
          <testcase name="[It] Server-Side Apply (SSA) Cleanup should clean up SSA test resources" classname="e2e suite" status="skipped" time="0">
              <skipped message="skipped"></skipped>
          </testcase>
          <testcase name="[It] Resource Bounds Unit Tests Resource Quantity Parsing should parse CPU quantities correctly" classname="e2e suite" status="passed" time="4.6386e-05">
              <system-err>&gt; Enter [BeforeEach] Resource Bounds Unit Tests - /Users/trivedi/Documents/Projects/optipod/test/e2e/resource_bounds_unit_test.go:14 @ 12/13/25 11:03:36.325&#xA;&lt; Exit [BeforeEach] Resource Bounds Unit Tests - /Users/trivedi/Documents/Projects/optipod/test/e2e/resource_bounds_unit_test.go:14 @ 12/13/25 11:03:36.325 (0s)&#xA;&gt; Enter [It] should parse CPU quantities correctly - /Users/trivedi/Documents/Projects/optipod/test/e2e/resource_bounds_unit_test.go:19 @ 12/13/25 11:03:36.325&#xA;&lt; Exit [It] should parse CPU quantities correctly - /Users/trivedi/Documents/Projects/optipod/test/e2e/resource_bounds_unit_test.go:19 @ 12/13/25 11:03:36.325 (0s)&#xA;</system-err>
          </testcase>
          <testcase name="[It] Resource Bounds Unit Tests Resource Quantity Parsing should parse memory quantities correctly" classname="e2e suite" status="passed" time="2.8005e-05">
              <system-err>&gt; Enter [BeforeEach] Resource Bounds Unit Tests - /Users/trivedi/Documents/Projects/optipod/test/e2e/resource_bounds_unit_test.go:14 @ 12/13/25 11:03:36.325&#xA;&lt; Exit [BeforeEach] Resource Bounds Unit Tests - /Users/trivedi/Documents/Projects/optipod/test/e2e/resource_bounds_unit_test.go:14 @ 12/13/25 11:03:36.325 (0s)&#xA;&gt; Enter [It] should parse memory quantities correctly - /Users/trivedi/Documents/Projects/optipod/test/e2e/resource_bounds_unit_test.go:38 @ 12/13/25 11:03:36.325&#xA;&lt; Exit [It] should parse memory quantities correctly - /Users/trivedi/Documents/Projects/optipod/test/e2e/resource_bounds_unit_test.go:38 @ 12/13/25 11:03:36.325 (0s)&#xA;</system-err>
          </testcase>
          <testcase name="[It] Resource Bounds Unit Tests Resource Quantity Parsing should handle resource quantity parsing consistency" classname="e2e suite" status="passed" time="3.996e-05">
              <system-err>&gt; Enter [BeforeEach] Resource Bounds Unit Tests - /Users/trivedi/Documents/Projects/optipod/test/e2e/resource_bounds_unit_test.go:14 @ 12/13/25 11:03:36.325&#xA;&lt; Exit [BeforeEach] Resource Bounds Unit Tests - /Users/trivedi/Documents/Projects/optipod/test/e2e/resource_bounds_unit_test.go:14 @ 12/13/25 11:03:36.325 (0s)&#xA;&gt; Enter [It] should handle resource quantity parsing consistency - /Users/trivedi/Documents/Projects/optipod/test/e2e/resource_bounds_unit_test.go:56 @ 12/13/25 11:03:36.325&#xA;&lt; Exit [It] should handle resource quantity parsing consistency - /Users/trivedi/Documents/Projects/optipod/test/e2e/resource_bounds_unit_test.go:56 @ 12/13/25 11:03:36.325 (0s)&#xA;</system-err>
          </testcase>
          <testcase name="[It] Resource Bounds Unit Tests Bounds Validation Logic should validate resources within bounds" classname="e2e suite" status="passed" time="5.1965e-05">
              <system-err>&gt; Enter [BeforeEach] Resource Bounds Unit Tests - /Users/trivedi/Documents/Projects/optipod/test/e2e/resource_bounds_unit_test.go:14 @ 12/13/25 11:03:36.325&#xA;&lt; Exit [BeforeEach] Resource Bounds Unit Tests - /Users/trivedi/Documents/Projects/optipod/test/e2e/resource_bounds_unit_test.go:14 @ 12/13/25 11:03:36.325 (0s)&#xA;&gt; Enter [It] should validate resources within bounds - /Users/trivedi/Documents/Projects/optipod/test/e2e/resource_bounds_unit_test.go:64 @ 12/13/25 11:03:36.325&#xA;&lt; Exit [It] should validate resources within bounds - /Users/trivedi/Documents/Projects/optipod/test/e2e/resource_bounds_unit_test.go:64 @ 12/13/25 11:03:36.325 (0s)&#xA;</system-err>
          </testcase>
          <testcase name="[It] Resource Bounds Unit Tests Bounds Validation Logic should detect resources below minimum bounds" classname="e2e suite" status="passed" time="2.8329e-05">
              <system-err>&gt; Enter [BeforeEach] Resource Bounds Unit Tests - /Users/trivedi/Documents/Projects/optipod/test/e2e/resource_bounds_unit_test.go:14 @ 12/13/25 11:03:36.325&#xA;&lt; Exit [BeforeEach] Resource Bounds Unit Tests - /Users/trivedi/Documents/Projects/optipod/test/e2e/resource_bounds_unit_test.go:14 @ 12/13/25 11:03:36.325 (0s)&#xA;&gt; Enter [It] should detect resources below minimum bounds - /Users/trivedi/Documents/Projects/optipod/test/e2e/resource_bounds_unit_test.go:85 @ 12/13/25 11:03:36.325&#xA;&lt; Exit [It] should detect resources below minimum bounds - /Users/trivedi/Documents/Projects/optipod/test/e2e/resource_bounds_unit_test.go:85 @ 12/13/25 11:03:36.325 (0s)&#xA;</system-err>
          </testcase>
          <testcase name="[It] Resource Bounds Unit Tests Bounds Validation Logic should detect resources above maximum bounds" classname="e2e suite" status="passed" time="2.3222e-05">
              <system-err>&gt; Enter [BeforeEach] Resource Bounds Unit Tests - /Users/trivedi/Documents/Projects/optipod/test/e2e/resource_bounds_unit_test.go:14 @ 12/13/25 11:03:36.325&#xA;&lt; Exit [BeforeEach] Resource Bounds Unit Tests - /Users/trivedi/Documents/Projects/optipod/test/e2e/resource_bounds_unit_test.go:14 @ 12/13/25 11:03:36.325 (0s)&#xA;&gt; Enter [It] should detect resources above maximum bounds - /Users/trivedi/Documents/Projects/optipod/test/e2e/resource_bounds_unit_test.go:107 @ 12/13/25 11:03:36.325&#xA;&lt; Exit [It] should detect resources above maximum bounds - /Users/trivedi/Documents/Projects/optipod/test/e2e/resource_bounds_unit_test.go:107 @ 12/13/25 11:03:36.325 (0s)&#xA;</system-err>
          </testcase>
          <testcase name="[It] Resource Bounds Unit Tests Clamping Algorithms should validate clamping to minimum values" classname="e2e suite" status="passed" time="2.4633e-05">
              <system-err>&gt; Enter [BeforeEach] Resource Bounds Unit Tests - /Users/trivedi/Documents/Projects/optipod/test/e2e/resource_bounds_unit_test.go:14 @ 12/13/25 11:03:36.325&#xA;&lt; Exit [BeforeEach] Resource Bounds Unit Tests - /Users/trivedi/Documents/Projects/optipod/test/e2e/resource_bounds_unit_test.go:14 @ 12/13/25 11:03:36.325 (0s)&#xA;&gt; Enter [It] should validate clamping to minimum values - /Users/trivedi/Documents/Projects/optipod/test/e2e/resource_bounds_unit_test.go:131 @ 12/13/25 11:03:36.325&#xA;&lt; Exit [It] should validate clamping to minimum values - /Users/trivedi/Documents/Projects/optipod/test/e2e/resource_bounds_unit_test.go:131 @ 12/13/25 11:03:36.325 (0s)&#xA;</system-err>
          </testcase>
          <testcase name="[It] Resource Bounds Unit Tests Clamping Algorithms should validate clamping to maximum values" classname="e2e suite" status="passed" time="2.2392e-05">
              <system-err>&gt; Enter [BeforeEach] Resource Bounds Unit Tests - /Users/trivedi/Documents/Projects/optipod/test/e2e/resource_bounds_unit_test.go:14 @ 12/13/25 11:03:36.325&#xA;&lt; Exit [BeforeEach] Resource Bounds Unit Tests - /Users/trivedi/Documents/Projects/optipod/test/e2e/resource_bounds_unit_test.go:14 @ 12/13/25 11:03:36.325 (0s)&#xA;&gt; Enter [It] should validate clamping to maximum values - /Users/trivedi/Documents/Projects/optipod/test/e2e/resource_bounds_unit_test.go:141 @ 12/13/25 11:03:36.325&#xA;&lt; Exit [It] should validate clamping to maximum values - /Users/trivedi/Documents/Projects/optipod/test/e2e/resource_bounds_unit_test.go:141 @ 12/13/25 11:03:36.325 (0s)&#xA;</system-err>
          </testcase>
          <testcase name="[It] Resource Bounds Unit Tests Clamping Algorithms should validate resources within bounds without clamping" classname="e2e suite" status="passed" time="3.3164e-05">
              <system-err>&gt; Enter [BeforeEach] Resource Bounds Unit Tests - /Users/trivedi/Documents/Projects/optipod/test/e2e/resource_bounds_unit_test.go:14 @ 12/13/25 11:03:36.325&#xA;&lt; Exit [BeforeEach] Resource Bounds Unit Tests - /Users/trivedi/Documents/Projects/optipod/test/e2e/resource_bounds_unit_test.go:14 @ 12/13/25 11:03:36.326 (0s)&#xA;&gt; Enter [It] should validate resources within bounds without clamping - /Users/trivedi/Documents/Projects/optipod/test/e2e/resource_bounds_unit_test.go:151 @ 12/13/25 11:03:36.326&#xA;&lt; Exit [It] should validate resources within bounds without clamping - /Users/trivedi/Documents/Projects/optipod/test/e2e/resource_bounds_unit_test.go:151 @ 12/13/25 11:03:36.326 (0s)&#xA;</system-err>
          </testcase>
          <testcase name="[It] Resource Bounds Unit Tests Clamping Algorithms should detect incorrect clamping expectations" classname="e2e suite" status="passed" time="2.2863e-05">
              <system-err>&gt; Enter [BeforeEach] Resource Bounds Unit Tests - /Users/trivedi/Documents/Projects/optipod/test/e2e/resource_bounds_unit_test.go:14 @ 12/13/25 11:03:36.326&#xA;&lt; Exit [BeforeEach] Resource Bounds Unit Tests - /Users/trivedi/Documents/Projects/optipod/test/e2e/resource_bounds_unit_test.go:14 @ 12/13/25 11:03:36.326 (0s)&#xA;&gt; Enter [It] should detect incorrect clamping expectations - /Users/trivedi/Documents/Projects/optipod/test/e2e/resource_bounds_unit_test.go:161 @ 12/13/25 11:03:36.326&#xA;&lt; Exit [It] should detect incorrect clamping expectations - /Users/trivedi/Documents/Projects/optipod/test/e2e/resource_bounds_unit_test.go:161 @ 12/13/25 11:03:36.326 (0s)&#xA;</system-err>
          </testcase>
          <testcase name="[It] Resource Bounds Unit Tests Resource Comparison should compare resource quantities correctly" classname="e2e suite" status="passed" time="3.146e-05">
              <system-err>&gt; Enter [BeforeEach] Resource Bounds Unit Tests - /Users/trivedi/Documents/Projects/optipod/test/e2e/resource_bounds_unit_test.go:14 @ 12/13/25 11:03:36.326&#xA;&lt; Exit [BeforeEach] Resource Bounds Unit Tests - /Users/trivedi/Documents/Projects/optipod/test/e2e/resource_bounds_unit_test.go:14 @ 12/13/25 11:03:36.326 (0s)&#xA;&gt; Enter [It] should compare resource quantities correctly - /Users/trivedi/Documents/Projects/optipod/test/e2e/resource_bounds_unit_test.go:170 @ 12/13/25 11:03:36.326&#xA;&lt; Exit [It] should compare resource quantities correctly - /Users/trivedi/Documents/Projects/optipod/test/e2e/resource_bounds_unit_test.go:170 @ 12/13/25 11:03:36.326 (0s)&#xA;</system-err>
          </testcase>
          <testcase name="[It] Resource Bounds Unit Tests Resource Comparison should handle invalid resource quantities" classname="e2e suite" status="passed" time="3.4221e-05">
              <system-err>&gt; Enter [BeforeEach] Resource Bounds Unit Tests - /Users/trivedi/Documents/Projects/optipod/test/e2e/resource_bounds_unit_test.go:14 @ 12/13/25 11:03:36.326&#xA;&lt; Exit [BeforeEach] Resource Bounds Unit Tests - /Users/trivedi/Documents/Projects/optipod/test/e2e/resource_bounds_unit_test.go:14 @ 12/13/25 11:03:36.326 (0s)&#xA;&gt; Enter [It] should handle invalid resource quantities - /Users/trivedi/Documents/Projects/optipod/test/e2e/resource_bounds_unit_test.go:191 @ 12/13/25 11:03:36.326&#xA;&lt; Exit [It] should handle invalid resource quantities - /Users/trivedi/Documents/Projects/optipod/test/e2e/resource_bounds_unit_test.go:191 @ 12/13/25 11:03:36.326 (0s)&#xA;</system-err>
          </testcase>
          <testcase name="[It] Resource Bounds Unit Tests Resource Conversion should convert resource quantities to bytes/millicores" classname="e2e suite" status="passed" time="2.3308e-05">
              <system-err>&gt; Enter [BeforeEach] Resource Bounds Unit Tests - /Users/trivedi/Documents/Projects/optipod/test/e2e/resource_bounds_unit_test.go:14 @ 12/13/25 11:03:36.326&#xA;&lt; Exit [BeforeEach] Resource Bounds Unit Tests - /Users/trivedi/Documents/Projects/optipod/test/e2e/resource_bounds_unit_test.go:14 @ 12/13/25 11:03:36.326 (0s)&#xA;&gt; Enter [It] should convert resource quantities to bytes/millicores - /Users/trivedi/Documents/Projects/optipod/test/e2e/resource_bounds_unit_test.go:201 @ 12/13/25 11:03:36.326&#xA;&lt; Exit [It] should convert resource quantities to bytes/millicores - /Users/trivedi/Documents/Projects/optipod/test/e2e/resource_bounds_unit_test.go:201 @ 12/13/25 11:03:36.326 (0s)&#xA;</system-err>
          </testcase>
          <testcase name="[It] Resource Bounds Unit Tests Resource Conversion should handle invalid resource conversion" classname="e2e suite" status="passed" time="1.7505e-05">
              <system-err>&gt; Enter [BeforeEach] Resource Bounds Unit Tests - /Users/trivedi/Documents/Projects/optipod/test/e2e/resource_bounds_unit_test.go:14 @ 12/13/25 11:03:36.326&#xA;&lt; Exit [BeforeEach] Resource Bounds Unit Tests - /Users/trivedi/Documents/Projects/optipod/test/e2e/resource_bounds_unit_test.go:14 @ 12/13/25 11:03:36.326 (0s)&#xA;&gt; Enter [It] should handle invalid resource conversion - /Users/trivedi/Documents/Projects/optipod/test/e2e/resource_bounds_unit_test.go:223 @ 12/13/25 11:03:36.326&#xA;&lt; Exit [It] should handle invalid resource conversion - /Users/trivedi/Documents/Projects/optipod/test/e2e/resource_bounds_unit_test.go:223 @ 12/13/25 11:03:36.326 (0s)&#xA;</system-err>
          </testcase>
          <testcase name="[It] Coverage Validator Unit Tests Requirements Parsing should parse requirements from markdown file" classname="e2e suite" status="passed" time="0.001143033">
              <system-err>&gt; Enter [BeforeEach] Coverage Validator Unit Tests - /Users/trivedi/Documents/Projects/optipod/test/e2e/integration_components_test.go:32 @ 12/13/25 11:03:36.326&#xA;&lt; Exit [BeforeEach] Coverage Validator Unit Tests - /Users/trivedi/Documents/Projects/optipod/test/e2e/integration_components_test.go:32 @ 12/13/25 11:03:36.326 (0s)&#xA;&gt; Enter [It] should parse requirements from markdown file - /Users/trivedi/Documents/Projects/optipod/test/e2e/integration_components_test.go:52 @ 12/13/25 11:03:36.326&#xA;&lt; Exit [It] should parse requirements from markdown file - /Users/trivedi/Documents/Projects/optipod/test/e2e/integration_components_test.go:52 @ 12/13/25 11:03:36.327 (1ms)&#xA;&gt; Enter [AfterEach] Coverage Validator Unit Tests - /Users/trivedi/Documents/Projects/optipod/test/e2e/integration_components_test.go:45 @ 12/13/25 11:03:36.327&#xA;&lt; Exit [AfterEach] Coverage Validator Unit Tests - /Users/trivedi/Documents/Projects/optipod/test/e2e/integration_components_test.go:45 @ 12/13/25 11:03:36.327 (0s)&#xA;</system-err>
          </testcase>
          <testcase name="[It] Coverage Validator Unit Tests Requirements Parsing should handle empty requirements file" classname="e2e suite" status="passed" time="0.000717758">
              <system-err>&gt; Enter [BeforeEach] Coverage Validator Unit Tests - /Users/trivedi/Documents/Projects/optipod/test/e2e/integration_components_test.go:32 @ 12/13/25 11:03:36.327&#xA;&lt; Exit [BeforeEach] Coverage Validator Unit Tests - /Users/trivedi/Documents/Projects/optipod/test/e2e/integration_components_test.go:32 @ 12/13/25 11:03:36.327 (0s)&#xA;&gt; Enter [It] should handle empty requirements file - /Users/trivedi/Documents/Projects/optipod/test/e2e/integration_components_test.go:76 @ 12/13/25 11:03:36.327&#xA;&lt; Exit [It] should handle empty requirements file - /Users/trivedi/Documents/Projects/optipod/test/e2e/integration_components_test.go:76 @ 12/13/25 11:03:36.327 (0s)&#xA;&gt; Enter [AfterEach] Coverage Validator Unit Tests - /Users/trivedi/Documents/Projects/optipod/test/e2e/integration_components_test.go:45 @ 12/13/25 11:03:36.327&#xA;&lt; Exit [AfterEach] Coverage Validator Unit Tests - /Users/trivedi/Documents/Projects/optipod/test/e2e/integration_components_test.go:45 @ 12/13/25 11:03:36.328 (0s)&#xA;</system-err>
          </testcase>
          <testcase name="[It] Coverage Validator Unit Tests Requirements Parsing should handle missing requirements file" classname="e2e suite" status="passed" time="0.000240239">
              <system-err>&gt; Enter [BeforeEach] Coverage Validator Unit Tests - /Users/trivedi/Documents/Projects/optipod/test/e2e/integration_components_test.go:32 @ 12/13/25 11:03:36.328&#xA;&lt; Exit [BeforeEach] Coverage Validator Unit Tests - /Users/trivedi/Documents/Projects/optipod/test/e2e/integration_components_test.go:32 @ 12/13/25 11:03:36.328 (0s)&#xA;&gt; Enter [It] should handle missing requirements file - /Users/trivedi/Documents/Projects/optipod/test/e2e/integration_components_test.go:85 @ 12/13/25 11:03:36.328&#xA;&lt; Exit [It] should handle missing requirements file - /Users/trivedi/Documents/Projects/optipod/test/e2e/integration_components_test.go:85 @ 12/13/25 11:03:36.328 (0s)&#xA;&gt; Enter [AfterEach] Coverage Validator Unit Tests - /Users/trivedi/Documents/Projects/optipod/test/e2e/integration_components_test.go:45 @ 12/13/25 11:03:36.328&#xA;&lt; Exit [AfterEach] Coverage Validator Unit Tests - /Users/trivedi/Documents/Projects/optipod/test/e2e/integration_components_test.go:45 @ 12/13/25 11:03:36.328 (0s)&#xA;</system-err>
          </testcase>
          <testcase name="[It] Coverage Validator Unit Tests Properties Parsing should parse properties from design file" classname="e2e suite" status="passed" time="0.000805131">
              <system-err>&gt; Enter [BeforeEach] Coverage Validator Unit Tests - /Users/trivedi/Documents/Projects/optipod/test/e2e/integration_components_test.go:32 @ 12/13/25 11:03:36.328&#xA;&lt; Exit [BeforeEach] Coverage Validator Unit Tests - /Users/trivedi/Documents/Projects/optipod/test/e2e/integration_components_test.go:32 @ 12/13/25 11:03:36.328 (0s)&#xA;&gt; Enter [It] should parse properties from design file - /Users/trivedi/Documents/Projects/optipod/test/e2e/integration_components_test.go:93 @ 12/13/25 11:03:36.328&#xA;&lt; Exit [It] should parse properties from design file - /Users/trivedi/Documents/Projects/optipod/test/e2e/integration_components_test.go:93 @ 12/13/25 11:03:36.329 (0s)&#xA;&gt; Enter [AfterEach] Coverage Validator Unit Tests - /Users/trivedi/Documents/Projects/optipod/test/e2e/integration_components_test.go:45 @ 12/13/25 11:03:36.329&#xA;&lt; Exit [AfterEach] Coverage Validator Unit Tests - /Users/trivedi/Documents/Projects/optipod/test/e2e/integration_components_test.go:45 @ 12/13/25 11:03:36.329 (0s)&#xA;</system-err>
          </testcase>
          <testcase name="[It] Coverage Validator Unit Tests Properties Parsing should handle design file without properties" classname="e2e suite" status="passed" time="0.000797041">
              <system-err>&gt; Enter [BeforeEach] Coverage Validator Unit Tests - /Users/trivedi/Documents/Projects/optipod/test/e2e/integration_components_test.go:32 @ 12/13/25 11:03:36.329&#xA;&lt; Exit [BeforeEach] Coverage Validator Unit Tests - /Users/trivedi/Documents/Projects/optipod/test/e2e/integration_components_test.go:32 @ 12/13/25 11:03:36.329 (0s)&#xA;&gt; Enter [It] should handle design file without properties - /Users/trivedi/Documents/Projects/optipod/test/e2e/integration_components_test.go:116 @ 12/13/25 11:03:36.329&#xA;&lt; Exit [It] should handle design file without properties - /Users/trivedi/Documents/Projects/optipod/test/e2e/integration_components_test.go:116 @ 12/13/25 11:03:36.329 (0s)&#xA;&gt; Enter [AfterEach] Coverage Validator Unit Tests - /Users/trivedi/Documents/Projects/optipod/test/e2e/integration_components_test.go:45 @ 12/13/25 11:03:36.329&#xA;&lt; Exit [AfterEach] Coverage Validator Unit Tests - /Users/trivedi/Documents/Projects/optipod/test/e2e/integration_components_test.go:45 @ 12/13/25 11:03:36.33 (0s)&#xA;</system-err>
          </testcase>
          <testcase name="[It] Coverage Validator Unit Tests Test File Scanning should find test files in directory" classname="e2e suite" status="passed" time="0.00145872">
              <system-err>&gt; Enter [BeforeEach] Coverage Validator Unit Tests - /Users/trivedi/Documents/Projects/optipod/test/e2e/integration_components_test.go:32 @ 12/13/25 11:03:36.33&#xA;&lt; Exit [BeforeEach] Coverage Validator Unit Tests - /Users/trivedi/Documents/Projects/optipod/test/e2e/integration_components_test.go:32 @ 12/13/25 11:03:36.33 (0s)&#xA;&gt; Enter [It] should find test files in directory - /Users/trivedi/Documents/Projects/optipod/test/e2e/integration_components_test.go:132 @ 12/13/25 11:03:36.33&#xA;&lt; Exit [It] should find test files in directory - /Users/trivedi/Documents/Projects/optipod/test/e2e/integration_components_test.go:132 @ 12/13/25 11:03:36.331 (1ms)&#xA;&gt; Enter [AfterEach] Coverage Validator Unit Tests - /Users/trivedi/Documents/Projects/optipod/test/e2e/integration_components_test.go:45 @ 12/13/25 11:03:36.331&#xA;&lt; Exit [AfterEach] Coverage Validator Unit Tests - /Users/trivedi/Documents/Projects/optipod/test/e2e/integration_components_test.go:45 @ 12/13/25 11:03:36.331 (1ms)&#xA;</system-err>
          </testcase>
          <testcase name="[It] Coverage Validator Unit Tests Test File Scanning should handle directory with no test files" classname="e2e suite" status="passed" time="0.000311181">
              <system-err>&gt; Enter [BeforeEach] Coverage Validator Unit Tests - /Users/trivedi/Documents/Projects/optipod/test/e2e/integration_components_test.go:32 @ 12/13/25 11:03:36.331&#xA;&lt; Exit [BeforeEach] Coverage Validator Unit Tests - /Users/trivedi/Documents/Projects/optipod/test/e2e/integration_components_test.go:32 @ 12/13/25 11:03:36.331 (0s)&#xA;&gt; Enter [It] should handle directory with no test files - /Users/trivedi/Documents/Projects/optipod/test/e2e/integration_components_test.go:159 @ 12/13/25 11:03:36.331&#xA;&lt; Exit [It] should handle directory with no test files - /Users/trivedi/Documents/Projects/optipod/test/e2e/integration_components_test.go:159 @ 12/13/25 11:03:36.332 (0s)&#xA;&gt; Enter [AfterEach] Coverage Validator Unit Tests - /Users/trivedi/Documents/Projects/optipod/test/e2e/integration_components_test.go:45 @ 12/13/25 11:03:36.332&#xA;&lt; Exit [AfterEach] Coverage Validator Unit Tests - /Users/trivedi/Documents/Projects/optipod/test/e2e/integration_components_test.go:45 @ 12/13/25 11:03:36.332 (0s)&#xA;</system-err>
          </testcase>
          <testcase name="[It] Coverage Validator Unit Tests Requirement Coverage Analysis should analyze requirement coverage correctly" classname="e2e suite" status="passed" time="0.000817417">
              <system-err>&gt; Enter [BeforeEach] Coverage Validator Unit Tests - /Users/trivedi/Documents/Projects/optipod/test/e2e/integration_components_test.go:32 @ 12/13/25 11:03:36.332&#xA;&lt; Exit [BeforeEach] Coverage Validator Unit Tests - /Users/trivedi/Documents/Projects/optipod/test/e2e/integration_components_test.go:32 @ 12/13/25 11:03:36.332 (0s)&#xA;&gt; Enter [It] should analyze requirement coverage correctly - /Users/trivedi/Documents/Projects/optipod/test/e2e/integration_components_test.go:167 @ 12/13/25 11:03:36.332&#xA;&lt; Exit [It] should analyze requirement coverage correctly - /Users/trivedi/Documents/Projects/optipod/test/e2e/integration_components_test.go:167 @ 12/13/25 11:03:36.332 (0s)&#xA;&gt; Enter [AfterEach] Coverage Validator Unit Tests - /Users/trivedi/Documents/Projects/optipod/test/e2e/integration_components_test.go:45 @ 12/13/25 11:03:36.332&#xA;&lt; Exit [AfterEach] Coverage Validator Unit Tests - /Users/trivedi/Documents/Projects/optipod/test/e2e/integration_components_test.go:45 @ 12/13/25 11:03:36.332 (0s)&#xA;</system-err>
          </testcase>
          <testcase name="[It] Coverage Validator Unit Tests Property Coverage Analysis should analyze property coverage correctly" classname="e2e suite" status="passed" time="0.000980956">
              <system-err>&gt; Enter [BeforeEach] Coverage Validator Unit Tests - /Users/trivedi/Documents/Projects/optipod/test/e2e/integration_components_test.go:32 @ 12/13/25 11:03:36.333&#xA;&lt; Exit [BeforeEach] Coverage Validator Unit Tests - /Users/trivedi/Documents/Projects/optipod/test/e2e/integration_components_test.go:32 @ 12/13/25 11:03:36.333 (0s)&#xA;&gt; Enter [It] should analyze property coverage correctly - /Users/trivedi/Documents/Projects/optipod/test/e2e/integration_components_test.go:200 @ 12/13/25 11:03:36.333&#xA;&lt; Exit [It] should analyze property coverage correctly - /Users/trivedi/Documents/Projects/optipod/test/e2e/integration_components_test.go:200 @ 12/13/25 11:03:36.333 (1ms)&#xA;&gt; Enter [AfterEach] Coverage Validator Unit Tests - /Users/trivedi/Documents/Projects/optipod/test/e2e/integration_components_test.go:45 @ 12/13/25 11:03:36.333&#xA;&lt; Exit [AfterEach] Coverage Validator Unit Tests - /Users/trivedi/Documents/Projects/optipod/test/e2e/integration_components_test.go:45 @ 12/13/25 11:03:36.333 (0s)&#xA;</system-err>
          </testcase>
          <testcase name="[It] Coverage Validator Unit Tests Coverage Calculation should calculate coverage percentage correctly" classname="e2e suite" status="passed" time="0.000248025">
              <system-err>&gt; Enter [BeforeEach] Coverage Validator Unit Tests - /Users/trivedi/Documents/Projects/optipod/test/e2e/integration_components_test.go:32 @ 12/13/25 11:03:36.334&#xA;&lt; Exit [BeforeEach] Coverage Validator Unit Tests - /Users/trivedi/Documents/Projects/optipod/test/e2e/integration_components_test.go:32 @ 12/13/25 11:03:36.334 (0s)&#xA;&gt; Enter [It] should calculate coverage percentage correctly - /Users/trivedi/Documents/Projects/optipod/test/e2e/integration_components_test.go:233 @ 12/13/25 11:03:36.334&#xA;&lt; Exit [It] should calculate coverage percentage correctly - /Users/trivedi/Documents/Projects/optipod/test/e2e/integration_components_test.go:233 @ 12/13/25 11:03:36.334 (0s)&#xA;&gt; Enter [AfterEach] Coverage Validator Unit Tests - /Users/trivedi/Documents/Projects/optipod/test/e2e/integration_components_test.go:45 @ 12/13/25 11:03:36.334&#xA;&lt; Exit [AfterEach] Coverage Validator Unit Tests - /Users/trivedi/Documents/Projects/optipod/test/e2e/integration_components_test.go:45 @ 12/13/25 11:03:36.334 (0s)&#xA;</system-err>
          </testcase>
          <testcase name="[It] Coverage Validator Unit Tests Coverage Calculation should handle empty report" classname="e2e suite" status="passed" time="0.000227913">
              <system-err>&gt; Enter [BeforeEach] Coverage Validator Unit Tests - /Users/trivedi/Documents/Projects/optipod/test/e2e/integration_components_test.go:32 @ 12/13/25 11:03:36.334&#xA;&lt; Exit [BeforeEach] Coverage Validator Unit Tests - /Users/trivedi/Documents/Projects/optipod/test/e2e/integration_components_test.go:32 @ 12/13/25 11:03:36.334 (0s)&#xA;&gt; Enter [It] should handle empty report - /Users/trivedi/Documents/Projects/optipod/test/e2e/integration_components_test.go:252 @ 12/13/25 11:03:36.334&#xA;&lt; Exit [It] should handle empty report - /Users/trivedi/Documents/Projects/optipod/test/e2e/integration_components_test.go:252 @ 12/13/25 11:03:36.334 (0s)&#xA;&gt; Enter [AfterEach] Coverage Validator Unit Tests - /Users/trivedi/Documents/Projects/optipod/test/e2e/integration_components_test.go:45 @ 12/13/25 11:03:36.334&#xA;&lt; Exit [AfterEach] Coverage Validator Unit Tests - /Users/trivedi/Documents/Projects/optipod/test/e2e/integration_components_test.go:45 @ 12/13/25 11:03:36.334 (0s)&#xA;</system-err>
          </testcase>
          <testcase name="[It] Coverage Validator Unit Tests Missing Coverage Identification should identify missing coverage correctly" classname="e2e suite" status="passed" time="0.00024523">
              <system-err>&gt; Enter [BeforeEach] Coverage Validator Unit Tests - /Users/trivedi/Documents/Projects/optipod/test/e2e/integration_components_test.go:32 @ 12/13/25 11:03:36.334&#xA;&lt; Exit [BeforeEach] Coverage Validator Unit Tests - /Users/trivedi/Documents/Projects/optipod/test/e2e/integration_components_test.go:32 @ 12/13/25 11:03:36.334 (0s)&#xA;&gt; Enter [It] should identify missing coverage correctly - /Users/trivedi/Documents/Projects/optipod/test/e2e/integration_components_test.go:264 @ 12/13/25 11:03:36.334&#xA;&lt; Exit [It] should identify missing coverage correctly - /Users/trivedi/Documents/Projects/optipod/test/e2e/integration_components_test.go:264 @ 12/13/25 11:03:36.334 (0s)&#xA;&gt; Enter [AfterEach] Coverage Validator Unit Tests - /Users/trivedi/Documents/Projects/optipod/test/e2e/integration_components_test.go:45 @ 12/13/25 11:03:36.334&#xA;&lt; Exit [AfterEach] Coverage Validator Unit Tests - /Users/trivedi/Documents/Projects/optipod/test/e2e/integration_components_test.go:45 @ 12/13/25 11:03:36.334 (0s)&#xA;</system-err>
          </testcase>
          <testcase name="[It] Coverage Validator Unit Tests Recommendations Generation should generate appropriate recommendations" classname="e2e suite" status="passed" time="0.000252035">
              <system-err>&gt; Enter [BeforeEach] Coverage Validator Unit Tests - /Users/trivedi/Documents/Projects/optipod/test/e2e/integration_components_test.go:32 @ 12/13/25 11:03:36.334&#xA;&lt; Exit [BeforeEach] Coverage Validator Unit Tests - /Users/trivedi/Documents/Projects/optipod/test/e2e/integration_components_test.go:32 @ 12/13/25 11:03:36.335 (0s)&#xA;&gt; Enter [It] should generate appropriate recommendations - /Users/trivedi/Documents/Projects/optipod/test/e2e/integration_components_test.go:284 @ 12/13/25 11:03:36.335&#xA;&lt; Exit [It] should generate appropriate recommendations - /Users/trivedi/Documents/Projects/optipod/test/e2e/integration_components_test.go:284 @ 12/13/25 11:03:36.335 (0s)&#xA;&gt; Enter [AfterEach] Coverage Validator Unit Tests - /Users/trivedi/Documents/Projects/optipod/test/e2e/integration_components_test.go:45 @ 12/13/25 11:03:36.335&#xA;&lt; Exit [AfterEach] Coverage Validator Unit Tests - /Users/trivedi/Documents/Projects/optipod/test/e2e/integration_components_test.go:45 @ 12/13/25 11:03:36.335 (0s)&#xA;</system-err>
          </testcase>
          <testcase name="[It] Error Handling Property Tests should handle invalid configurations robustly CPU min greater than max" classname="e2e suite" status="skipped" time="0">
              <skipped message="skipped"></skipped>
          </testcase>
          <testcase name="[It] Error Handling Property Tests should handle invalid configurations robustly Memory min greater than max" classname="e2e suite" status="skipped" time="0">
              <skipped message="skipped"></skipped>
          </testcase>
          <testcase name="[It] Error Handling Property Tests should handle invalid configurations robustly Zero CPU minimum" classname="e2e suite" status="skipped" time="0">
              <skipped message="skipped"></skipped>
          </testcase>
          <testcase name="[It] Error Handling Property Tests should handle invalid configurations robustly Invalid safety factor" classname="e2e suite" status="skipped" time="0">
              <skipped message="skipped"></skipped>
          </testcase>
          <testcase name="[It] Error Handling Property Tests should handle invalid configurations robustly Missing selectors" classname="e2e suite" status="skipped" time="0">
              <skipped message="skipped"></skipped>
          </testcase>
          <testcase name="[It] Error Handling Property Tests should enforce memory decrease safety prevent unsafe memory decrease with high safety factor" classname="e2e suite" status="skipped" time="0">
              <skipped message="skipped"></skipped>
          </testcase>
          <testcase name="[It] Error Handling Property Tests should enforce memory decrease safety flag unsafe memory decrease with low safety factor" classname="e2e suite" status="skipped" time="0">
              <skipped message="skipped"></skipped>
          </testcase>
          <testcase name="[It] Error Handling Property Tests should enforce memory decrease safety maintain safety threshold with minimal bounds" classname="e2e suite" status="skipped" time="0">
              <skipped message="skipped"></skipped>
          </testcase>
          <testcase name="[It] Test Suite Validation Test Suite Health Validation should validate test suite health successfully" classname="e2e suite" status="skipped" time="0">
              <skipped message="skipped"></skipped>
          </testcase>
          <testcase name="[It] Test Suite Validation Test Suite Health Validation should detect cluster connectivity issues" classname="e2e suite" status="skipped" time="0">
              <skipped message="skipped"></skipped>
          </testcase>
          <testcase name="[It] Test Suite Validation Test Suite Health Validation should validate test structure correctly" classname="e2e suite" status="skipped" time="0">
              <skipped message="skipped"></skipped>
          </testcase>
          <testcase name="[It] Test Suite Validation Test Suite Health Validation should validate helper components" classname="e2e suite" status="skipped" time="0">
              <skipped message="skipped"></skipped>
          </testcase>
          <testcase name="[It] Test Suite Validation Test Suite Health Validation should calculate quality metrics appropriately" classname="e2e suite" status="skipped" time="0">
              <skipped message="skipped"></skipped>
          </testcase>
          <testcase name="[It] Test Suite Validation Test Suite Health Validation should generate appropriate recommendations" classname="e2e suite" status="skipped" time="0">
              <skipped message="skipped"></skipped>
          </testcase>
          <testcase name="[It] Test Suite Validation Health Status Calculation should calculate healthy status correctly" classname="e2e suite" status="skipped" time="0">
              <skipped message="skipped"></skipped>
          </testcase>
          <testcase name="[It] Test Suite Validation Health Status Calculation should calculate degraded status correctly" classname="e2e suite" status="skipped" time="0">
              <skipped message="skipped"></skipped>
          </testcase>
          <testcase name="[It] Test Suite Validation Health Status Calculation should calculate unhealthy status correctly" classname="e2e suite" status="skipped" time="0">
              <skipped message="skipped"></skipped>
          </testcase>
          <testcase name="[It] Test Suite Validation Quick Health Check should perform quick health check successfully" classname="e2e suite" status="skipped" time="0">
              <skipped message="skipped"></skipped>
          </testcase>
          <testcase name="[It] Error Handling Unit Tests Error Message Formatting should format configuration validation errors correctly" classname="e2e suite" status="passed" time="3.2052e-05">
              <system-err>&gt; Enter [BeforeEach] Error Handling Unit Tests - /Users/trivedi/Documents/Projects/optipod/test/e2e/error_handling_unit_test.go:32 @ 12/13/25 11:03:36.335&#xA;&lt; Exit [BeforeEach] Error Handling Unit Tests - /Users/trivedi/Documents/Projects/optipod/test/e2e/error_handling_unit_test.go:32 @ 12/13/25 11:03:36.335 (0s)&#xA;&gt; Enter [It] should format configuration validation errors correctly - /Users/trivedi/Documents/Projects/optipod/test/e2e/error_handling_unit_test.go:37 @ 12/13/25 11:03:36.335&#xA;&lt; Exit [It] should format configuration validation errors correctly - /Users/trivedi/Documents/Projects/optipod/test/e2e/error_handling_unit_test.go:37 @ 12/13/25 11:03:36.335 (0s)&#xA;</system-err>
          </testcase>
          <testcase name="[It] Error Handling Unit Tests Error Message Formatting should validate error message content" classname="e2e suite" status="passed" time="2.4108e-05">
              <system-err>&gt; Enter [BeforeEach] Error Handling Unit Tests - /Users/trivedi/Documents/Projects/optipod/test/e2e/error_handling_unit_test.go:32 @ 12/13/25 11:03:36.335&#xA;&lt; Exit [BeforeEach] Error Handling Unit Tests - /Users/trivedi/Documents/Projects/optipod/test/e2e/error_handling_unit_test.go:32 @ 12/13/25 11:03:36.335 (0s)&#xA;&gt; Enter [It] should validate error message content - /Users/trivedi/Documents/Projects/optipod/test/e2e/error_handling_unit_test.go:57 @ 12/13/25 11:03:36.335&#xA;&lt; Exit [It] should validate error message content - /Users/trivedi/Documents/Projects/optipod/test/e2e/error_handling_unit_test.go:57 @ 12/13/25 11:03:36.335 (0s)&#xA;</system-err>
          </testcase>
          <testcase name="[It] Error Handling Unit Tests Error Message Formatting should detect missing error messages" classname="e2e suite" status="passed" time="1.875e-05">
              <system-err>&gt; Enter [BeforeEach] Error Handling Unit Tests - /Users/trivedi/Documents/Projects/optipod/test/e2e/error_handling_unit_test.go:32 @ 12/13/25 11:03:36.335&#xA;&lt; Exit [BeforeEach] Error Handling Unit Tests - /Users/trivedi/Documents/Projects/optipod/test/e2e/error_handling_unit_test.go:32 @ 12/13/25 11:03:36.335 (0s)&#xA;&gt; Enter [It] should detect missing error messages - /Users/trivedi/Documents/Projects/optipod/test/e2e/error_handling_unit_test.go:71 @ 12/13/25 11:03:36.335&#xA;&lt; Exit [It] should detect missing error messages - /Users/trivedi/Documents/Projects/optipod/test/e2e/error_handling_unit_test.go:71 @ 12/13/25 11:03:36.335 (0s)&#xA;</system-err>
          </testcase>
          <testcase name="[It] Error Handling Unit Tests Error Message Formatting should validate error message clarity" classname="e2e suite" status="passed" time="2.4146e-05">
              <system-err>&gt; Enter [BeforeEach] Error Handling Unit Tests - /Users/trivedi/Documents/Projects/optipod/test/e2e/error_handling_unit_test.go:32 @ 12/13/25 11:03:36.335&#xA;&lt; Exit [BeforeEach] Error Handling Unit Tests - /Users/trivedi/Documents/Projects/optipod/test/e2e/error_handling_unit_test.go:32 @ 12/13/25 11:03:36.335 (0s)&#xA;&gt; Enter [It] should validate error message clarity - /Users/trivedi/Documents/Projects/optipod/test/e2e/error_handling_unit_test.go:77 @ 12/13/25 11:03:36.335&#xA;&lt; Exit [It] should validate error message clarity - /Users/trivedi/Documents/Projects/optipod/test/e2e/error_handling_unit_test.go:77 @ 12/13/25 11:03:36.335 (0s)&#xA;</system-err>
          </testcase>
          <testcase name="[It] Error Handling Unit Tests Configuration Validation Logic should validate configuration rejection reasons" classname="e2e suite" status="passed" time="2.2725e-05">
              <system-err>&gt; Enter [BeforeEach] Error Handling Unit Tests - /Users/trivedi/Documents/Projects/optipod/test/e2e/error_handling_unit_test.go:32 @ 12/13/25 11:03:36.335&#xA;&lt; Exit [BeforeEach] Error Handling Unit Tests - /Users/trivedi/Documents/Projects/optipod/test/e2e/error_handling_unit_test.go:32 @ 12/13/25 11:03:36.335 (0s)&#xA;&gt; Enter [It] should validate configuration rejection reasons - /Users/trivedi/Documents/Projects/optipod/test/e2e/error_handling_unit_test.go:106 @ 12/13/25 11:03:36.335&#xA;&lt; Exit [It] should validate configuration rejection reasons - /Users/trivedi/Documents/Projects/optipod/test/e2e/error_handling_unit_test.go:106 @ 12/13/25 11:03:36.335 (0s)&#xA;</system-err>
          </testcase>
          <testcase name="[It] Error Handling Unit Tests Configuration Validation Logic should validate graceful degradation behavior" classname="e2e suite" status="passed" time="1.8943e-05">
              <system-err>&gt; Enter [BeforeEach] Error Handling Unit Tests - /Users/trivedi/Documents/Projects/optipod/test/e2e/error_handling_unit_test.go:32 @ 12/13/25 11:03:36.335&#xA;&lt; Exit [BeforeEach] Error Handling Unit Tests - /Users/trivedi/Documents/Projects/optipod/test/e2e/error_handling_unit_test.go:32 @ 12/13/25 11:03:36.335 (0s)&#xA;&gt; Enter [It] should validate graceful degradation behavior - /Users/trivedi/Documents/Projects/optipod/test/e2e/error_handling_unit_test.go:138 @ 12/13/25 11:03:36.335&#xA;&lt; Exit [It] should validate graceful degradation behavior - /Users/trivedi/Documents/Projects/optipod/test/e2e/error_handling_unit_test.go:138 @ 12/13/25 11:03:36.335 (0s)&#xA;</system-err>
          </testcase>
          <testcase name="[It] Error Handling Unit Tests Configuration Validation Logic should validate error recovery mechanisms" classname="e2e suite" status="passed" time="2.3362e-05">
              <system-err>&gt; Enter [BeforeEach] Error Handling Unit Tests - /Users/trivedi/Documents/Projects/optipod/test/e2e/error_handling_unit_test.go:32 @ 12/13/25 11:03:36.335&#xA;&lt; Exit [BeforeEach] Error Handling Unit Tests - /Users/trivedi/Documents/Projects/optipod/test/e2e/error_handling_unit_test.go:32 @ 12/13/25 11:03:36.335 (0s)&#xA;&gt; Enter [It] should validate error recovery mechanisms - /Users/trivedi/Documents/Projects/optipod/test/e2e/error_handling_unit_test.go:150 @ 12/13/25 11:03:36.335&#xA;&lt; Exit [It] should validate error recovery mechanisms - /Users/trivedi/Documents/Projects/optipod/test/e2e/error_handling_unit_test.go:150 @ 12/13/25 11:03:36.335 (0s)&#xA;</system-err>
          </testcase>
          <testcase name="[It] Error Handling Unit Tests Retry Logic Validation should validate retry behavior for transient errors" classname="e2e suite" status="passed" time="2.2608e-05">
              <system-err>&gt; Enter [BeforeEach] Error Handling Unit Tests - /Users/trivedi/Documents/Projects/optipod/test/e2e/error_handling_unit_test.go:32 @ 12/13/25 11:03:36.335&#xA;&lt; Exit [BeforeEach] Error Handling Unit Tests - /Users/trivedi/Documents/Projects/optipod/test/e2e/error_handling_unit_test.go:32 @ 12/13/25 11:03:36.335 (0s)&#xA;&gt; Enter [It] should validate retry behavior for transient errors - /Users/trivedi/Documents/Projects/optipod/test/e2e/error_handling_unit_test.go:167 @ 12/13/25 11:03:36.335&#xA;&lt; Exit [It] should validate retry behavior for transient errors - /Users/trivedi/Documents/Projects/optipod/test/e2e/error_handling_unit_test.go:167 @ 12/13/25 11:03:36.335 (0s)&#xA;</system-err>
          </testcase>
          <testcase name="[It] Error Handling Unit Tests Retry Logic Validation should validate non-retry behavior for permanent errors" classname="e2e suite" status="passed" time="1.9572e-05">
              <system-err>&gt; Enter [BeforeEach] Error Handling Unit Tests - /Users/trivedi/Documents/Projects/optipod/test/e2e/error_handling_unit_test.go:32 @ 12/13/25 11:03:36.335&#xA;&lt; Exit [BeforeEach] Error Handling Unit Tests - /Users/trivedi/Documents/Projects/optipod/test/e2e/error_handling_unit_test.go:32 @ 12/13/25 11:03:36.335 (0s)&#xA;&gt; Enter [It] should validate non-retry behavior for permanent errors - /Users/trivedi/Documents/Projects/optipod/test/e2e/error_handling_unit_test.go:183 @ 12/13/25 11:03:36.335&#xA;&lt; Exit [It] should validate non-retry behavior for permanent errors - /Users/trivedi/Documents/Projects/optipod/test/e2e/error_handling_unit_test.go:183 @ 12/13/25 11:03:36.335 (0s)&#xA;</system-err>
          </testcase>
          <testcase name="[It] Error Handling Unit Tests Retry Logic Validation should validate retry backoff behavior" classname="e2e suite" status="passed" time="1.7574e-05">
              <system-err>&gt; Enter [BeforeEach] Error Handling Unit Tests - /Users/trivedi/Documents/Projects/optipod/test/e2e/error_handling_unit_test.go:32 @ 12/13/25 11:03:36.335&#xA;&lt; Exit [BeforeEach] Error Handling Unit Tests - /Users/trivedi/Documents/Projects/optipod/test/e2e/error_handling_unit_test.go:32 @ 12/13/25 11:03:36.335 (0s)&#xA;&gt; Enter [It] should validate retry backoff behavior - /Users/trivedi/Documents/Projects/optipod/test/e2e/error_handling_unit_test.go:199 @ 12/13/25 11:03:36.335&#xA;&lt; Exit [It] should validate retry backoff behavior - /Users/trivedi/Documents/Projects/optipod/test/e2e/error_handling_unit_test.go:199 @ 12/13/25 11:03:36.335 (0s)&#xA;</system-err>
          </testcase>
          <testcase name="[It] Error Handling Unit Tests Memory Safety Validation should validate memory decrease safety thresholds" classname="e2e suite" status="passed" time="4.7331e-05">
              <system-err>&gt; Enter [BeforeEach] Error Handling Unit Tests - /Users/trivedi/Documents/Projects/optipod/test/e2e/error_handling_unit_test.go:32 @ 12/13/25 11:03:36.335&#xA;&lt; Exit [BeforeEach] Error Handling Unit Tests - /Users/trivedi/Documents/Projects/optipod/test/e2e/error_handling_unit_test.go:32 @ 12/13/25 11:03:36.335 (0s)&#xA;&gt; Enter [It] should validate memory decrease safety thresholds - /Users/trivedi/Documents/Projects/optipod/test/e2e/error_handling_unit_test.go:212 @ 12/13/25 11:03:36.335&#xA;&lt; Exit [It] should validate memory decrease safety thresholds - /Users/trivedi/Documents/Projects/optipod/test/e2e/error_handling_unit_test.go:212 @ 12/13/25 11:03:36.335 (0s)&#xA;</system-err>
          </testcase>
          <testcase name="[It] Error Handling Unit Tests Memory Safety Validation should validate memory safety warning generation" classname="e2e suite" status="passed" time="3.5825e-05">
              <system-err>&gt; Enter [BeforeEach] Error Handling Unit Tests - /Users/trivedi/Documents/Projects/optipod/test/e2e/error_handling_unit_test.go:32 @ 12/13/25 11:03:36.335&#xA;&lt; Exit [BeforeEach] Error Handling Unit Tests - /Users/trivedi/Documents/Projects/optipod/test/e2e/error_handling_unit_test.go:32 @ 12/13/25 11:03:36.335 (0s)&#xA;&gt; Enter [It] should validate memory safety warning generation - /Users/trivedi/Documents/Projects/optipod/test/e2e/error_handling_unit_test.go:238 @ 12/13/25 11:03:36.335&#xA;&lt; Exit [It] should validate memory safety warning generation - /Users/trivedi/Documents/Projects/optipod/test/e2e/error_handling_unit_test.go:238 @ 12/13/25 11:03:36.335 (0s)&#xA;</system-err>
          </testcase>
          <testcase name="[It] Error Handling Unit Tests Concurrent Safety Validation should validate concurrent modification safety" classname="e2e suite" status="passed" time="2.035e-05">
[...]
          </testcase>
          <testcase name="[It] Observability Unit Tests LogValidator should handle empty logs" classname="e2e suite" status="passed" time="4.631e-05">
              <system-err>&gt; Enter [BeforeEach] LogValidator - /Users/trivedi/Documents/Projects/optipod/test/e2e/observability_unit_test.go:137 @ 12/13/25 11:03:36.44&#xA;&lt; Exit [BeforeEach] LogValidator - /Users/trivedi/Documents/Projects/optipod/test/e2e/observability_unit_test.go:137 @ 12/13/25 11:03:36.44 (0s)&#xA;&gt; Enter [It] should handle empty logs - /Users/trivedi/Documents/Projects/optipod/test/e2e/observability_unit_test.go:217 @ 12/13/25 11:03:36.44&#xA;&lt; Exit [It] should handle empty logs - /Users/trivedi/Documents/Projects/optipod/test/e2e/observability_unit_test.go:217 @ 12/13/25 11:03:36.44 (0s)&#xA;</system-err>
          </testcase>
          <testcase name="[It] Observability Unit Tests LogValidator should handle invalid regex patterns gracefully" classname="e2e suite" status="passed" time="3.8316e-05">
              <system-err>&gt; Enter [BeforeEach] LogValidator - /Users/trivedi/Documents/Projects/optipod/test/e2e/observability_unit_test.go:137 @ 12/13/25 11:03:36.44&#xA;&lt; Exit [BeforeEach] LogValidator - /Users/trivedi/Documents/Projects/optipod/test/e2e/observability_unit_test.go:137 @ 12/13/25 11:03:36.44 (0s)&#xA;&gt; Enter [It] should handle invalid regex patterns gracefully - /Users/trivedi/Documents/Projects/optipod/test/e2e/observability_unit_test.go:228 @ 12/13/25 11:03:36.44&#xA;&lt; Exit [It] should handle invalid regex patterns gracefully - /Users/trivedi/Documents/Projects/optipod/test/e2e/observability_unit_test.go:228 @ 12/13/25 11:03:36.44 (0s)&#xA;</system-err>
          </testcase>
          <testcase name="[It] Observability Unit Tests LogValidator should validate case-insensitive patterns" classname="e2e suite" status="passed" time="3.6968e-05">
              <system-err>&gt; Enter [BeforeEach] LogValidator - /Users/trivedi/Documents/Projects/optipod/test/e2e/observability_unit_test.go:137 @ 12/13/25 11:03:36.44&#xA;&lt; Exit [BeforeEach] LogValidator - /Users/trivedi/Documents/Projects/optipod/test/e2e/observability_unit_test.go:137 @ 12/13/25 11:03:36.44 (0s)&#xA;&gt; Enter [It] should validate case-insensitive patterns - /Users/trivedi/Documents/Projects/optipod/test/e2e/observability_unit_test.go:240 @ 12/13/25 11:03:36.44&#xA;&lt; Exit [It] should validate case-insensitive patterns - /Users/trivedi/Documents/Projects/optipod/test/e2e/observability_unit_test.go:240 @ 12/13/25 11:03:36.44 (0s)&#xA;</system-err>
          </testcase>
          <testcase name="[It] Observability Unit Tests Metrics Format Validation should validate Prometheus metric naming conventions" classname="e2e suite" status="passed" time="4.2434e-05">
              <system-err>&gt; Enter [It] should validate Prometheus metric naming conventions - /Users/trivedi/Documents/Projects/optipod/test/e2e/observability_unit_test.go:256 @ 12/13/25 11:03:36.44&#xA;&lt; Exit [It] should validate Prometheus metric naming conventions - /Users/trivedi/Documents/Projects/optipod/test/e2e/observability_unit_test.go:256 @ 12/13/25 11:03:36.44 (0s)&#xA;</system-err>
          </testcase>
          <testcase name="[It] Observability Unit Tests Metrics Format Validation should validate metric suffixes" classname="e2e suite" status="passed" time="1.5905e-05">
              <system-err>&gt; Enter [It] should validate metric suffixes - /Users/trivedi/Documents/Projects/optipod/test/e2e/observability_unit_test.go:270 @ 12/13/25 11:03:36.44&#xA;&lt; Exit [It] should validate metric suffixes - /Users/trivedi/Documents/Projects/optipod/test/e2e/observability_unit_test.go:270 @ 12/13/25 11:03:36.44 (0s)&#xA;</system-err>
          </testcase>
          <testcase name="[It] Observability Unit Tests Metrics Format Validation should validate metric labels format" classname="e2e suite" status="passed" time="5.641e-05">
              <system-err>&gt; Enter [It] should validate metric labels format - /Users/trivedi/Documents/Projects/optipod/test/e2e/observability_unit_test.go:293 @ 12/13/25 11:03:36.441&#xA;&lt; Exit [It] should validate metric labels format - /Users/trivedi/Documents/Projects/optipod/test/e2e/observability_unit_test.go:293 @ 12/13/25 11:03:36.441 (0s)&#xA;</system-err>
          </testcase>
          <testcase name="[It] Observability Unit Tests Metrics Format Validation should reject invalid metric formats" classname="e2e suite" status="passed" time="0.000134584">
              <system-err>&gt; Enter [It] should reject invalid metric formats - /Users/trivedi/Documents/Projects/optipod/test/e2e/observability_unit_test.go:306 @ 12/13/25 11:03:36.441&#xA;&lt; Exit [It] should reject invalid metric formats - /Users/trivedi/Documents/Projects/optipod/test/e2e/observability_unit_test.go:306 @ 12/13/25 11:03:36.441 (0s)&#xA;</system-err>
          </testcase>
          <testcase name="[It] Observability Unit Tests Log Pattern Validation should validate common log patterns" classname="e2e suite" status="passed" time="9.494e-05">
              <system-err>&gt; Enter [It] should validate common log patterns - /Users/trivedi/Documents/Projects/optipod/test/e2e/observability_unit_test.go:326 @ 12/13/25 11:03:36.441&#xA;&lt; Exit [It] should validate common log patterns - /Users/trivedi/Documents/Projects/optipod/test/e2e/observability_unit_test.go:326 @ 12/13/25 11:03:36.441 (0s)&#xA;</system-err>
          </testcase>
          <testcase name="[It] Observability Unit Tests Log Pattern Validation should validate contextual information in logs" classname="e2e suite" status="passed" time="0.000108344">
              <system-err>&gt; Enter [It] should validate contextual information in logs - /Users/trivedi/Documents/Projects/optipod/test/e2e/observability_unit_test.go:349 @ 12/13/25 11:03:36.441&#xA;&lt; Exit [It] should validate contextual information in logs - /Users/trivedi/Documents/Projects/optipod/test/e2e/observability_unit_test.go:349 @ 12/13/25 11:03:36.441 (0s)&#xA;</system-err>
          </testcase>
          <testcase name="[It] Observability Unit Tests Log Pattern Validation should validate error log detail" classname="e2e suite" status="passed" time="5.7806e-05">
              <system-err>&gt; Enter [It] should validate error log detail - /Users/trivedi/Documents/Projects/optipod/test/e2e/observability_unit_test.go:368 @ 12/13/25 11:03:36.441&#xA;&lt; Exit [It] should validate error log detail - /Users/trivedi/Documents/Projects/optipod/test/e2e/observability_unit_test.go:368 @ 12/13/25 11:03:36.441 (0s)&#xA;</system-err>
          </testcase>
          <testcase name="[It] Observability Unit Tests Security Validation should detect various sensitive information patterns" classname="e2e suite" status="passed" time="9.5832e-05">
              <system-err>&gt; Enter [It] should detect various sensitive information patterns - /Users/trivedi/Documents/Projects/optipod/test/e2e/observability_unit_test.go:388 @ 12/13/25 11:03:36.441&#xA;&lt; Exit [It] should detect various sensitive information patterns - /Users/trivedi/Documents/Projects/optipod/test/e2e/observability_unit_test.go:388 @ 12/13/25 11:03:36.441 (0s)&#xA;</system-err>
          </testcase>
          <testcase name="[It] Observability Unit Tests Security Validation should allow safe log content" classname="e2e suite" status="passed" time="0.000121694">
              <system-err>&gt; Enter [It] should allow safe log content - /Users/trivedi/Documents/Projects/optipod/test/e2e/observability_unit_test.go:407 @ 12/13/25 11:03:36.441&#xA;&lt; Exit [It] should allow safe log content - /Users/trivedi/Documents/Projects/optipod/test/e2e/observability_unit_test.go:407 @ 12/13/25 11:03:36.441 (0s)&#xA;</system-err>
          </testcase>
          <testcase name="[It] Manager Manager should run successfully" classname="e2e suite" status="skipped" time="0">
              <skipped message="skipped"></skipped>
          </testcase>
          <testcase name="[It] Manager Manager should ensure the metrics endpoint is serving metrics" classname="e2e suite" status="skipped" time="0">
              <skipped message="skipped"></skipped>
          </testcase>
          <testcase name="[It] Manager Manager should create and validate OptimizationPolicy resources" classname="e2e suite" status="skipped" time="0">
              <skipped message="skipped"></skipped>
          </testcase>
          <testcase name="[It] Manager Manager should deploy sample workloads and discover them" classname="e2e suite" status="skipped" time="0">
              <skipped message="skipped"></skipped>
          </testcase>
          <testcase name="[It] Manager Manager should generate recommendations in Recommend mode" classname="e2e suite" status="skipped" time="0">
              <skipped message="skipped"></skipped>
          </testcase>
          <testcase name="[It] Manager Manager should apply recommendations in Auto mode" classname="e2e suite" status="skipped" time="0">
              <skipped message="skipped"></skipped>
          </testcase>
          <testcase name="[It] Manager Manager should respect resource bounds" classname="e2e suite" status="skipped" time="0">
              <skipped message="skipped"></skipped>
          </testcase>
          <testcase name="[It] Manager Manager should expose Prometheus metrics" classname="e2e suite" status="skipped" time="0">
              <skipped message="skipped"></skipped>
          </testcase>
          <testcase name="[It] Manager Manager should handle invalid policy configurations" classname="e2e suite" status="skipped" time="0">
              <skipped message="skipped"></skipped>
          </testcase>
          <testcase name="[It] Manager Manager should handle Disabled mode correctly" classname="e2e suite" status="skipped" time="0">
              <skipped message="skipped"></skipped>
          </testcase>
          <testcase name="[It] Manager Manager should clean up test resources" classname="e2e suite" status="skipped" time="0">
              <skipped message="skipped"></skipped>
          </testcase>
          <testcase name="[It] Test Coverage Validation Requirements Coverage Analysis should validate all requirements are covered by tests" classname="e2e suite" status="skipped" time="0">
              <skipped message="skipped"></skipped>
          </testcase>
          <testcase name="[It] Test Coverage Validation Requirements Coverage Analysis should identify missing test coverage" classname="e2e suite" status="skipped" time="0">
              <skipped message="skipped"></skipped>
          </testcase>
          <testcase name="[It] Test Coverage Validation Requirements Coverage Analysis should provide actionable recommendations" classname="e2e suite" status="skipped" time="0">
              <skipped message="skipped"></skipped>
          </testcase>
          <testcase name="[It] Test Coverage Validation Property Coverage Analysis should validate all correctness properties have corresponding tests" classname="e2e suite" status="skipped" time="0">
              <skipped message="skipped"></skipped>
          </testcase>
          <testcase name="[It] Test Coverage Validation Property Coverage Analysis should identify property-based tests" classname="e2e suite" status="skipped" time="0">
              <skipped message="skipped"></skipped>
          </testcase>
          <testcase name="[It] Test Coverage Validation Test Organization Analysis should validate test file organization" classname="e2e suite" status="skipped" time="0">
              <skipped message="skipped"></skipped>
          </testcase>
          <testcase name="[It] Test Coverage Validation Test Organization Analysis should validate helper components exist" classname="e2e suite" status="skipped" time="0">
              <skipped message="skipped"></skipped>
          </testcase>
          <testcase name="[It] Error Handling and Edge Cases Invalid Configuration Scenarios should reject policies with invalid CPU resource bounds (min &gt; max)" classname="e2e suite" status="skipped" time="0">
              <skipped message="skipped"></skipped>
          </testcase>
          <testcase name="[It] Error Handling and Edge Cases Invalid Configuration Scenarios should reject policies with invalid memory resource bounds (min &gt; max)" classname="e2e suite" status="skipped" time="0">
              <skipped message="skipped"></skipped>
          </testcase>
          <testcase name="[It] Error Handling and Edge Cases Invalid Configuration Scenarios should reject policies with zero resource bounds" classname="e2e suite" status="skipped" time="0">
              <skipped message="skipped"></skipped>
          </testcase>
          <testcase name="[It] Error Handling and Edge Cases Invalid Configuration Scenarios should reject policies with invalid safety factor" classname="e2e suite" status="skipped" time="0">
              <skipped message="skipped"></skipped>
          </testcase>
          <testcase name="[It] Error Handling and Edge Cases Invalid Configuration Scenarios should reject policies with missing required fields" classname="e2e suite" status="skipped" time="0">
              <skipped message="skipped"></skipped>
          </testcase>
          <testcase name="[It] Error Handling and Edge Cases Invalid Configuration Scenarios should reject policies with invalid mode values" classname="e2e suite" status="skipped" time="0">
              <skipped message="skipped"></skipped>
          </testcase>
          <testcase name="[It] Error Handling and Edge Cases Invalid Configuration Scenarios should reject policies without selectors" classname="e2e suite" status="skipped" time="0">
              <skipped message="skipped"></skipped>
          </testcase>
          <testcase name="[It] Error Handling and Edge Cases Invalid Configuration Scenarios should handle workloads with malformed resource specifications" classname="e2e suite" status="skipped" time="0">
              <skipped message="skipped"></skipped>
          </testcase>
          <testcase name="[It] Error Handling and Edge Cases Invalid Configuration Scenarios should validate configuration edge cases" classname="e2e suite" status="skipped" time="0">
              <skipped message="skipped"></skipped>
          </testcase>
          <testcase name="[It] Error Handling and Edge Cases Missing Metrics Scenarios should handle gracefully when metrics-server is unavailable" classname="e2e suite" status="skipped" time="0">
              <skipped message="skipped"></skipped>
          </testcase>
          <testcase name="[It] Error Handling and Edge Cases Missing Metrics Scenarios should handle fallback behavior when metrics are temporarily unavailable" classname="e2e suite" status="skipped" time="0">
              <skipped message="skipped"></skipped>
          </testcase>
          <testcase name="[It] Error Handling and Edge Cases Missing Metrics Scenarios should validate error reporting for metrics issues" classname="e2e suite" status="skipped" time="0">
              <skipped message="skipped"></skipped>
          </testcase>
          <testcase name="[It] Error Handling and Edge Cases Concurrent Modification Scenarios should handle concurrent policy updates correctly" classname="e2e suite" status="skipped" time="0">
              <skipped message="skipped"></skipped>
          </testcase>
          <testcase name="[It] Error Handling and Edge Cases Concurrent Modification Scenarios should handle concurrent workload modifications" classname="e2e suite" status="skipped" time="0">
              <skipped message="skipped"></skipped>
          </testcase>
          <testcase name="[It] Error Handling and Edge Cases Concurrent Modification Scenarios concurrent modification safety property concurrent policy updates" classname="e2e suite" status="skipped" time="0">
              <skipped message="skipped"></skipped>
          </testcase>
          <testcase name="[It] Error Handling and Edge Cases Concurrent Modification Scenarios concurrent modification safety property concurrent workload modifications" classname="e2e suite" status="skipped" time="0">
              <skipped message="skipped"></skipped>
          </testcase>
          <testcase name="[It] Error Handling and Edge Cases Concurrent Modification Scenarios concurrent modification safety property mixed concurrent operations" classname="e2e suite" status="skipped" time="0">
              <skipped message="skipped"></skipped>
          </testcase>
          <testcase name="[It] Error Handling and Edge Cases Memory Decrease Safety Scenarios should prevent unsafe memory decreases" classname="e2e suite" status="skipped" time="0">
              <skipped message="skipped"></skipped>
          </testcase>
          <testcase name="[It] Validation Result Reporting Report Generation should generate comprehensive validation reports" classname="e2e suite" status="skipped" time="0">
              <skipped message="skipped"></skipped>
          </testcase>
          <testcase name="[It] Artifact Generation Property Tests Property 13: Test artifact generation should generate appropriate test artifacts for different test scenarios successful test run" classname="e2e suite" status="skipped" time="0">
              <skipped message="skipped"></skipped>
          </testcase>
          <testcase name="[It] Artifact Generation Property Tests Property 13: Test artifact generation should generate appropriate test artifacts for different test scenarios failed test run" classname="e2e suite" status="skipped" time="0">
              <skipped message="skipped"></skipped>
          </testcase>
          <testcase name="[It] Artifact Generation Property Tests Property 13: Test artifact generation should generate appropriate test artifacts for different test scenarios minimal artifacts" classname="e2e suite" status="skipped" time="0">
              <skipped message="skipped"></skipped>
          </testcase>
          <testcase name="[It] Artifact Generation Property Tests Property 13: Test artifact generation should generate appropriate test artifacts for different test scenarios logs only" classname="e2e suite" status="skipped" time="0">
              <skipped message="skipped"></skipped>
          </testcase>
          <testcase name="[It] Artifact Generation Property Tests Property 13: Test artifact generation should generate appropriate test artifacts for different test scenarios reports only" classname="e2e suite" status="skipped" time="0">
              <skipped message="skipped"></skipped>
          </testcase>
          <testcase name="[It] Artifact Generation Property Tests Property 13: Test artifact generation should generate artifacts with proper naming conventions" classname="e2e suite" status="skipped" time="0">
              <skipped message="skipped"></skipped>
          </testcase>
          <testcase name="[It] Artifact Generation Property Tests Property 13: Test artifact generation should handle artifact generation failures gracefully" classname="e2e suite" status="skipped" time="0">
              <skipped message="skipped"></skipped>
          </testcase>
          <testcase name="[AfterSuite]" classname="e2e suite" status="passed" time="3.9268e-05">
              <system-err>&gt; Enter [AfterSuite] TOP-LEVEL - /Users/trivedi/Documents/Projects/optipod/test/e2e/e2e_suite_test.go:133 @ 12/13/25 11:03:36.442&#xA;STEP: cleaning up parallel test resources - /Users/trivedi/Documents/Projects/optipod/test/e2e/e2e_suite_test.go:134 @ 12/13/25 11:03:36.442&#xA;&lt; Exit [AfterSuite] TOP-LEVEL - /Users/trivedi/Documents/Projects/optipod/test/e2e/e2e_suite_test.go:133 @ 12/13/25 11:03:36.442 (0s)&#xA;</system-err>
          </testcase>
      </testsuite>
  </testsuites>