<?xml version="1.0" encoding="UTF-8"?>
  <testsuites tests="270" disabled="157" errors="0" failures="0" time="26.914074263">
      <testsuite name="e2e suite" package="/Users/trivedi/Documents/Projects/optipod/test/e2e" tests="270" disabled="2" skipped="155" errors="0" failures="0" time="26.914074263" timestamp="2025-12-13T11:09:00">
          <properties>
              <property name="SuiteSucceeded" value="true"></property>
              <property name="SuiteHasProgrammaticFocus" value="false"></property>
              <property name="SpecialSuiteFailureReason" value=""></property>
              <property name="SuiteLabels" value="[]"></property>
              <property name="RandomSeed" value="1765598940"></property>
              <property name="RandomizeAllSpecs" value="false"></property>
              <property name="LabelFilter" value=""></property>
              <property name="FocusStrings" value="Unit Tests"></property>
              <property name="SkipStrings" value=""></property>
              <property name="FocusFiles" value=""></property>
              <property name="SkipFiles" value=""></property>
              <property name="FailOnPending" value="false"></property>
              <property name="FailOnEmpty" value="false"></property>
              <property name="FailFast" value="false"></property>
              <property name="FlakeAttempts" value="0"></property>
              <property name="DryRun" value="false"></property>
              <property name="ParallelTotal" value="1"></property>
              <property name="OutputInterceptorMode" value=""></property>
          </properties>
          <testcase name="[BeforeSuite]" classname="e2e suite" status="passed" time="6.126336364">
              <system-err>&gt; Enter [BeforeSuite] TOP-LEVEL - /Users/trivedi/Documents/Projects/optipod/test/e2e/e2e_suite_test.go:69 @ 12/13/25 11:09:00.2&#xA;STEP: initializing Kubernetes client - /Users/trivedi/Documents/Projects/optipod/test/e2e/e2e_suite_test.go:70 @ 12/13/25 11:09:00.2&#xA;STEP: initializing parallel test execution - /Users/trivedi/Documents/Projects/optipod/test/e2e/e2e_suite_test.go:75 @ 12/13/25 11:09:00.202&#xA;Serial execution mode&#xA;STEP: initializing performance configuration - /Users/trivedi/Documents/Projects/optipod/test/e2e/e2e_suite_test.go:78 @ 12/13/25 11:09:00.202&#xA;Performance config initialized - Default timeout: 2m0s, Max retries: 3&#xA;STEP: building the manager(Operator) image - /Users/trivedi/Documents/Projects/optipod/test/e2e/e2e_suite_test.go:83 @ 12/13/25 11:09:00.202&#xA;running: &#34;make docker-build IMG=example.com/optipod:v0.0.1&#34;&#xA;STEP: loading the manager(Operator) image on Kind - /Users/trivedi/Documents/Projects/optipod/test/e2e/e2e_suite_test.go:90 @ 12/13/25 11:09:03.132&#xA;running: &#34;kind load docker-image example.com/optipod:v0.0.1 --name optipod-test-e2e&#34;&#xA;STEP: checking if cert manager is installed already - /Users/trivedi/Documents/Projects/optipod/test/e2e/e2e_suite_test.go:99 @ 12/13/25 11:09:06.14&#xA;running: &#34;kubectl get crds&#34;&#xA;WARNING: CertManager is already installed. Skipping installation...&#xA;STEP: checking if metrics-server is installed already - /Users/trivedi/Documents/Projects/optipod/test/e2e/e2e_suite_test.go:111 @ 12/13/25 11:09:06.247&#xA;running: &#34;kubectl get deployment metrics-server -n kube-system&#34;&#xA;WARNING: MetricsServer is already installed. Skipping installation...&#xA;STEP: waiting for parallel test stability - /Users/trivedi/Documents/Projects/optipod/test/e2e/e2e_suite_test.go:126 @ 12/13/25 11:09:06.327&#xA;&lt; Exit [BeforeSuite] TOP-LEVEL - /Users/trivedi/Documents/Projects/optipod/test/e2e/e2e_suite_test.go:69 @ 12/13/25 11:09:06.327 (6.126s)&#xA;</system-err>
          </testcase>
          <testcase name="[It] Server-Side Apply (SSA) End-to-End SSA Flow should apply resource changes using Server-Side Apply" classname="e2e suite" status="skipped" time="0">
              <skipped message="skipped"></skipped>
          </testcase>
          <testcase name="[It] Server-Side Apply (SSA) End-to-End SSA Flow should track apply method in workload status" classname="e2e suite" status="skipped" time="0">
              <skipped message="skipped"></skipped>
          </testcase>
          <testcase name="[It] Server-Side Apply (SSA) SSA with Strategic Merge Patch Fallback should use Strategic Merge Patch when SSA is disabled" classname="e2e suite" status="skipped" time="0">
              <skipped message="skipped"></skipped>
          </testcase>
          <testcase name="[It] Server-Side Apply (SSA) SSA with Multiple Field Managers should coexist with other field managers" classname="e2e suite" status="skipped" time="0">
              <skipped message="skipped"></skipped>
          </testcase>
          <testcase name="[It] Server-Side Apply (SSA) SSA Observability should emit events for SSA operations" classname="e2e suite" status="skipped" time="0">
              <skipped message="skipped"></skipped>
          </testcase>
          <testcase name="[It] Server-Side Apply (SSA) SSA Observability should expose SSA metrics" classname="e2e suite" status="skipped" time="0">
              <skipped message="skipped"></skipped>
          </testcase>
          <testcase name="[It] Server-Side Apply (SSA) ArgoCD Compatibility should coexist with ArgoCD without sync conflicts" classname="e2e suite" status="skipped" time="0">
              <skipped message="skipped"></skipped>
          </testcase>
          <testcase name="[It] Server-Side Apply (SSA) ArgoCD Compatibility should handle multiple OptipPod policies with ArgoCD" classname="e2e suite" status="skipped" time="0">
              <skipped message="skipped"></skipped>
          </testcase>
          <testcase name="[It] Server-Side Apply (SSA) Cleanup should clean up SSA test resources" classname="e2e suite" status="skipped" time="0">
              <skipped message="skipped"></skipped>
          </testcase>
          <testcase name="[It] Artifact Generation Property Tests Property 13: Test artifact generation should generate appropriate test artifacts for different test scenarios successful test run" classname="e2e suite" status="skipped" time="0">
              <skipped message="skipped"></skipped>
          </testcase>
          <testcase name="[It] Artifact Generation Property Tests Property 13: Test artifact generation should generate appropriate test artifacts for different test scenarios failed test run" classname="e2e suite" status="skipped" time="0">
              <skipped message="skipped"></skipped>
          </testcase>
          <testcase name="[It] Artifact Generation Property Tests Property 13: Test artifact generation should generate appropriate test artifacts for different test scenarios minimal artifacts" classname="e2e suite" status="skipped" time="0">
              <skipped message="skipped"></skipped>
          </testcase>
          <testcase name="[It] Artifact Generation Property Tests Property 13: Test artifact generation should generate appropriate test artifacts for different test scenarios logs only" classname="e2e suite" status="skipped" time="0">
              <skipped message="skipped"></skipped>
          </testcase>
          <testcase name="[It] Artifact Generation Property Tests Property 13: Test artifact generation should generate appropriate test artifacts for different test scenarios reports only" classname="e2e suite" status="skipped" time="0">
              <skipped message="skipped"></skipped>
          </testcase>
          <testcase name="[It] Artifact Generation Property Tests Property 13: Test artifact generation should generate artifacts with proper naming conventions" classname="e2e suite" status="skipped" time="0">
              <skipped message="skipped"></skipped>
          </testcase>
          <testcase name="[It] Artifact Generation Property Tests Property 13: Test artifact generation should handle artifact generation failures gracefully" classname="e2e suite" status="skipped" time="0">
              <skipped message="skipped"></skipped>
          </testcase>
          <testcase name="[It] Error Handling Property Tests should handle invalid configurations robustly CPU min greater than max" classname="e2e suite" status="skipped" time="0">
              <skipped message="skipped"></skipped>
          </testcase>
          <testcase name="[It] Error Handling Property Tests should handle invalid configurations robustly Memory min greater than max" classname="e2e suite" status="skipped" time="0">
              <skipped message="skipped"></skipped>
          </testcase>
          <testcase name="[It] Error Handling Property Tests should handle invalid configurations robustly Zero CPU minimum" classname="e2e suite" status="skipped" time="0">
              <skipped message="skipped"></skipped>
          </testcase>
          <testcase name="[It] Error Handling Property Tests should handle invalid configurations robustly Invalid safety factor" classname="e2e suite" status="skipped" time="0">
              <skipped message="skipped"></skipped>
          </testcase>
          <testcase name="[It] Error Handling Property Tests should handle invalid configurations robustly Missing selectors" classname="e2e suite" status="skipped" time="0">
              <skipped message="skipped"></skipped>
          </testcase>
          <testcase name="[It] Error Handling Property Tests should enforce memory decrease safety prevent unsafe memory decrease with high safety factor" classname="e2e suite" status="skipped" time="0">
              <skipped message="skipped"></skipped>
          </testcase>
          <testcase name="[It] Error Handling Property Tests should enforce memory decrease safety flag unsafe memory decrease with low safety factor" classname="e2e suite" status="skipped" time="0">
              <skipped message="skipped"></skipped>
          </testcase>
          <testcase name="[It] Error Handling Property Tests should enforce memory decrease safety maintain safety threshold with minimal bounds" classname="e2e suite" status="skipped" time="0">
              <skipped message="skipped"></skipped>
          </testcase>
          <testcase name="[It] Diagnostic Collector Unit Tests Controller Logs Collection should collect simulated controller logs" classname="e2e suite" status="passed" time="0.077881913">
              <system-err>&gt; Enter [BeforeEach] Diagnostic Collector Unit Tests - /Users/trivedi/Documents/Projects/optipod/test/e2e/integration_components_test.go:469 @ 12/13/25 11:09:06.329&#xA;&lt; Exit [BeforeEach] Diagnostic Collector Unit Tests - /Users/trivedi/Documents/Projects/optipod/test/e2e/integration_components_test.go:469 @ 12/13/25 11:09:06.407 (78ms)&#xA;&gt; Enter [It] should collect simulated controller logs - /Users/trivedi/Documents/Projects/optipod/test/e2e/integration_components_test.go:481 @ 12/13/25 11:09:06.407&#xA;&lt; Exit [It] should collect simulated controller logs - /Users/trivedi/Documents/Projects/optipod/test/e2e/integration_components_test.go:481 @ 12/13/25 11:09:06.407 (0s)&#xA;</system-err>
          </testcase>
          <testcase name="[It] Diagnostic Collector Unit Tests Resource States Collection should collect resource states from namespace" classname="e2e suite" status="passed" time="0.005470821">
              <system-err>&gt; Enter [BeforeEach] Diagnostic Collector Unit Tests - /Users/trivedi/Documents/Projects/optipod/test/e2e/integration_components_test.go:469 @ 12/13/25 11:09:06.407&#xA;&lt; Exit [BeforeEach] Diagnostic Collector Unit Tests - /Users/trivedi/Documents/Projects/optipod/test/e2e/integration_components_test.go:469 @ 12/13/25 11:09:06.409 (2ms)&#xA;&gt; Enter [It] should collect resource states from namespace - /Users/trivedi/Documents/Projects/optipod/test/e2e/integration_components_test.go:503 @ 12/13/25 11:09:06.409&#xA;&lt; Exit [It] should collect resource states from namespace - /Users/trivedi/Documents/Projects/optipod/test/e2e/integration_components_test.go:503 @ 12/13/25 11:09:06.412 (4ms)&#xA;</system-err>
          </testcase>
          <testcase name="[It] Diagnostic Collector Unit Tests Resource States Collection should handle empty namespace" classname="e2e suite" status="passed" time="0.001409596">
              <system-err>&gt; Enter [BeforeEach] Diagnostic Collector Unit Tests - /Users/trivedi/Documents/Projects/optipod/test/e2e/integration_components_test.go:469 @ 12/13/25 11:09:06.412&#xA;&lt; Exit [BeforeEach] Diagnostic Collector Unit Tests - /Users/trivedi/Documents/Projects/optipod/test/e2e/integration_components_test.go:469 @ 12/13/25 11:09:06.414 (1ms)&#xA;&gt; Enter [It] should handle empty namespace - /Users/trivedi/Documents/Projects/optipod/test/e2e/integration_components_test.go:529 @ 12/13/25 11:09:06.414&#xA;&lt; Exit [It] should handle empty namespace - /Users/trivedi/Documents/Projects/optipod/test/e2e/integration_components_test.go:529 @ 12/13/25 11:09:06.414 (0s)&#xA;</system-err>
          </testcase>
          <testcase name="[It] Diagnostic Collector Unit Tests Events Collection should collect Kubernetes events" classname="e2e suite" status="passed" time="0.001732778">
              <system-err>&gt; Enter [BeforeEach] Diagnostic Collector Unit Tests - /Users/trivedi/Documents/Projects/optipod/test/e2e/integration_components_test.go:469 @ 12/13/25 11:09:06.414&#xA;&lt; Exit [BeforeEach] Diagnostic Collector Unit Tests - /Users/trivedi/Documents/Projects/optipod/test/e2e/integration_components_test.go:469 @ 12/13/25 11:09:06.415 (1ms)&#xA;&gt; Enter [It] should collect Kubernetes events - /Users/trivedi/Documents/Projects/optipod/test/e2e/integration_components_test.go:539 @ 12/13/25 11:09:06.415&#xA;&lt; Exit [It] should collect Kubernetes events - /Users/trivedi/Documents/Projects/optipod/test/e2e/integration_components_test.go:539 @ 12/13/25 11:09:06.416 (0s)&#xA;</system-err>
          </testcase>
          <testcase name="[It] Diagnostic Collector Unit Tests Diagnostic Collection Integration should collect comprehensive diagnostics" classname="e2e suite" status="passed" time="0.002052954">
              <system-err>&gt; Enter [BeforeEach] Diagnostic Collector Unit Tests - /Users/trivedi/Documents/Projects/optipod/test/e2e/integration_components_test.go:469 @ 12/13/25 11:09:06.416&#xA;&lt; Exit [BeforeEach] Diagnostic Collector Unit Tests - /Users/trivedi/Documents/Projects/optipod/test/e2e/integration_components_test.go:469 @ 12/13/25 11:09:06.417 (1ms)&#xA;&gt; Enter [It] should collect comprehensive diagnostics - /Users/trivedi/Documents/Projects/optipod/test/e2e/integration_components_test.go:571 @ 12/13/25 11:09:06.417&#xA;&lt; Exit [It] should collect comprehensive diagnostics - /Users/trivedi/Documents/Projects/optipod/test/e2e/integration_components_test.go:571 @ 12/13/25 11:09:06.418 (1ms)&#xA;</system-err>
          </testcase>
          <testcase name="[It] Diagnostic Collector Unit Tests Artifact Generation should generate diagnostic artifacts" classname="e2e suite" status="passed" time="0.001751478">
              <system-err>&gt; Enter [BeforeEach] Diagnostic Collector Unit Tests - /Users/trivedi/Documents/Projects/optipod/test/e2e/integration_components_test.go:469 @ 12/13/25 11:09:06.418&#xA;&lt; Exit [BeforeEach] Diagnostic Collector Unit Tests - /Users/trivedi/Documents/Projects/optipod/test/e2e/integration_components_test.go:469 @ 12/13/25 11:09:06.419 (1ms)&#xA;&gt; Enter [It] should generate diagnostic artifacts - /Users/trivedi/Documents/Projects/optipod/test/e2e/integration_components_test.go:600 @ 12/13/25 11:09:06.419&#xA;&lt; Exit [It] should generate diagnostic artifacts - /Users/trivedi/Documents/Projects/optipod/test/e2e/integration_components_test.go:600 @ 12/13/25 11:09:06.42 (1ms)&#xA;</system-err>
          </testcase>
          <testcase name="[It] Error Handling Unit Tests Error Message Formatting should format configuration validation errors correctly" classname="e2e suite" status="passed" time="4.4067e-05">
              <system-err>&gt; Enter [BeforeEach] Error Handling Unit Tests - /Users/trivedi/Documents/Projects/optipod/test/e2e/error_handling_unit_test.go:32 @ 12/13/25 11:09:06.42&#xA;&lt; Exit [BeforeEach] Error Handling Unit Tests - /Users/trivedi/Documents/Projects/optipod/test/e2e/error_handling_unit_test.go:32 @ 12/13/25 11:09:06.42 (0s)&#xA;&gt; Enter [It] should format configuration validation errors correctly - /Users/trivedi/Documents/Projects/optipod/test/e2e/error_handling_unit_test.go:37 @ 12/13/25 11:09:06.42&#xA;&lt; Exit [It] should format configuration validation errors correctly - /Users/trivedi/Documents/Projects/optipod/test/e2e/error_handling_unit_test.go:37 @ 12/13/25 11:09:06.42 (0s)&#xA;</system-err>
          </testcase>
          <testcase name="[It] Error Handling Unit Tests Error Message Formatting should validate error message content" classname="e2e suite" status="passed" time="1.9201e-05">
              <system-err>&gt; Enter [BeforeEach] Error Handling Unit Tests - /Users/trivedi/Documents/Projects/optipod/test/e2e/error_handling_unit_test.go:32 @ 12/13/25 11:09:06.42&#xA;&lt; Exit [BeforeEach] Error Handling Unit Tests - /Users/trivedi/Documents/Projects/optipod/test/e2e/error_handling_unit_test.go:32 @ 12/13/25 11:09:06.42 (0s)&#xA;&gt; Enter [It] should validate error message content - /Users/trivedi/Documents/Projects/optipod/test/e2e/error_handling_unit_test.go:57 @ 12/13/25 11:09:06.42&#xA;&lt; Exit [It] should validate error message content - /Users/trivedi/Documents/Projects/optipod/test/e2e/error_handling_unit_test.go:57 @ 12/13/25 11:09:06.42 (0s)&#xA;</system-err>
          </testcase>
          <testcase name="[It] Error Handling Unit Tests Error Message Formatting should detect missing error messages" classname="e2e suite" status="passed" time="2.7383e-05">
              <system-err>&gt; Enter [BeforeEach] Error Handling Unit Tests - /Users/trivedi/Documents/Projects/optipod/test/e2e/error_handling_unit_test.go:32 @ 12/13/25 11:09:06.42&#xA;&lt; Exit [BeforeEach] Error Handling Unit Tests - /Users/trivedi/Documents/Projects/optipod/test/e2e/error_handling_unit_test.go:32 @ 12/13/25 11:09:06.42 (0s)&#xA;&gt; Enter [It] should detect missing error messages - /Users/trivedi/Documents/Projects/optipod/test/e2e/error_handling_unit_test.go:71 @ 12/13/25 11:09:06.42&#xA;&lt; Exit [It] should detect missing error messages - /Users/trivedi/Documents/Projects/optipod/test/e2e/error_handling_unit_test.go:71 @ 12/13/25 11:09:06.42 (0s)&#xA;</system-err>
          </testcase>
          <testcase name="[It] Error Handling Unit Tests Error Message Formatting should validate error message clarity" classname="e2e suite" status="passed" time="2.8327e-05">
              <system-err>&gt; Enter [BeforeEach] Error Handling Unit Tests - /Users/trivedi/Documents/Projects/optipod/test/e2e/error_handling_unit_test.go:32 @ 12/13/25 11:09:06.42&#xA;&lt; Exit [BeforeEach] Error Handling Unit Tests - /Users/trivedi/Documents/Projects/optipod/test/e2e/error_handling_unit_test.go:32 @ 12/13/25 11:09:06.42 (0s)&#xA;&gt; Enter [It] should validate error message clarity - /Users/trivedi/Documents/Projects/optipod/test/e2e/error_handling_unit_test.go:77 @ 12/13/25 11:09:06.42&#xA;&lt; Exit [It] should validate error message clarity - /Users/trivedi/Documents/Projects/optipod/test/e2e/error_handling_unit_test.go:77 @ 12/13/25 11:09:06.42 (0s)&#xA;</system-err>
          </testcase>
          <testcase name="[It] Error Handling Unit Tests Configuration Validation Logic should validate configuration rejection reasons" classname="e2e suite" status="passed" time="2.0809e-05">
              <system-err>&gt; Enter [BeforeEach] Error Handling Unit Tests - /Users/trivedi/Documents/Projects/optipod/test/e2e/error_handling_unit_test.go:32 @ 12/13/25 11:09:06.42&#xA;&lt; Exit [BeforeEach] Error Handling Unit Tests - /Users/trivedi/Documents/Projects/optipod/test/e2e/error_handling_unit_test.go:32 @ 12/13/25 11:09:06.42 (0s)&#xA;&gt; Enter [It] should validate configuration rejection reasons - /Users/trivedi/Documents/Projects/optipod/test/e2e/error_handling_unit_test.go:106 @ 12/13/25 11:09:06.42&#xA;&lt; Exit [It] should validate configuration rejection reasons - /Users/trivedi/Documents/Projects/optipod/test/e2e/error_handling_unit_test.go:106 @ 12/13/25 11:09:06.42 (0s)&#xA;</system-err>
          </testcase>
          <testcase name="[It] Error Handling Unit Tests Configuration Validation Logic should validate graceful degradation behavior" classname="e2e suite" status="passed" time="1.9246e-05">
              <system-err>&gt; Enter [BeforeEach] Error Handling Unit Tests - /Users/trivedi/Documents/Projects/optipod/test/e2e/error_handling_unit_test.go:32 @ 12/13/25 11:09:06.42&#xA;&lt; Exit [BeforeEach] Error Handling Unit Tests - /Users/trivedi/Documents/Projects/optipod/test/e2e/error_handling_unit_test.go:32 @ 12/13/25 11:09:06.42 (0s)&#xA;&gt; Enter [It] should validate graceful degradation behavior - /Users/trivedi/Documents/Projects/optipod/test/e2e/error_handling_unit_test.go:138 @ 12/13/25 11:09:06.42&#xA;&lt; Exit [It] should validate graceful degradation behavior - /Users/trivedi/Documents/Projects/optipod/test/e2e/error_handling_unit_test.go:138 @ 12/13/25 11:09:06.42 (0s)&#xA;</system-err>
          </testcase>
          <testcase name="[It] Error Handling Unit Tests Configuration Validation Logic should validate error recovery mechanisms" classname="e2e suite" status="passed" time="2.3756e-05">
              <system-err>&gt; Enter [BeforeEach] Error Handling Unit Tests - /Users/trivedi/Documents/Projects/optipod/test/e2e/error_handling_unit_test.go:32 @ 12/13/25 11:09:06.42&#xA;&lt; Exit [BeforeEach] Error Handling Unit Tests - /Users/trivedi/Documents/Projects/optipod/test/e2e/error_handling_unit_test.go:32 @ 12/13/25 11:09:06.42 (0s)&#xA;&gt; Enter [It] should validate error recovery mechanisms - /Users/trivedi/Documents/Projects/optipod/test/e2e/error_handling_unit_test.go:150 @ 12/13/25 11:09:06.42&#xA;&lt; Exit [It] should validate error recovery mechanisms - /Users/trivedi/Documents/Projects/optipod/test/e2e/error_handling_unit_test.go:150 @ 12/13/25 11:09:06.42 (0s)&#xA;</system-err>
          </testcase>
          <testcase name="[It] Error Handling Unit Tests Retry Logic Validation should validate retry behavior for transient errors" classname="e2e suite" status="passed" time="2.1012e-05">
              <system-err>&gt; Enter [BeforeEach] Error Handling Unit Tests - /Users/trivedi/Documents/Projects/optipod/test/e2e/error_handling_unit_test.go:32 @ 12/13/25 11:09:06.42&#xA;&lt; Exit [BeforeEach] Error Handling Unit Tests - /Users/trivedi/Documents/Projects/optipod/test/e2e/error_handling_unit_test.go:32 @ 12/13/25 11:09:06.42 (0s)&#xA;&gt; Enter [It] should validate retry behavior for transient errors - /Users/trivedi/Documents/Projects/optipod/test/e2e/error_handling_unit_test.go:167 @ 12/13/25 11:09:06.42&#xA;&lt; Exit [It] should validate retry behavior for transient errors - /Users/trivedi/Documents/Projects/optipod/test/e2e/error_handling_unit_test.go:167 @ 12/13/25 11:09:06.42 (0s)&#xA;</system-err>
          </testcase>
          <testcase name="[It] Error Handling Unit Tests Retry Logic Validation should validate non-retry behavior for permanent errors" classname="e2e suite" status="passed" time="1.8345e-05">
              <system-err>&gt; Enter [BeforeEach] Error Handling Unit Tests - /Users/trivedi/Documents/Projects/optipod/test/e2e/error_handling_unit_test.go:32 @ 12/13/25 11:09:06.42&#xA;&lt; Exit [BeforeEach] Error Handling Unit Tests - /Users/trivedi/Documents/Projects/optipod/test/e2e/error_handling_unit_test.go:32 @ 12/13/25 11:09:06.42 (0s)&#xA;&gt; Enter [It] should validate non-retry behavior for permanent errors - /Users/trivedi/Documents/Projects/optipod/test/e2e/error_handling_unit_test.go:183 @ 12/13/25 11:09:06.42&#xA;&lt; Exit [It] should validate non-retry behavior for permanent errors - /Users/trivedi/Documents/Projects/optipod/test/e2e/error_handling_unit_test.go:183 @ 12/13/25 11:09:06.42 (0s)&#xA;</system-err>
          </testcase>
          <testcase name="[It] Error Handling Unit Tests Retry Logic Validation should validate retry backoff behavior" classname="e2e suite" status="passed" time="7.4015e-05">
              <system-err>&gt; Enter [BeforeEach] Error Handling Unit Tests - /Users/trivedi/Documents/Projects/optipod/test/e2e/error_handling_unit_test.go:32 @ 12/13/25 11:09:06.42&#xA;&lt; Exit [BeforeEach] Error Handling Unit Tests - /Users/trivedi/Documents/Projects/optipod/test/e2e/error_handling_unit_test.go:32 @ 12/13/25 11:09:06.42 (0s)&#xA;&gt; Enter [It] should validate retry backoff behavior - /Users/trivedi/Documents/Projects/optipod/test/e2e/error_handling_unit_test.go:199 @ 12/13/25 11:09:06.42&#xA;&lt; Exit [It] should validate retry backoff behavior - /Users/trivedi/Documents/Projects/optipod/test/e2e/error_handling_unit_test.go:199 @ 12/13/25 11:09:06.42 (0s)&#xA;</system-err>
          </testcase>
          <testcase name="[It] Error Handling Unit Tests Memory Safety Validation should validate memory decrease safety thresholds" classname="e2e suite" status="passed" time="0.000136931">
              <system-err>&gt; Enter [BeforeEach] Error Handling Unit Tests - /Users/trivedi/Documents/Projects/optipod/test/e2e/error_handling_unit_test.go:32 @ 12/13/25 11:09:06.42&#xA;&lt; Exit [BeforeEach] Error Handling Unit Tests - /Users/trivedi/Documents/Projects/optipod/test/e2e/error_handling_unit_test.go:32 @ 12/13/25 11:09:06.42 (0s)&#xA;&gt; Enter [It] should validate memory decrease safety thresholds - /Users/trivedi/Documents/Projects/optipod/test/e2e/error_handling_unit_test.go:212 @ 12/13/25 11:09:06.42&#xA;&lt; Exit [It] should validate memory decrease safety thresholds - /Users/trivedi/Documents/Projects/optipod/test/e2e/error_handling_unit_test.go:212 @ 12/13/25 11:09:06.421 (0s)&#xA;</system-err>
          </testcase>
          <testcase name="[It] Error Handling Unit Tests Memory Safety Validation should validate memory safety warning generation" classname="e2e suite" status="passed" time="0.000296446">
              <system-err>&gt; Enter [BeforeEach] Error Handling Unit Tests - /Users/trivedi/Documents/Projects/optipod/test/e2e/error_handling_unit_test.go:32 @ 12/13/25 11:09:06.421&#xA;&lt; Exit [BeforeEach] Error Handling Unit Tests - /Users/trivedi/Documents/Projects/optipod/test/e2e/error_handling_unit_test.go:32 @ 12/13/25 11:09:06.421 (0s)&#xA;&gt; Enter [It] should validate memory safety warning generation - /Users/trivedi/Documents/Projects/optipod/test/e2e/error_handling_unit_test.go:238 @ 12/13/25 11:09:06.421&#xA;&lt; Exit [It] should validate memory safety warning generation - /Users/trivedi/Documents/Projects/optipod/test/e2e/error_handling_unit_test.go:238 @ 12/13/25 11:09:06.421 (0s)&#xA;</system-err>
          </testcase>
          <testcase name="[It] Error Handling Unit Tests Concurrent Safety Validation should validate concurrent modification safety" classname="e2e suite" status="passed" time="2.7927e-05">
              <system-err>&gt; Enter [BeforeEach] Error Handling Unit Tests - /Users/trivedi/Documents/Projects/optipod/test/e2e/error_handling_unit_test.go:32 @ 12/13/25 11:09:06.421&#xA;&lt; Exit [BeforeEach] Error Handling Unit Tests - /Users/trivedi/Documents/Projects/optipod/test/e2e/error_handling_unit_test.go:32 @ 12/13/25 11:09:06.421 (0s)&#xA;&gt; Enter [It] should validate concurrent modification safety - /Users/trivedi/Documents/Projects/optipod/test/e2e/error_handling_unit_test.go:247 @ 12/13/25 11:09:06.421&#xA;&lt; Exit [It] should validate concurrent modification safety - /Users/trivedi/Documents/Projects/optipod/test/e2e/error_handling_unit_test.go:247 @ 12/13/25 11:09:06.421 (0s)&#xA;</system-err>
          </testcase>
          <testcase name="[It] Error Handling Unit Tests Concurrent Safety Validation should validate resource consistency after concurrent operations" classname="e2e suite" status="passed" time="1.95e-05">
              <system-err>&gt; Enter [BeforeEach] Error Handling Unit Tests - /Users/trivedi/Documents/Projects/optipod/test/e2e/error_handling_unit_test.go:32 @ 12/13/25 11:09:06.421&#xA;&lt; Exit [BeforeEach] Error Handling Unit Tests - /Users/trivedi/Documents/Projects/optipod/test/e2e/error_handling_unit_test.go:32 @ 12/13/25 11:09:06.421 (0s)&#xA;&gt; Enter [It] should validate resource consistency after concurrent operations - /Users/trivedi/Documents/Projects/optipod/test/e2e/error_handling_unit_test.go:262 @ 12/13/25 11:09:06.421&#xA;&lt; Exit [It] should validate resource consistency after concurrent operations - /Users/trivedi/Documents/Projects/optipod/test/e2e/error_handling_unit_test.go:262 @ 12/13/25 11:09:06.421 (0s)&#xA;</system-err>
          </testcase>
          <testcase name="[It] Error Handling Unit Tests Error Classification should classify errors correctly" classname="e2e suite" status="passed" time="2.8217e-05">
              <system-err>&gt; Enter [BeforeEach] Error Handling Unit Tests - /Users/trivedi/Documents/Projects/optipod/test/e2e/error_handling_unit_test.go:32 @ 12/13/25 11:09:06.421&#xA;&lt; Exit [BeforeEach] Error Handling Unit Tests - /Users/trivedi/Documents/Projects/optipod/test/e2e/error_handling_unit_test.go:32 @ 12/13/25 11:09:06.421 (0s)&#xA;&gt; Enter [It] should classify errors correctly - /Users/trivedi/Documents/Projects/optipod/test/e2e/error_handling_unit_test.go:270 @ 12/13/25 11:09:06.421&#xA;&lt; Exit [It] should classify errors correctly - /Users/trivedi/Documents/Projects/optipod/test/e2e/error_handling_unit_test.go:270 @ 12/13/25 11:09:06.421 (0s)&#xA;</system-err>
          </testcase>
          <testcase name="[It] Error Handling Unit Tests Error Classification should handle unknown error types gracefully" classname="e2e suite" status="passed" time="2.3333e-05">
              <system-err>&gt; Enter [BeforeEach] Error Handling Unit Tests - /Users/trivedi/Documents/Projects/optipod/test/e2e/error_handling_unit_test.go:32 @ 12/13/25 11:09:06.421&#xA;&lt; Exit [BeforeEach] Error Handling Unit Tests - /Users/trivedi/Documents/Projects/optipod/test/e2e/error_handling_unit_test.go:32 @ 12/13/25 11:09:06.421 (0s)&#xA;&gt; Enter [It] should handle unknown error types gracefully - /Users/trivedi/Documents/Projects/optipod/test/e2e/error_handling_unit_test.go:288 @ 12/13/25 11:09:06.421&#xA;&lt; Exit [It] should handle unknown error types gracefully - /Users/trivedi/Documents/Projects/optipod/test/e2e/error_handling_unit_test.go:288 @ 12/13/25 11:09:06.421 (0s)&#xA;</system-err>
          </testcase>
          <testcase name="[It] Test Suite Validator Unit Tests Cluster Connectivity Validation should validate healthy cluster connectivity" classname="e2e suite" status="passed" time="0.001810964">
              <system-err>&gt; Enter [BeforeEach] Test Suite Validator Unit Tests - /Users/trivedi/Documents/Projects/optipod/test/e2e/integration_components_test.go:313 @ 12/13/25 11:09:06.421&#xA;&lt; Exit [BeforeEach] Test Suite Validator Unit Tests - /Users/trivedi/Documents/Projects/optipod/test/e2e/integration_components_test.go:313 @ 12/13/25 11:09:06.422 (1ms)&#xA;&gt; Enter [It] should validate healthy cluster connectivity - /Users/trivedi/Documents/Projects/optipod/test/e2e/integration_components_test.go:325 @ 12/13/25 11:09:06.422&#xA;&lt; Exit [It] should validate healthy cluster connectivity - /Users/trivedi/Documents/Projects/optipod/test/e2e/integration_components_test.go:325 @ 12/13/25 11:09:06.423 (1ms)&#xA;</system-err>
          </testcase>
          <testcase name="[It] Test Suite Validator Unit Tests Cluster Connectivity Validation should detect cluster with no nodes" classname="e2e suite" status="passed" time="0.001137953">
              <system-err>&gt; Enter [BeforeEach] Test Suite Validator Unit Tests - /Users/trivedi/Documents/Projects/optipod/test/e2e/integration_components_test.go:313 @ 12/13/25 11:09:06.423&#xA;&lt; Exit [BeforeEach] Test Suite Validator Unit Tests - /Users/trivedi/Documents/Projects/optipod/test/e2e/integration_components_test.go:313 @ 12/13/25 11:09:06.424 (1ms)&#xA;&gt; Enter [It] should detect cluster with no nodes - /Users/trivedi/Documents/Projects/optipod/test/e2e/integration_components_test.go:353 @ 12/13/25 11:09:06.424&#xA;&lt; Exit [It] should detect cluster with no nodes - /Users/trivedi/Documents/Projects/optipod/test/e2e/integration_components_test.go:353 @ 12/13/25 11:09:06.424 (0s)&#xA;</system-err>
          </testcase>
          <testcase name="[It] Test Suite Validator Unit Tests Overall Health Calculation should calculate healthy status" classname="e2e suite" status="passed" time="0.00109651">
              <system-err>&gt; Enter [BeforeEach] Test Suite Validator Unit Tests - /Users/trivedi/Documents/Projects/optipod/test/e2e/integration_components_test.go:313 @ 12/13/25 11:09:06.424&#xA;&lt; Exit [BeforeEach] Test Suite Validator Unit Tests - /Users/trivedi/Documents/Projects/optipod/test/e2e/integration_components_test.go:313 @ 12/13/25 11:09:06.425 (1ms)&#xA;&gt; Enter [It] should calculate healthy status - /Users/trivedi/Documents/Projects/optipod/test/e2e/integration_components_test.go:368 @ 12/13/25 11:09:06.425&#xA;&lt; Exit [It] should calculate healthy status - /Users/trivedi/Documents/Projects/optipod/test/e2e/integration_components_test.go:368 @ 12/13/25 11:09:06.425 (0s)&#xA;</system-err>
          </testcase>
          <testcase name="[It] Test Suite Validator Unit Tests Overall Health Calculation should calculate degraded status" classname="e2e suite" status="passed" time="0.001101699">
              <system-err>&gt; Enter [BeforeEach] Test Suite Validator Unit Tests - /Users/trivedi/Documents/Projects/optipod/test/e2e/integration_components_test.go:313 @ 12/13/25 11:09:06.425&#xA;&lt; Exit [BeforeEach] Test Suite Validator Unit Tests - /Users/trivedi/Documents/Projects/optipod/test/e2e/integration_components_test.go:313 @ 12/13/25 11:09:06.426 (1ms)&#xA;&gt; Enter [It] should calculate degraded status - /Users/trivedi/Documents/Projects/optipod/test/e2e/integration_components_test.go:383 @ 12/13/25 11:09:06.426&#xA;&lt; Exit [It] should calculate degraded status - /Users/trivedi/Documents/Projects/optipod/test/e2e/integration_components_test.go:383 @ 12/13/25 11:09:06.426 (0s)&#xA;</system-err>
          </testcase>
          <testcase name="[It] Test Suite Validator Unit Tests Overall Health Calculation should calculate unhealthy status" classname="e2e suite" status="passed" time="0.00107565">
              <system-err>&gt; Enter [BeforeEach] Test Suite Validator Unit Tests - /Users/trivedi/Documents/Projects/optipod/test/e2e/integration_components_test.go:313 @ 12/13/25 11:09:06.426&#xA;&lt; Exit [BeforeEach] Test Suite Validator Unit Tests - /Users/trivedi/Documents/Projects/optipod/test/e2e/integration_components_test.go:313 @ 12/13/25 11:09:06.428 (1ms)&#xA;&gt; Enter [It] should calculate unhealthy status - /Users/trivedi/Documents/Projects/optipod/test/e2e/integration_components_test.go:402 @ 12/13/25 11:09:06.428&#xA;&lt; Exit [It] should calculate unhealthy status - /Users/trivedi/Documents/Projects/optipod/test/e2e/integration_components_test.go:402 @ 12/13/25 11:09:06.428 (0s)&#xA;</system-err>
          </testcase>
          <testcase name="[It] Test Suite Validator Unit Tests Recommendations Generation should generate recommendations for unhealthy suite" classname="e2e suite" status="passed" time="0.002157038">
              <system-err>&gt; Enter [BeforeEach] Test Suite Validator Unit Tests - /Users/trivedi/Documents/Projects/optipod/test/e2e/integration_components_test.go:313 @ 12/13/25 11:09:06.428&#xA;&lt; Exit [BeforeEach] Test Suite Validator Unit Tests - /Users/trivedi/Documents/Projects/optipod/test/e2e/integration_components_test.go:313 @ 12/13/25 11:09:06.43 (2ms)&#xA;&gt; Enter [It] should generate recommendations for unhealthy suite - /Users/trivedi/Documents/Projects/optipod/test/e2e/integration_components_test.go:420 @ 12/13/25 11:09:06.43&#xA;&lt; Exit [It] should generate recommendations for unhealthy suite - /Users/trivedi/Documents/Projects/optipod/test/e2e/integration_components_test.go:420 @ 12/13/25 11:09:06.43 (0s)&#xA;</system-err>
          </testcase>
          <testcase name="[It] Test Suite Validator Unit Tests Recommendations Generation should generate recommendations for healthy suite" classname="e2e suite" status="passed" time="0.001118762">
              <system-err>&gt; Enter [BeforeEach] Test Suite Validator Unit Tests - /Users/trivedi/Documents/Projects/optipod/test/e2e/integration_components_test.go:313 @ 12/13/25 11:09:06.43&#xA;&lt; Exit [BeforeEach] Test Suite Validator Unit Tests - /Users/trivedi/Documents/Projects/optipod/test/e2e/integration_components_test.go:313 @ 12/13/25 11:09:06.431 (1ms)&#xA;&gt; Enter [It] should generate recommendations for healthy suite - /Users/trivedi/Documents/Projects/optipod/test/e2e/integration_components_test.go:440 @ 12/13/25 11:09:06.431&#xA;&lt; Exit [It] should generate recommendations for healthy suite - /Users/trivedi/Documents/Projects/optipod/test/e2e/integration_components_test.go:440 @ 12/13/25 11:09:06.431 (0s)&#xA;</system-err>
          </testcase>
          <testcase name="[It] Observability Unit Tests MetricsCollector should create a new MetricsCollector with proper configuration" classname="e2e suite" status="passed" time="3.4655e-05">
              <system-err>&gt; Enter [BeforeEach] MetricsCollector - /Users/trivedi/Documents/Projects/optipod/test/e2e/observability_unit_test.go:36 @ 12/13/25 11:09:06.431&#xA;&lt; Exit [BeforeEach] MetricsCollector - /Users/trivedi/Documents/Projects/optipod/test/e2e/observability_unit_test.go:36 @ 12/13/25 11:09:06.431 (0s)&#xA;&gt; Enter [It] should create a new MetricsCollector with proper configuration - /Users/trivedi/Documents/Projects/optipod/test/e2e/observability_unit_test.go:40 @ 12/13/25 11:09:06.431&#xA;&lt; Exit [It] should create a new MetricsCollector with proper configuration - /Users/trivedi/Documents/Projects/optipod/test/e2e/observability_unit_test.go:40 @ 12/13/25 11:09:06.431 (0s)&#xA;</system-err>
          </testcase>
          <testcase name="[It] Observability Unit Tests MetricsCollector should collect metrics from HTTP endpoint" classname="e2e suite" status="passed" time="0.000775811">
              <system-err>&gt; Enter [BeforeEach] MetricsCollector - /Users/trivedi/Documents/Projects/optipod/test/e2e/observability_unit_test.go:36 @ 12/13/25 11:09:06.431&#xA;&lt; Exit [BeforeEach] MetricsCollector - /Users/trivedi/Documents/Projects/optipod/test/e2e/observability_unit_test.go:36 @ 12/13/25 11:09:06.431 (0s)&#xA;&gt; Enter [It] should collect metrics from HTTP endpoint - /Users/trivedi/Documents/Projects/optipod/test/e2e/observability_unit_test.go:46 @ 12/13/25 11:09:06.431&#xA;&lt; Exit [It] should collect metrics from HTTP endpoint - /Users/trivedi/Documents/Projects/optipod/test/e2e/observability_unit_test.go:46 @ 12/13/25 11:09:06.432 (1ms)&#xA;</system-err>
          </testcase>
          <testcase name="[It] Observability Unit Tests MetricsCollector should handle authentication errors" classname="e2e suite" status="passed" time="0.000472087">
              <system-err>&gt; Enter [BeforeEach] MetricsCollector - /Users/trivedi/Documents/Projects/optipod/test/e2e/observability_unit_test.go:36 @ 12/13/25 11:09:06.432&#xA;&lt; Exit [BeforeEach] MetricsCollector - /Users/trivedi/Documents/Projects/optipod/test/e2e/observability_unit_test.go:36 @ 12/13/25 11:09:06.432 (0s)&#xA;&gt; Enter [It] should handle authentication errors - /Users/trivedi/Documents/Projects/optipod/test/e2e/observability_unit_test.go:73 @ 12/13/25 11:09:06.432&#xA;&lt; Exit [It] should handle authentication errors - /Users/trivedi/Documents/Projects/optipod/test/e2e/observability_unit_test.go:73 @ 12/13/25 11:09:06.432 (0s)&#xA;</system-err>
          </testcase>
          <testcase name="[It] Observability Unit Tests MetricsCollector should handle network errors gracefully" classname="e2e suite" status="passed" time="0.003236062">
              <system-err>&gt; Enter [BeforeEach] MetricsCollector - /Users/trivedi/Documents/Projects/optipod/test/e2e/observability_unit_test.go:36 @ 12/13/25 11:09:06.432&#xA;&lt; Exit [BeforeEach] MetricsCollector - /Users/trivedi/Documents/Projects/optipod/test/e2e/observability_unit_test.go:36 @ 12/13/25 11:09:06.432 (0s)&#xA;&gt; Enter [It] should handle network errors gracefully - /Users/trivedi/Documents/Projects/optipod/test/e2e/observability_unit_test.go:86 @ 12/13/25 11:09:06.432&#xA;&lt; Exit [It] should handle network errors gracefully - /Users/trivedi/Documents/Projects/optipod/test/e2e/observability_unit_test.go:86 @ 12/13/25 11:09:06.436 (3ms)&#xA;</system-err>
          </testcase>
          <testcase name="[It] Observability Unit Tests MetricsCollector should validate metric format correctly" classname="e2e suite" status="passed" time="0.00011035">
              <system-err>&gt; Enter [BeforeEach] MetricsCollector - /Users/trivedi/Documents/Projects/optipod/test/e2e/observability_unit_test.go:36 @ 12/13/25 11:09:06.436&#xA;&lt; Exit [BeforeEach] MetricsCollector - /Users/trivedi/Documents/Projects/optipod/test/e2e/observability_unit_test.go:36 @ 12/13/25 11:09:06.436 (0s)&#xA;&gt; Enter [It] should validate metric format correctly - /Users/trivedi/Documents/Projects/optipod/test/e2e/observability_unit_test.go:94 @ 12/13/25 11:09:06.436&#xA;&lt; Exit [It] should validate metric format correctly - /Users/trivedi/Documents/Projects/optipod/test/e2e/observability_unit_test.go:94 @ 12/13/25 11:09:06.436 (0s)&#xA;</system-err>
          </testcase>
          <testcase name="[It] Observability Unit Tests MetricsCollector should reject invalid metric format" classname="e2e suite" status="passed" time="4.4493e-05">
              <system-err>&gt; Enter [BeforeEach] MetricsCollector - /Users/trivedi/Documents/Projects/optipod/test/e2e/observability_unit_test.go:36 @ 12/13/25 11:09:06.436&#xA;&lt; Exit [BeforeEach] MetricsCollector - /Users/trivedi/Documents/Projects/optipod/test/e2e/observability_unit_test.go:36 @ 12/13/25 11:09:06.436 (0s)&#xA;&gt; Enter [It] should reject invalid metric format - /Users/trivedi/Documents/Projects/optipod/test/e2e/observability_unit_test.go:107 @ 12/13/25 11:09:06.436&#xA;&lt; Exit [It] should reject invalid metric format - /Users/trivedi/Documents/Projects/optipod/test/e2e/observability_unit_test.go:107 @ 12/13/25 11:09:06.436 (0s)&#xA;</system-err>
          </testcase>
          <testcase name="[It] Observability Unit Tests MetricsCollector should handle empty metrics gracefully" classname="e2e suite" status="passed" time="2.377e-05">
              <system-err>&gt; Enter [BeforeEach] MetricsCollector - /Users/trivedi/Documents/Projects/optipod/test/e2e/observability_unit_test.go:36 @ 12/13/25 11:09:06.436&#xA;&lt; Exit [BeforeEach] MetricsCollector - /Users/trivedi/Documents/Projects/optipod/test/e2e/observability_unit_test.go:36 @ 12/13/25 11:09:06.436 (0s)&#xA;&gt; Enter [It] should handle empty metrics gracefully - /Users/trivedi/Documents/Projects/optipod/test/e2e/observability_unit_test.go:117 @ 12/13/25 11:09:06.436&#xA;&lt; Exit [It] should handle empty metrics gracefully - /Users/trivedi/Documents/Projects/optipod/test/e2e/observability_unit_test.go:117 @ 12/13/25 11:09:06.436 (0s)&#xA;</system-err>
          </testcase>
          <testcase name="[It] Observability Unit Tests MetricsCollector should validate metrics with comments" classname="e2e suite" status="passed" time="5.4361e-05">
              <system-err>&gt; Enter [BeforeEach] MetricsCollector - /Users/trivedi/Documents/Projects/optipod/test/e2e/observability_unit_test.go:36 @ 12/13/25 11:09:06.436&#xA;&lt; Exit [BeforeEach] MetricsCollector - /Users/trivedi/Documents/Projects/optipod/test/e2e/observability_unit_test.go:36 @ 12/13/25 11:09:06.436 (0s)&#xA;&gt; Enter [It] should validate metrics with comments - /Users/trivedi/Documents/Projects/optipod/test/e2e/observability_unit_test.go:122 @ 12/13/25 11:09:06.436&#xA;&lt; Exit [It] should validate metrics with comments - /Users/trivedi/Documents/Projects/optipod/test/e2e/observability_unit_test.go:122 @ 12/13/25 11:09:06.436 (0s)&#xA;</system-err>
          </testcase>
          <testcase name="[It] Observability Unit Tests LogValidator should create a new LogValidator" classname="e2e suite" status="passed" time="1.8006e-05">
              <system-err>&gt; Enter [BeforeEach] LogValidator - /Users/trivedi/Documents/Projects/optipod/test/e2e/observability_unit_test.go:137 @ 12/13/25 11:09:06.436&#xA;&lt; Exit [BeforeEach] LogValidator - /Users/trivedi/Documents/Projects/optipod/test/e2e/observability_unit_test.go:137 @ 12/13/25 11:09:06.436 (0s)&#xA;&gt; Enter [It] should create a new LogValidator - /Users/trivedi/Documents/Projects/optipod/test/e2e/observability_unit_test.go:141 @ 12/13/25 11:09:06.436&#xA;&lt; Exit [It] should create a new LogValidator - /Users/trivedi/Documents/Projects/optipod/test/e2e/observability_unit_test.go:141 @ 12/13/25 11:09:06.436 (0s)&#xA;</system-err>
          </testcase>
          <testcase name="[It] Observability Unit Tests LogValidator should validate proper log format" classname="e2e suite" status="passed" time="6.4802e-05">
              <system-err>&gt; Enter [BeforeEach] LogValidator - /Users/trivedi/Documents/Projects/optipod/test/e2e/observability_unit_test.go:137 @ 12/13/25 11:09:06.436&#xA;&lt; Exit [BeforeEach] LogValidator - /Users/trivedi/Documents/Projects/optipod/test/e2e/observability_unit_test.go:137 @ 12/13/25 11:09:06.436 (0s)&#xA;&gt; Enter [It] should validate proper log format - /Users/trivedi/Documents/Projects/optipod/test/e2e/observability_unit_test.go:145 @ 12/13/25 11:09:06.436&#xA;&lt; Exit [It] should validate proper log format - /Users/trivedi/Documents/Projects/optipod/test/e2e/observability_unit_test.go:145 @ 12/13/25 11:09:06.436 (0s)&#xA;</system-err>
          </testcase>
          <testcase name="[It] Observability Unit Tests LogValidator should handle logs with flexible format" classname="e2e suite" status="passed" time="4.7795e-05">
              <system-err>&gt; Enter [BeforeEach] LogValidator - /Users/trivedi/Documents/Projects/optipod/test/e2e/observability_unit_test.go:137 @ 12/13/25 11:09:06.436&#xA;&lt; Exit [BeforeEach] LogValidator - /Users/trivedi/Documents/Projects/optipod/test/e2e/observability_unit_test.go:137 @ 12/13/25 11:09:06.436 (0s)&#xA;&gt; Enter [It] should handle logs with flexible format - /Users/trivedi/Documents/Projects/optipod/test/e2e/observability_unit_test.go:156 @ 12/13/25 11:09:06.436&#xA;&lt; Exit [It] should handle logs with flexible format - /Users/trivedi/Documents/Projects/optipod/test/e2e/observability_unit_test.go:156 @ 12/13/25 11:09:06.436 (0s)&#xA;</system-err>
          </testcase>
          <testcase name="[It] Observability Unit Tests LogValidator should validate log content with expected patterns" classname="e2e suite" status="passed" time="5.2939e-05">
              <system-err>&gt; Enter [BeforeEach] LogValidator - /Users/trivedi/Documents/Projects/optipod/test/e2e/observability_unit_test.go:137 @ 12/13/25 11:09:06.436&#xA;&lt; Exit [BeforeEach] LogValidator - /Users/trivedi/Documents/Projects/optipod/test/e2e/observability_unit_test.go:137 @ 12/13/25 11:09:06.436 (0s)&#xA;&gt; Enter [It] should validate log content with expected patterns - /Users/trivedi/Documents/Projects/optipod/test/e2e/observability_unit_test.go:166 @ 12/13/25 11:09:06.436&#xA;&lt; Exit [It] should validate log content with expected patterns - /Users/trivedi/Documents/Projects/optipod/test/e2e/observability_unit_test.go:166 @ 12/13/25 11:09:06.436 (0s)&#xA;</system-err>
          </testcase>
          <testcase name="[It] Observability Unit Tests LogValidator should detect missing expected patterns" classname="e2e suite" status="passed" time="3.8827e-05">
              <system-err>&gt; Enter [BeforeEach] LogValidator - /Users/trivedi/Documents/Projects/optipod/test/e2e/observability_unit_test.go:137 @ 12/13/25 11:09:06.436&#xA;&lt; Exit [BeforeEach] LogValidator - /Users/trivedi/Documents/Projects/optipod/test/e2e/observability_unit_test.go:137 @ 12/13/25 11:09:06.436 (0s)&#xA;&gt; Enter [It] should detect missing expected patterns - /Users/trivedi/Documents/Projects/optipod/test/e2e/observability_unit_test.go:182 @ 12/13/25 11:09:06.436&#xA;&lt; Exit [It] should detect missing expected patterns - /Users/trivedi/Documents/Projects/optipod/test/e2e/observability_unit_test.go:182 @ 12/13/25 11:09:06.436 (0s)&#xA;</system-err>
          </testcase>
          <testcase name="[It] Observability Unit Tests LogValidator should detect sensitive information in logs" classname="e2e suite" status="passed" time="3.4422e-05">
              <system-err>&gt; Enter [BeforeEach] LogValidator - /Users/trivedi/Documents/Projects/optipod/test/e2e/observability_unit_test.go:137 @ 12/13/25 11:09:06.436&#xA;&lt; Exit [BeforeEach] LogValidator - /Users/trivedi/Documents/Projects/optipod/test/e2e/observability_unit_test.go:137 @ 12/13/25 11:09:06.436 (0s)&#xA;&gt; Enter [It] should detect sensitive information in logs - /Users/trivedi/Documents/Projects/optipod/test/e2e/observability_unit_test.go:196 @ 12/13/25 11:09:06.436&#xA;&lt; Exit [It] should detect sensitive information in logs - /Users/trivedi/Documents/Projects/optipod/test/e2e/observability_unit_test.go:196 @ 12/13/25 11:09:06.436 (0s)&#xA;</system-err>
          </testcase>
          <testcase name="[It] Observability Unit Tests LogValidator should pass logs without sensitive information" classname="e2e suite" status="passed" time="7.3056e-05">
              <system-err>&gt; Enter [BeforeEach] LogValidator - /Users/trivedi/Documents/Projects/optipod/test/e2e/observability_unit_test.go:137 @ 12/13/25 11:09:06.436&#xA;&lt; Exit [BeforeEach] LogValidator - /Users/trivedi/Documents/Projects/optipod/test/e2e/observability_unit_test.go:137 @ 12/13/25 11:09:06.436 (0s)&#xA;&gt; Enter [It] should pass logs without sensitive information - /Users/trivedi/Documents/Projects/optipod/test/e2e/observability_unit_test.go:207 @ 12/13/25 11:09:06.436&#xA;&lt; Exit [It] should pass logs without sensitive information - /Users/trivedi/Documents/Projects/optipod/test/e2e/observability_unit_test.go:207 @ 12/13/25 11:09:06.436 (0s)&#xA;</system-err>
          </testcase>
          <testcase name="[It] Observability Unit Tests LogValidator should handle empty logs" classname="e2e suite" status="passed" time="4.9381e-05">
              <system-err>&gt; Enter [BeforeEach] LogValidator - /Users/trivedi/Documents/Projects/optipod/test/e2e/observability_unit_test.go:137 @ 12/13/25 11:09:06.436&#xA;&lt; Exit [BeforeEach] LogValidator - /Users/trivedi/Documents/Projects/optipod/test/e2e/observability_unit_test.go:137 @ 12/13/25 11:09:06.437 (0s)&#xA;&gt; Enter [It] should handle empty logs - /Users/trivedi/Documents/Projects/optipod/test/e2e/observability_unit_test.go:217 @ 12/13/25 11:09:06.437&#xA;&lt; Exit [It] should handle empty logs - /Users/trivedi/Documents/Projects/optipod/test/e2e/observability_unit_test.go:217 @ 12/13/25 11:09:06.437 (0s)&#xA;</system-err>
          </testcase>
          <testcase name="[It] Observability Unit Tests LogValidator should handle invalid regex patterns gracefully" classname="e2e suite" status="passed" time="3.623e-05">
              <system-err>&gt; Enter [BeforeEach] LogValidator - /Users/trivedi/Documents/Projects/optipod/test/e2e/observability_unit_test.go:137 @ 12/13/25 11:09:06.437&#xA;&lt; Exit [BeforeEach] LogValidator - /Users/trivedi/Documents/Projects/optipod/test/e2e/observability_unit_test.go:137 @ 12/13/25 11:09:06.437 (0s)&#xA;&gt; Enter [It] should handle invalid regex patterns gracefully - /Users/trivedi/Documents/Projects/optipod/test/e2e/observability_unit_test.go:228 @ 12/13/25 11:09:06.437&#xA;&lt; Exit [It] should handle invalid regex patterns gracefully - /Users/trivedi/Documents/Projects/optipod/test/e2e/observability_unit_test.go:228 @ 12/13/25 11:09:06.437 (0s)&#xA;</system-err>
          </testcase>
          <testcase name="[It] Observability Unit Tests LogValidator should validate case-insensitive patterns" classname="e2e suite" status="passed" time="3.8417e-05">
              <system-err>&gt; Enter [BeforeEach] LogValidator - /Users/trivedi/Documents/Projects/optipod/test/e2e/observability_unit_test.go:137 @ 12/13/25 11:09:06.437&#xA;&lt; Exit [BeforeEach] LogValidator - /Users/trivedi/Documents/Projects/optipod/test/e2e/observability_unit_test.go:137 @ 12/13/25 11:09:06.437 (0s)&#xA;&gt; Enter [It] should validate case-insensitive patterns - /Users/trivedi/Documents/Projects/optipod/test/e2e/observability_unit_test.go:240 @ 12/13/25 11:09:06.437&#xA;&lt; Exit [It] should validate case-insensitive patterns - /Users/trivedi/Documents/Projects/optipod/test/e2e/observability_unit_test.go:240 @ 12/13/25 11:09:06.437 (0s)&#xA;</system-err>
          </testcase>
          <testcase name="[It] Observability Unit Tests Metrics Format Validation should validate Prometheus metric naming conventions" classname="e2e suite" status="passed" time="4.8908e-05">
              <system-err>&gt; Enter [It] should validate Prometheus metric naming conventions - /Users/trivedi/Documents/Projects/optipod/test/e2e/observability_unit_test.go:256 @ 12/13/25 11:09:06.437&#xA;&lt; Exit [It] should validate Prometheus metric naming conventions - /Users/trivedi/Documents/Projects/optipod/test/e2e/observability_unit_test.go:256 @ 12/13/25 11:09:06.437 (0s)&#xA;</system-err>
          </testcase>
          <testcase name="[It] Observability Unit Tests Metrics Format Validation should validate metric suffixes" classname="e2e suite" status="passed" time="1.7725e-05">
              <system-err>&gt; Enter [It] should validate metric suffixes - /Users/trivedi/Documents/Projects/optipod/test/e2e/observability_unit_test.go:270 @ 12/13/25 11:09:06.437&#xA;&lt; Exit [It] should validate metric suffixes - /Users/trivedi/Documents/Projects/optipod/test/e2e/observability_unit_test.go:270 @ 12/13/25 11:09:06.437 (0s)&#xA;</system-err>
          </testcase>
          <testcase name="[It] Observability Unit Tests Metrics Format Validation should validate metric labels format" classname="e2e suite" status="passed" time="5.9352e-05">
              <system-err>&gt; Enter [It] should validate metric labels format - /Users/trivedi/Documents/Projects/optipod/test/e2e/observability_unit_test.go:293 @ 12/13/25 11:09:06.437&#xA;&lt; Exit [It] should validate metric labels format - /Users/trivedi/Documents/Projects/optipod/test/e2e/observability_unit_test.go:293 @ 12/13/25 11:09:06.437 (0s)&#xA;</system-err>
          </testcase>
          <testcase name="[It] Observability Unit Tests Metrics Format Validation should reject invalid metric formats" classname="e2e suite" status="passed" time="0.00014153">
              <system-err>&gt; Enter [It] should reject invalid metric formats - /Users/trivedi/Documents/Projects/optipod/test/e2e/observability_unit_test.go:306 @ 12/13/25 11:09:06.437&#xA;&lt; Exit [It] should reject invalid metric formats - /Users/trivedi/Documents/Projects/optipod/test/e2e/observability_unit_test.go:306 @ 12/13/25 11:09:06.437 (0s)&#xA;</system-err>
          </testcase>
          <testcase name="[It] Observability Unit Tests Log Pattern Validation should validate common log patterns" classname="e2e suite" status="passed" time="9.6941e-05">
              <system-err>&gt; Enter [It] should validate common log patterns - /Users/trivedi/Documents/Projects/optipod/test/e2e/observability_unit_test.go:326 @ 12/13/25 11:09:06.437&#xA;&lt; Exit [It] should validate common log patterns - /Users/trivedi/Documents/Projects/optipod/test/e2e/observability_unit_test.go:326 @ 12/13/25 11:09:06.437 (0s)&#xA;</system-err>
          </testcase>
          <testcase name="[It] Observability Unit Tests Log Pattern Validation should validate contextual information in logs" classname="e2e suite" status="passed" time="0.000106233">
              <system-err>&gt; Enter [It] should validate contextual information in logs - /Users/trivedi/Documents/Projects/optipod/test/e2e/observability_unit_test.go:349 @ 12/13/25 11:09:06.437&#xA;&lt; Exit [It] should validate contextual information in logs - /Users/trivedi/Documents/Projects/optipod/test/e2e/observability_unit_test.go:349 @ 12/13/25 11:09:06.437 (0s)&#xA;</system-err>
          </testcase>
          <testcase name="[It] Observability Unit Tests Log Pattern Validation should validate error log detail" classname="e2e suite" status="passed" time="5.2291e-05">
              <system-err>&gt; Enter [It] should validate error log detail - /Users/trivedi/Documents/Projects/optipod/test/e2e/observability_unit_test.go:368 @ 12/13/25 11:09:06.437&#xA;&lt; Exit [It] should validate error log detail - /Users/trivedi/Documents/Projects/optipod/test/e2e/observability_unit_test.go:368 @ 12/13/25 11:09:06.437 (0s)&#xA;</system-err>
          </testcase>
          <testcase name="[It] Observability Unit Tests Security Validation should detect various sensitive information patterns" classname="e2e suite" status="passed" time="9.356e-05">
              <system-err>&gt; Enter [It] should detect various sensitive information patterns - /Users/trivedi/Documents/Projects/optipod/test/e2e/observability_unit_test.go:388 @ 12/13/25 11:09:06.437&#xA;&lt; Exit [It] should detect various sensitive information patterns - /Users/trivedi/Documents/Projects/optipod/test/e2e/observability_unit_test.go:388 @ 12/13/25 11:09:06.438 (0s)&#xA;</system-err>
          </testcase>
          <testcase name="[It] Observability Unit Tests Security Validation should allow safe log content" classname="e2e suite" status="passed" time="0.000120542">
              <system-err>&gt; Enter [It] should allow safe log content - /Users/trivedi/Documents/Projects/optipod/test/e2e/observability_unit_test.go:407 @ 12/13/25 11:09:06.438&#xA;&lt; Exit [It] should allow safe log content - /Users/trivedi/Documents/Projects/optipod/test/e2e/observability_unit_test.go:407 @ 12/13/25 11:09:06.438 (0s)&#xA;</system-err>
          </testcase>
          <testcase name="[It] Invalid Configuration Unit Tests Policy Validation should reject policies with invalid CPU resource bounds (min &gt; max)" classname="e2e suite" status="passed" time="3.7426e-05">
              <system-err>&gt; Enter [It] should reject policies with invalid CPU resource bounds (min &gt; max) - /Users/trivedi/Documents/Projects/optipod/test/e2e/invalid_config_unit_test.go:65 @ 12/13/25 11:09:06.438&#xA;&lt; Exit [It] should reject policies with invalid CPU resource bounds (min &gt; max) - /Users/trivedi/Documents/Projects/optipod/test/e2e/invalid_config_unit_test.go:65 @ 12/13/25 11:09:06.438 (0s)&#xA;</system-err>
          </testcase>
          <testcase name="[It] Invalid Configuration Unit Tests Policy Validation should reject policies with invalid memory resource bounds (min &gt; max)" classname="e2e suite" status="passed" time="1.9314e-05">
              <system-err>&gt; Enter [It] should reject policies with invalid memory resource bounds (min &gt; max) - /Users/trivedi/Documents/Projects/optipod/test/e2e/invalid_config_unit_test.go:74 @ 12/13/25 11:09:06.438&#xA;&lt; Exit [It] should reject policies with invalid memory resource bounds (min &gt; max) - /Users/trivedi/Documents/Projects/optipod/test/e2e/invalid_config_unit_test.go:74 @ 12/13/25 11:09:06.438 (0s)&#xA;</system-err>
          </testcase>
          <testcase name="[It] Invalid Configuration Unit Tests Policy Validation should reject policies with zero resource bounds" classname="e2e suite" status="passed" time="2.2299e-05">
              <system-err>&gt; Enter [It] should reject policies with zero resource bounds - /Users/trivedi/Documents/Projects/optipod/test/e2e/invalid_config_unit_test.go:83 @ 12/13/25 11:09:06.438&#xA;&lt; Exit [It] should reject policies with zero resource bounds - /Users/trivedi/Documents/Projects/optipod/test/e2e/invalid_config_unit_test.go:83 @ 12/13/25 11:09:06.438 (0s)&#xA;</system-err>
          </testcase>
          <testcase name="[It] Invalid Configuration Unit Tests Policy Validation should reject policies with invalid safety factor" classname="e2e suite" status="passed" time="2.9161e-05">
              <system-err>&gt; Enter [It] should reject policies with invalid safety factor - /Users/trivedi/Documents/Projects/optipod/test/e2e/invalid_config_unit_test.go:121 @ 12/13/25 11:09:06.438&#xA;&lt; Exit [It] should reject policies with invalid safety factor - /Users/trivedi/Documents/Projects/optipod/test/e2e/invalid_config_unit_test.go:121 @ 12/13/25 11:09:06.438 (0s)&#xA;</system-err>
          </testcase>
          <testcase name="[It] Invalid Configuration Unit Tests Policy Validation should reject policies without selectors" classname="e2e suite" status="passed" time="3.5025e-05">
              <system-err>&gt; Enter [It] should reject policies without selectors - /Users/trivedi/Documents/Projects/optipod/test/e2e/invalid_config_unit_test.go:160 @ 12/13/25 11:09:06.438&#xA;&lt; Exit [It] should reject policies without selectors - /Users/trivedi/Documents/Projects/optipod/test/e2e/invalid_config_unit_test.go:160 @ 12/13/25 11:09:06.438 (0s)&#xA;</system-err>
          </testcase>
          <testcase name="[It] Invalid Configuration Unit Tests Policy Validation should accept policies with valid configuration edge cases" classname="e2e suite" status="passed" time="6.5454e-05">
              <system-err>&gt; Enter [It] should accept policies with valid configuration edge cases - /Users/trivedi/Documents/Projects/optipod/test/e2e/invalid_config_unit_test.go:196 @ 12/13/25 11:09:06.438&#xA;STEP: Testing policy with extremely large resource bounds - /Users/trivedi/Documents/Projects/optipod/test/e2e/invalid_config_unit_test.go:197 @ 12/13/25 11:09:06.438&#xA;STEP: Testing policy with very small resource bounds - /Users/trivedi/Documents/Projects/optipod/test/e2e/invalid_config_unit_test.go:233 @ 12/13/25 11:09:06.438&#xA;STEP: Testing policy with maximum safety factor - /Users/trivedi/Documents/Projects/optipod/test/e2e/invalid_config_unit_test.go:269 @ 12/13/25 11:09:06.438&#xA;&lt; Exit [It] should accept policies with valid configuration edge cases - /Users/trivedi/Documents/Projects/optipod/test/e2e/invalid_config_unit_test.go:196 @ 12/13/25 11:09:06.438 (0s)&#xA;</system-err>
          </testcase>
          <testcase name="[It] Resource Bounds Unit Tests Resource Quantity Parsing should parse CPU quantities correctly" classname="e2e suite" status="passed" time="3.0629e-05">
              <system-err>&gt; Enter [BeforeEach] Resource Bounds Unit Tests - /Users/trivedi/Documents/Projects/optipod/test/e2e/resource_bounds_unit_test.go:14 @ 12/13/25 11:09:06.438&#xA;&lt; Exit [BeforeEach] Resource Bounds Unit Tests - /Users/trivedi/Documents/Projects/optipod/test/e2e/resource_bounds_unit_test.go:14 @ 12/13/25 11:09:06.438 (0s)&#xA;&gt; Enter [It] should parse CPU quantities correctly - /Users/trivedi/Documents/Projects/optipod/test/e2e/resource_bounds_unit_test.go:19 @ 12/13/25 11:09:06.438&#xA;&lt; Exit [It] should parse CPU quantities correctly - /Users/trivedi/Documents/Projects/optipod/test/e2e/resource_bounds_unit_test.go:19 @ 12/13/25 11:09:06.438 (0s)&#xA;</system-err>
          </testcase>
          <testcase name="[It] Resource Bounds Unit Tests Resource Quantity Parsing should parse memory quantities correctly" classname="e2e suite" status="passed" time="3.6775e-05">
              <system-err>&gt; Enter [BeforeEach] Resource Bounds Unit Tests - /Users/trivedi/Documents/Projects/optipod/test/e2e/resource_bounds_unit_test.go:14 @ 12/13/25 11:09:06.438&#xA;&lt; Exit [BeforeEach] Resource Bounds Unit Tests - /Users/trivedi/Documents/Projects/optipod/test/e2e/resource_bounds_unit_test.go:14 @ 12/13/25 11:09:06.438 (0s)&#xA;&gt; Enter [It] should parse memory quantities correctly - /Users/trivedi/Documents/Projects/optipod/test/e2e/resource_bounds_unit_test.go:38 @ 12/13/25 11:09:06.438&#xA;&lt; Exit [It] should parse memory quantities correctly - /Users/trivedi/Documents/Projects/optipod/test/e2e/resource_bounds_unit_test.go:38 @ 12/13/25 11:09:06.438 (0s)&#xA;</system-err>
          </testcase>
          <testcase name="[It] Resource Bounds Unit Tests Resource Quantity Parsing should handle resource quantity parsing consistency" classname="e2e suite" status="passed" time="5.0089e-05">
              <system-err>&gt; Enter [BeforeEach] Resource Bounds Unit Tests - /Users/trivedi/Documents/Projects/optipod/test/e2e/resource_bounds_unit_test.go:14 @ 12/13/25 11:09:06.438&#xA;&lt; Exit [BeforeEach] Resource Bounds Unit Tests - /Users/trivedi/Documents/Projects/optipod/test/e2e/resource_bounds_unit_test.go:14 @ 12/13/25 11:09:06.438 (0s)&#xA;&gt; Enter [It] should handle resource quantity parsing consistency - /Users/trivedi/Documents/Projects/optipod/test/e2e/resource_bounds_unit_test.go:56 @ 12/13/25 11:09:06.438&#xA;&lt; Exit [It] should handle resource quantity parsing consistency - /Users/trivedi/Documents/Projects/optipod/test/e2e/resource_bounds_unit_test.go:56 @ 12/13/25 11:09:06.438 (0s)&#xA;</system-err>
          </testcase>
          <testcase name="[It] Resource Bounds Unit Tests Bounds Validation Logic should validate resources within bounds" classname="e2e suite" status="passed" time="3.8502e-05">
              <system-err>&gt; Enter [BeforeEach] Resource Bounds Unit Tests - /Users/trivedi/Documents/Projects/optipod/test/e2e/resource_bounds_unit_test.go:14 @ 12/13/25 11:09:06.438&#xA;&lt; Exit [BeforeEach] Resource Bounds Unit Tests - /Users/trivedi/Documents/Projects/optipod/test/e2e/resource_bounds_unit_test.go:14 @ 12/13/25 11:09:06.438 (0s)&#xA;&gt; Enter [It] should validate resources within bounds - /Users/trivedi/Documents/Projects/optipod/test/e2e/resource_bounds_unit_test.go:64 @ 12/13/25 11:09:06.438&#xA;&lt; Exit [It] should validate resources within bounds - /Users/trivedi/Documents/Projects/optipod/test/e2e/resource_bounds_unit_test.go:64 @ 12/13/25 11:09:06.438 (0s)&#xA;</system-err>
          </testcase>
          <testcase name="[It] Resource Bounds Unit Tests Bounds Validation Logic should detect resources below minimum bounds" classname="e2e suite" status="passed" time="3.0305e-05">
              <system-err>&gt; Enter [BeforeEach] Resource Bounds Unit Tests - /Users/trivedi/Documents/Projects/optipod/test/e2e/resource_bounds_unit_test.go:14 @ 12/13/25 11:09:06.438&#xA;&lt; Exit [BeforeEach] Resource Bounds Unit Tests - /Users/trivedi/Documents/Projects/optipod/test/e2e/resource_bounds_unit_test.go:14 @ 12/13/25 11:09:06.438 (0s)&#xA;&gt; Enter [It] should detect resources below minimum bounds - /Users/trivedi/Documents/Projects/optipod/test/e2e/resource_bounds_unit_test.go:85 @ 12/13/25 11:09:06.438&#xA;&lt; Exit [It] should detect resources below minimum bounds - /Users/trivedi/Documents/Projects/optipod/test/e2e/resource_bounds_unit_test.go:85 @ 12/13/25 11:09:06.438 (0s)&#xA;</system-err>
          </testcase>
          <testcase name="[It] Resource Bounds Unit Tests Bounds Validation Logic should detect resources above maximum bounds" classname="e2e suite" status="passed" time="3.4753e-05">
              <system-err>&gt; Enter [BeforeEach] Resource Bounds Unit Tests - /Users/trivedi/Documents/Projects/optipod/test/e2e/resource_bounds_unit_test.go:14 @ 12/13/25 11:09:06.438&#xA;&lt; Exit [BeforeEach] Resource Bounds Unit Tests - /Users/trivedi/Documents/Projects/optipod/test/e2e/resource_bounds_unit_test.go:14 @ 12/13/25 11:09:06.438 (0s)&#xA;&gt; Enter [It] should detect resources above maximum bounds - /Users/trivedi/Documents/Projects/optipod/test/e2e/resource_bounds_unit_test.go:107 @ 12/13/25 11:09:06.438&#xA;&lt; Exit [It] should detect resources above maximum bounds - /Users/trivedi/Documents/Projects/optipod/test/e2e/resource_bounds_unit_test.go:107 @ 12/13/25 11:09:06.438 (0s)&#xA;</system-err>
          </testcase>
          <testcase name="[It] Resource Bounds Unit Tests Clamping Algorithms should validate clamping to minimum values" classname="e2e suite" status="passed" time="3.0284e-05">
              <system-err>&gt; Enter [BeforeEach] Resource Bounds Unit Tests - /Users/trivedi/Documents/Projects/optipod/test/e2e/resource_bounds_unit_test.go:14 @ 12/13/25 11:09:06.439&#xA;&lt; Exit [BeforeEach] Resource Bounds Unit Tests - /Users/trivedi/Documents/Projects/optipod/test/e2e/resource_bounds_unit_test.go:14 @ 12/13/25 11:09:06.439 (0s)&#xA;&gt; Enter [It] should validate clamping to minimum values - /Users/trivedi/Documents/Projects/optipod/test/e2e/resource_bounds_unit_test.go:131 @ 12/13/25 11:09:06.439&#xA;&lt; Exit [It] should validate clamping to minimum values - /Users/trivedi/Documents/Projects/optipod/test/e2e/resource_bounds_unit_test.go:131 @ 12/13/25 11:09:06.439 (0s)&#xA;</system-err>
          </testcase>
          <testcase name="[It] Resource Bounds Unit Tests Clamping Algorithms should validate clamping to maximum values" classname="e2e suite" status="passed" time="3.1413e-05">
              <system-err>&gt; Enter [BeforeEach] Resource Bounds Unit Tests - /Users/trivedi/Documents/Projects/optipod/test/e2e/resource_bounds_unit_test.go:14 @ 12/13/25 11:09:06.439&#xA;&lt; Exit [BeforeEach] Resource Bounds Unit Tests - /Users/trivedi/Documents/Projects/optipod/test/e2e/resource_bounds_unit_test.go:14 @ 12/13/25 11:09:06.439 (0s)&#xA;&gt; Enter [It] should validate clamping to maximum values - /Users/trivedi/Documents/Projects/optipod/test/e2e/resource_bounds_unit_test.go:141 @ 12/13/25 11:09:06.439&#xA;&lt; Exit [It] should validate clamping to maximum values - /Users/trivedi/Documents/Projects/optipod/test/e2e/resource_bounds_unit_test.go:141 @ 12/13/25 11:09:06.439 (0s)&#xA;</system-err>
          </testcase>
          <testcase name="[It] Resource Bounds Unit Tests Clamping Algorithms should validate resources within bounds without clamping" classname="e2e suite" status="passed" time="3.5339e-05">
              <system-err>&gt; Enter [BeforeEach] Resource Bounds Unit Tests - /Users/trivedi/Documents/Projects/optipod/test/e2e/resource_bounds_unit_test.go:14 @ 12/13/25 11:09:06.439&#xA;&lt; Exit [BeforeEach] Resource Bounds Unit Tests - /Users/trivedi/Documents/Projects/optipod/test/e2e/resource_bounds_unit_test.go:14 @ 12/13/25 11:09:06.439 (0s)&#xA;&gt; Enter [It] should validate resources within bounds without clamping - /Users/trivedi/Documents/Projects/optipod/test/e2e/resource_bounds_unit_test.go:151 @ 12/13/25 11:09:06.439&#xA;&lt; Exit [It] should validate resources within bounds without clamping - /Users/trivedi/Documents/Projects/optipod/test/e2e/resource_bounds_unit_test.go:151 @ 12/13/25 11:09:06.439 (0s)&#xA;</system-err>
          </testcase>
          <testcase name="[It] Resource Bounds Unit Tests Clamping Algorithms should detect incorrect clamping expectations" classname="e2e suite" status="passed" time="3.5198e-05">
              <system-err>&gt; Enter [BeforeEach] Resource Bounds Unit Tests - /Users/trivedi/Documents/Projects/optipod/test/e2e/resource_bounds_unit_test.go:14 @ 12/13/25 11:09:06.439&#xA;&lt; Exit [BeforeEach] Resource Bounds Unit Tests - /Users/trivedi/Documents/Projects/optipod/test/e2e/resource_bounds_unit_test.go:14 @ 12/13/25 11:09:06.439 (0s)&#xA;&gt; Enter [It] should detect incorrect clamping expectations - /Users/trivedi/Documents/Projects/optipod/test/e2e/resource_bounds_unit_test.go:161 @ 12/13/25 11:09:06.439&#xA;&lt; Exit [It] should detect incorrect clamping expectations - /Users/trivedi/Documents/Projects/optipod/test/e2e/resource_bounds_unit_test.go:161 @ 12/13/25 11:09:06.439 (0s)&#xA;</system-err>
          </testcase>
          <testcase name="[It] Resource Bounds Unit Tests Resource Comparison should compare resource quantities correctly" classname="e2e suite" status="passed" time="6.336e-05">
              <system-err>&gt; Enter [BeforeEach] Resource Bounds Unit Tests - /Users/trivedi/Documents/Projects/optipod/test/e2e/resource_bounds_unit_test.go:14 @ 12/13/25 11:09:06.439&#xA;&lt; Exit [BeforeEach] Resource Bounds Unit Tests - /Users/trivedi/Documents/Projects/optipod/test/e2e/resource_bounds_unit_test.go:14 @ 12/13/25 11:09:06.439 (0s)&#xA;&gt; Enter [It] should compare resource quantities correctly - /Users/trivedi/Documents/Projects/optipod/test/e2e/resource_bounds_unit_test.go:170 @ 12/13/25 11:09:06.439&#xA;&lt; Exit [It] should compare resource quantities correctly - /Users/trivedi/Documents/Projects/optipod/test/e2e/resource_bounds_unit_test.go:170 @ 12/13/25 11:09:06.439 (0s)&#xA;</system-err>
          </testcase>
          <testcase name="[It] Resource Bounds Unit Tests Resource Comparison should handle invalid resource quantities" classname="e2e suite" status="passed" time="5.0173e-05">
              <system-err>&gt; Enter [BeforeEach] Resource Bounds Unit Tests - /Users/trivedi/Documents/Projects/optipod/test/e2e/resource_bounds_unit_test.go:14 @ 12/13/25 11:09:06.439&#xA;&lt; Exit [BeforeEach] Resource Bounds Unit Tests - /Users/trivedi/Documents/Projects/optipod/test/e2e/resource_bounds_unit_test.go:14 @ 12/13/25 11:09:06.439 (0s)&#xA;&gt; Enter [It] should handle invalid resource quantities - /Users/trivedi/Documents/Projects/optipod/test/e2e/resource_bounds_unit_test.go:191 @ 12/13/25 11:09:06.439&#xA;&lt; Exit [It] should handle invalid resource quantities - /Users/trivedi/Documents/Projects/optipod/test/e2e/resource_bounds_unit_test.go:191 @ 12/13/25 11:09:06.439 (0s)&#xA;</system-err>
          </testcase>
          <testcase name="[It] Resource Bounds Unit Tests Resource Conversion should convert resource quantities to bytes/millicores" classname="e2e suite" status="passed" time="4.9332e-05">
              <system-err>&gt; Enter [BeforeEach] Resource Bounds Unit Tests - /Users/trivedi/Documents/Projects/optipod/test/e2e/resource_bounds_unit_test.go:14 @ 12/13/25 11:09:06.439&#xA;&lt; Exit [BeforeEach] Resource Bounds Unit Tests - /Users/trivedi/Documents/Projects/optipod/test/e2e/resource_bounds_unit_test.go:14 @ 12/13/25 11:09:06.439 (0s)&#xA;&gt; Enter [It] should convert resource quantities to bytes/millicores - /Users/trivedi/Documents/Projects/optipod/test/e2e/resource_bounds_unit_test.go:201 @ 12/13/25 11:09:06.439&#xA;&lt; Exit [It] should convert resource quantities to bytes/millicores - /Users/trivedi/Documents/Projects/optipod/test/e2e/resource_bounds_unit_test.go:201 @ 12/13/25 11:09:06.439 (0s)&#xA;</system-err>
          </testcase>
          <testcase name="[It] Resource Bounds Unit Tests Resource Conversion should handle invalid resource conversion" classname="e2e suite" status="passed" time="2.1441e-05">
              <system-err>&gt; Enter [BeforeEach] Resource Bounds Unit Tests - /Users/trivedi/Documents/Projects/optipod/test/e2e/resource_bounds_unit_test.go:14 @ 12/13/25 11:09:06.439&#xA;&lt; Exit [BeforeEach] Resource Bounds Unit Tests - /Users/trivedi/Documents/Projects/optipod/test/e2e/resource_bounds_unit_test.go:14 @ 12/13/25 11:09:06.439 (0s)&#xA;&gt; Enter [It] should handle invalid resource conversion - /Users/trivedi/Documents/Projects/optipod/test/e2e/resource_bounds_unit_test.go:223 @ 12/13/25 11:09:06.439&#xA;&lt; Exit [It] should handle invalid resource conversion - /Users/trivedi/Documents/Projects/optipod/test/e2e/resource_bounds_unit_test.go:223 @ 12/13/25 11:09:06.439 (0s)&#xA;</system-err>
          </testcase>
          <testcase name="[It] CI Integration Unit Tests Test execution scripts should validate parallel configuration parsing" classname="e2e suite" status="passed" time="3.8979e-05">
              <system-err>&gt; Enter [It] should validate parallel configuration parsing - /Users/trivedi/Documents/Projects/optipod/test/e2e/ci_integration_unit_test.go:21 @ 12/13/25 11:09:06.439&#xA;&lt; Exit [It] should validate parallel configuration parsing - /Users/trivedi/Documents/Projects/optipod/test/e2e/ci_integration_unit_test.go:21 @ 12/13/25 11:09:06.439 (0s)&#xA;</system-err>
          </testcase>
          <testcase name="[It] CI Integration Unit Tests Test execution scripts should validate performance configuration parsing" classname="e2e suite" status="passed" time="3.2519e-05">
              <system-err>&gt; Enter [It] should validate performance configuration parsing - /Users/trivedi/Documents/Projects/optipod/test/e2e/ci_integration_unit_test.go:42 @ 12/13/25 11:09:06.439&#xA;&lt; Exit [It] should validate performance configuration parsing - /Users/trivedi/Documents/Projects/optipod/test/e2e/ci_integration_unit_test.go:42 @ 12/13/25 11:09:06.439 (0s)&#xA;</system-err>
          </testcase>
          <testcase name="[It] CI Integration Unit Tests Test execution scripts should validate timeout calculation logic" classname="e2e suite" status="passed" time="3.3242e-05">
              <system-err>&gt; Enter [It] should validate timeout calculation logic - /Users/trivedi/Documents/Projects/optipod/test/e2e/ci_integration_unit_test.go:67 @ 12/13/25 11:09:06.439&#xA;&lt; Exit [It] should validate timeout calculation logic - /Users/trivedi/Documents/Projects/optipod/test/e2e/ci_integration_unit_test.go:67 @ 12/13/25 11:09:06.439 (0s)&#xA;</system-err>
          </testcase>
          <testcase name="[It] CI Integration Unit Tests Test execution scripts should validate parallel node information" classname="e2e suite" status="passed" time="1.9184e-05">
              <system-err>&gt; Enter [It] should validate parallel node information - /Users/trivedi/Documents/Projects/optipod/test/e2e/ci_integration_unit_test.go:84 @ 12/13/25 11:09:06.439&#xA;&lt; Exit [It] should validate parallel node information - /Users/trivedi/Documents/Projects/optipod/test/e2e/ci_integration_unit_test.go:84 @ 12/13/25 11:09:06.439 (0s)&#xA;</system-err>
          </testcase>
          <testcase name="[It] CI Integration Unit Tests Reporting functions should generate valid JUnit report structure" classname="e2e suite" status="passed" time="0.001102011">
              <system-err>&gt; Enter [BeforeEach] Reporting functions - /Users/trivedi/Documents/Projects/optipod/test/e2e/ci_integration_unit_test.go:109 @ 12/13/25 11:09:06.44&#xA;&lt; Exit [BeforeEach] Reporting functions - /Users/trivedi/Documents/Projects/optipod/test/e2e/ci_integration_unit_test.go:109 @ 12/13/25 11:09:06.44 (0s)&#xA;&gt; Enter [It] should generate valid JUnit report structure - /Users/trivedi/Documents/Projects/optipod/test/e2e/ci_integration_unit_test.go:115 @ 12/13/25 11:09:06.44&#xA;&lt; Exit [It] should generate valid JUnit report structure - /Users/trivedi/Documents/Projects/optipod/test/e2e/ci_integration_unit_test.go:115 @ 12/13/25 11:09:06.44 (0s)&#xA;&gt; Enter [DeferCleanup (Each)] Reporting functions - /Users/trivedi/go/pkg/mod/github.com/onsi/ginkgo/v2@v2.22.0/internal/testingtproxy/testing_t_proxy.go:153 @ 12/13/25 11:09:06.44&#xA;&lt; Exit [DeferCleanup (Each)] Reporting functions - /Users/trivedi/go/pkg/mod/github.com/onsi/ginkgo/v2@v2.22.0/internal/testingtproxy/testing_t_proxy.go:153 @ 12/13/25 11:09:06.441 (0s)&#xA;</system-err>
          </testcase>
          <testcase name="[It] CI Integration Unit Tests Reporting functions should generate valid JSON report structure" classname="e2e suite" status="passed" time="0.00085596">
[...]
          </testcase>
          <testcase name="[It] Observability and Metrics Metrics Endpoint Security should enforce security constraints compliance" classname="e2e suite" status="skipped" time="0">
              <skipped message="skipped"></skipped>
          </testcase>
          <testcase name="[It] Observability and Metrics Metrics Endpoint Security should handle security policy violations gracefully" classname="e2e suite" status="skipped" time="0">
              <skipped message="skipped"></skipped>
          </testcase>
          <testcase name="[It] Observability and Metrics Metrics Endpoint Security Property Test: Metrics endpoint security RBAC enforcement" classname="e2e suite" status="skipped" time="0">
              <skipped message="skipped"></skipped>
          </testcase>
          <testcase name="[It] Observability and Metrics Metrics Endpoint Security Property Test: Metrics endpoint security TLS validation" classname="e2e suite" status="skipped" time="0">
              <skipped message="skipped"></skipped>
          </testcase>
          <testcase name="[It] Observability and Metrics Metrics Endpoint Security Property Test: Metrics endpoint security Secure port usage" classname="e2e suite" status="skipped" time="0">
              <skipped message="skipped"></skipped>
          </testcase>
          <testcase name="[It] Observability and Metrics Metrics Endpoint Security Property Test: Metrics endpoint security Pod security context" classname="e2e suite" status="skipped" time="0">
              <skipped message="skipped"></skipped>
          </testcase>
          <testcase name="[It] Observability and Metrics Metrics Endpoint Security Property Test: Metrics endpoint security Sensitive data protection" classname="e2e suite" status="skipped" time="0">
              <skipped message="skipped"></skipped>
          </testcase>
          <testcase name="[It] Observability and Metrics Metrics Endpoint Security Property Test: Metrics endpoint security Authentication flow" classname="e2e suite" status="skipped" time="0">
              <skipped message="skipped"></skipped>
          </testcase>
          <testcase name="[It] Observability and Metrics Metrics Endpoint Security Property Test: Metrics endpoint security Security error handling" classname="e2e suite" status="skipped" time="0">
              <skipped message="skipped"></skipped>
          </testcase>
          <testcase name="[It] Observability and Metrics Monitoring Integration should provide health check endpoints" classname="e2e suite" status="skipped" time="0">
              <skipped message="skipped"></skipped>
          </testcase>
          <testcase name="[It] Observability and Metrics Monitoring Integration should expose metrics for monitoring system integration" classname="e2e suite" status="skipped" time="0">
              <skipped message="skipped"></skipped>
          </testcase>
          <testcase name="[It] Observability and Metrics Monitoring Integration should validate alerting thresholds and conditions" classname="e2e suite" status="skipped" time="0">
              <skipped message="skipped"></skipped>
          </testcase>
          <testcase name="[It] Observability and Metrics Monitoring Integration should support monitoring system service discovery" classname="e2e suite" status="skipped" time="0">
              <skipped message="skipped"></skipped>
          </testcase>
          <testcase name="[It] Observability and Metrics Monitoring Integration should provide monitoring-friendly metric naming" classname="e2e suite" status="skipped" time="0">
              <skipped message="skipped"></skipped>
          </testcase>
          <testcase name="[It] Observability and Metrics Monitoring Integration should handle monitoring system failures gracefully" classname="e2e suite" status="skipped" time="0">
              <skipped message="skipped"></skipped>
          </testcase>
          <testcase name="[It] Observability and Metrics Monitoring Integration Property Test: Monitoring system integration Business metrics exposure" classname="e2e suite" status="skipped" time="0">
              <skipped message="skipped"></skipped>
          </testcase>
          <testcase name="[It] Observability and Metrics Monitoring Integration Property Test: Monitoring system integration Health monitoring" classname="e2e suite" status="skipped" time="0">
              <skipped message="skipped"></skipped>
          </testcase>
          <testcase name="[It] Observability and Metrics Monitoring Integration Property Test: Monitoring system integration Service discovery" classname="e2e suite" status="skipped" time="0">
              <skipped message="skipped"></skipped>
          </testcase>
          <testcase name="[It] Observability and Metrics Monitoring Integration Property Test: Monitoring system integration Alerting integration" classname="e2e suite" status="skipped" time="0">
              <skipped message="skipped"></skipped>
          </testcase>
          <testcase name="[It] Observability and Metrics Monitoring Integration Property Test: Monitoring system integration Metrics only scenario" classname="e2e suite" status="skipped" time="0">
              <skipped message="skipped"></skipped>
          </testcase>
          <testcase name="[It] Observability and Metrics Monitoring Integration Property Test: Monitoring system integration Performance monitoring" classname="e2e suite" status="skipped" time="0">
              <skipped message="skipped"></skipped>
          </testcase>
          <testcase name="[It] Property 20: Diagnostic Information Collection Diagnostic Collection Property Tests should collect comprehensive diagnostic information for any test failure" classname="e2e suite" status="skipped" time="0">
              <skipped message="skipped"></skipped>
          </testcase>
          <testcase name="[It] Property 20: Diagnostic Information Collection Diagnostic Collection Property Tests should collect diagnostics when namespace is being deleted" classname="e2e suite" status="skipped" time="0">
              <skipped message="skipped"></skipped>
          </testcase>
          <testcase name="[It] Property 20: Diagnostic Information Collection Diagnostic Collection Property Tests should collect diagnostics for multiple simultaneous failures" classname="e2e suite" status="skipped" time="0">
              <skipped message="skipped"></skipped>
          </testcase>
          <testcase name="[It] Workload Types and Update Strategies Deployment Workload Scenarios should optimize Deployment resources correctly" classname="e2e suite" status="skipped" time="0">
              <skipped message="skipped"></skipped>
          </testcase>
          <testcase name="[It] Workload Types and Update Strategies Deployment Workload Scenarios should handle Deployment selector matching correctly" classname="e2e suite" status="skipped" time="0">
              <skipped message="skipped"></skipped>
          </testcase>
          <testcase name="[It] Workload Types and Update Strategies Deployment Workload Scenarios should validate Deployment rollout behavior" classname="e2e suite" status="skipped" time="0">
              <skipped message="skipped"></skipped>
          </testcase>
          <testcase name="[It] Workload Types and Update Strategies StatefulSet Workload Scenarios should optimize StatefulSet resources correctly" classname="e2e suite" status="skipped" time="0">
              <skipped message="skipped"></skipped>
          </testcase>
          <testcase name="[It] Workload Types and Update Strategies StatefulSet Workload Scenarios should handle StatefulSet ordered update correctly" classname="e2e suite" status="skipped" time="0">
              <skipped message="skipped"></skipped>
          </testcase>
          <testcase name="[It] Workload Types and Update Strategies StatefulSet Workload Scenarios should handle StatefulSet persistent volume considerations" classname="e2e suite" status="skipped" time="0">
              <skipped message="skipped"></skipped>
          </testcase>
          <testcase name="[It] Workload Types and Update Strategies DaemonSet Workload Scenarios should optimize DaemonSet resources correctly" classname="e2e suite" status="skipped" time="0">
              <skipped message="skipped"></skipped>
          </testcase>
          <testcase name="[It] Workload Types and Update Strategies DaemonSet Workload Scenarios should handle DaemonSet node-based update correctly" classname="e2e suite" status="skipped" time="0">
              <skipped message="skipped"></skipped>
          </testcase>
          <testcase name="[It] Workload Types and Update Strategies DaemonSet Workload Scenarios should validate resource optimization for system workloads" classname="e2e suite" status="skipped" time="0">
              <skipped message="skipped"></skipped>
          </testcase>
          <testcase name="[It] Workload Types and Update Strategies Update Strategy Scenarios should respect in-place resize update strategy" classname="e2e suite" status="skipped" time="0">
              <skipped message="skipped"></skipped>
          </testcase>
          <testcase name="[It] Workload Types and Update Strategies Update Strategy Scenarios should respect recreation update strategy" classname="e2e suite" status="skipped" time="0">
              <skipped message="skipped"></skipped>
          </testcase>
          <testcase name="[It] Workload Types and Update Strategies Update Strategy Scenarios should respect requests-only update strategy" classname="e2e suite" status="skipped" time="0">
              <skipped message="skipped"></skipped>
          </testcase>
          <testcase name="[It] Workload Types and Update Strategies Update Strategy Scenarios should validate strategy compliance and validation" classname="e2e suite" status="skipped" time="0">
              <skipped message="skipped"></skipped>
          </testcase>
          <testcase name="[It] Workload Types and Update Strategies Property-Based Tests update strategy compliance property in-place resize strategy compliance" classname="e2e suite" status="skipped" time="0">
              <skipped message="skipped"></skipped>
          </testcase>
          <testcase name="[It] Workload Types and Update Strategies Property-Based Tests update strategy compliance property recreation strategy compliance" classname="e2e suite" status="skipped" time="0">
              <skipped message="skipped"></skipped>
          </testcase>
          <testcase name="[It] Workload Types and Update Strategies Property-Based Tests update strategy compliance property requests-only strategy compliance" classname="e2e suite" status="skipped" time="0">
              <skipped message="skipped"></skipped>
          </testcase>
          <testcase name="[It] Workload Types and Update Strategies Property-Based Tests update strategy compliance property conflicting strategies handling" classname="e2e suite" status="skipped" time="0">
              <skipped message="skipped"></skipped>
          </testcase>
          <testcase name="[It] Workload Types and Update Strategies Workload Status Validation should report workload status accurately after optimization" classname="e2e suite" status="skipped" time="0">
              <skipped message="skipped"></skipped>
          </testcase>
          <testcase name="[It] Workload Types and Update Strategies Workload Status Validation should update status after optimization changes" classname="e2e suite" status="skipped" time="0">
              <skipped message="skipped"></skipped>
          </testcase>
          <testcase name="[It] Workload Types and Update Strategies Workload Status Validation should maintain status consistency across workload types" classname="e2e suite" status="skipped" time="0">
              <skipped message="skipped"></skipped>
          </testcase>
          <testcase name="[It] Workload Types and Update Strategies Workload Status Validation should validate status field population" classname="e2e suite" status="skipped" time="0">
              <skipped message="skipped"></skipped>
          </testcase>
          <testcase name="[It] Workload Types and Update Strategies Workload Status Validation status reporting accuracy property deployment status accuracy" classname="e2e suite" status="skipped" time="0">
              <skipped message="skipped"></skipped>
          </testcase>
          <testcase name="[It] Workload Types and Update Strategies Workload Status Validation status reporting accuracy property statefulset status accuracy" classname="e2e suite" status="skipped" time="0">
              <skipped message="skipped"></skipped>
          </testcase>
          <testcase name="[It] Workload Types and Update Strategies Workload Status Validation status reporting accuracy property daemonset status accuracy" classname="e2e suite" status="skipped" time="0">
              <skipped message="skipped"></skipped>
          </testcase>
          <testcase name="[It] Workload Types and Update Strategies Workload Status Validation status reporting accuracy property policy status consistency" classname="e2e suite" status="skipped" time="0">
              <skipped message="skipped"></skipped>
          </testcase>
          <testcase name="[It] Workload Types and Update Strategies Unit Tests for Workload Scenarios should detect workload types correctly" classname="e2e suite" status="passed" time="6.121978995">
              <system-err>&gt; Enter [BeforeAll] Workload Types and Update Strategies - /Users/trivedi/Documents/Projects/optipod/test/e2e/workload_types_test.go:53 @ 12/13/25 11:09:08.961&#xA;STEP: setting up test environment - /Users/trivedi/Documents/Projects/optipod/test/e2e/workload_types_test.go:54 @ 12/13/25 11:09:08.961&#xA;&lt; Exit [BeforeAll] Workload Types and Update Strategies - /Users/trivedi/Documents/Projects/optipod/test/e2e/workload_types_test.go:53 @ 12/13/25 11:09:08.963 (2ms)&#xA;&gt; Enter [BeforeEach] Workload Types and Update Strategies - /Users/trivedi/Documents/Projects/optipod/test/e2e/workload_types_test.go:72 @ 12/13/25 11:09:08.963&#xA;&lt; Exit [BeforeEach] Workload Types and Update Strategies - /Users/trivedi/Documents/Projects/optipod/test/e2e/workload_types_test.go:72 @ 12/13/25 11:09:08.988 (25ms)&#xA;&gt; Enter [It] should detect workload types correctly - /Users/trivedi/Documents/Projects/optipod/test/e2e/workload_types_test.go:2645 @ 12/13/25 11:09:08.988&#xA;STEP: Testing workload type detection for Deployment - /Users/trivedi/Documents/Projects/optipod/test/e2e/workload_types_test.go:2646 @ 12/13/25 11:09:08.988&#xA;STEP: Testing workload type detection for StatefulSet - /Users/trivedi/Documents/Projects/optipod/test/e2e/workload_types_test.go:2675 @ 12/13/25 11:09:08.996&#xA;STEP: Testing workload type detection for DaemonSet - /Users/trivedi/Documents/Projects/optipod/test/e2e/workload_types_test.go:2704 @ 12/13/25 11:09:09.003&#xA;&lt; Exit [It] should detect workload types correctly - /Users/trivedi/Documents/Projects/optipod/test/e2e/workload_types_test.go:2645 @ 12/13/25 11:09:09.012 (24ms)&#xA;&gt; Enter [AfterEach] Workload Types and Update Strategies - /Users/trivedi/Documents/Projects/optipod/test/e2e/workload_types_test.go:100 @ 12/13/25 11:09:09.012&#xA;&lt; Exit [AfterEach] Workload Types and Update Strategies - /Users/trivedi/Documents/Projects/optipod/test/e2e/workload_types_test.go:100 @ 12/13/25 11:09:15.083 (6.071s)&#xA;</system-err>
          </testcase>
          <testcase name="[It] Workload Types and Update Strategies Unit Tests for Workload Scenarios should select correct update strategy based on policy configuration" classname="e2e suite" status="passed" time="6.01727155">
              <system-err>&gt; Enter [BeforeEach] Workload Types and Update Strategies - /Users/trivedi/Documents/Projects/optipod/test/e2e/workload_types_test.go:72 @ 12/13/25 11:09:15.083&#xA;&lt; Exit [BeforeEach] Workload Types and Update Strategies - /Users/trivedi/Documents/Projects/optipod/test/e2e/workload_types_test.go:72 @ 12/13/25 11:09:15.087 (5ms)&#xA;&gt; Enter [It] should select correct update strategy based on policy configuration - /Users/trivedi/Documents/Projects/optipod/test/e2e/workload_types_test.go:2734 @ 12/13/25 11:09:15.087&#xA;STEP: Testing update strategy configuration validation - /Users/trivedi/Documents/Projects/optipod/test/e2e/workload_types_test.go:2735 @ 12/13/25 11:09:15.088&#xA;&lt; Exit [It] should select correct update strategy based on policy configuration - /Users/trivedi/Documents/Projects/optipod/test/e2e/workload_types_test.go:2734 @ 12/13/25 11:09:15.088 (0s)&#xA;&gt; Enter [AfterEach] Workload Types and Update Strategies - /Users/trivedi/Documents/Projects/optipod/test/e2e/workload_types_test.go:100 @ 12/13/25 11:09:15.088&#xA;&lt; Exit [AfterEach] Workload Types and Update Strategies - /Users/trivedi/Documents/Projects/optipod/test/e2e/workload_types_test.go:100 @ 12/13/25 11:09:21.1 (6.013s)&#xA;</system-err>
          </testcase>
          <testcase name="[It] Workload Types and Update Strategies Unit Tests for Workload Scenarios should validate status reporting logic" classname="e2e suite" status="pending" time="0">
              <skipped message="pending"></skipped>
          </testcase>
          <testcase name="[It] Workload Types and Update Strategies Unit Tests for Workload Scenarios should validate workload annotation handling" classname="e2e suite" status="pending" time="0">
              <skipped message="pending"></skipped>
          </testcase>
          <testcase name="[It] Workload Types and Update Strategies Unit Tests for Workload Scenarios should validate resource bounds enforcement logic" classname="e2e suite" status="passed" time="6.013833638">
              <system-err>&gt; Enter [BeforeEach] Workload Types and Update Strategies - /Users/trivedi/Documents/Projects/optipod/test/e2e/workload_types_test.go:72 @ 12/13/25 11:09:21.1&#xA;&lt; Exit [BeforeEach] Workload Types and Update Strategies - /Users/trivedi/Documents/Projects/optipod/test/e2e/workload_types_test.go:72 @ 12/13/25 11:09:21.104 (4ms)&#xA;&gt; Enter [It] should validate resource bounds enforcement logic - /Users/trivedi/Documents/Projects/optipod/test/e2e/workload_types_test.go:2953 @ 12/13/25 11:09:21.104&#xA;STEP: Testing resource bounds validation - /Users/trivedi/Documents/Projects/optipod/test/e2e/workload_types_test.go:2954 @ 12/13/25 11:09:21.104&#xA;STEP: Testing memory bounds validation - /Users/trivedi/Documents/Projects/optipod/test/e2e/workload_types_test.go:2972 @ 12/13/25 11:09:21.104&#xA;STEP: Testing resource unit conversions - /Users/trivedi/Documents/Projects/optipod/test/e2e/workload_types_test.go:2989 @ 12/13/25 11:09:21.104&#xA;&lt; Exit [It] should validate resource bounds enforcement logic - /Users/trivedi/Documents/Projects/optipod/test/e2e/workload_types_test.go:2953 @ 12/13/25 11:09:21.104 (0s)&#xA;&gt; Enter [AfterEach] Workload Types and Update Strategies - /Users/trivedi/Documents/Projects/optipod/test/e2e/workload_types_test.go:100 @ 12/13/25 11:09:21.104&#xA;&lt; Exit [AfterEach] Workload Types and Update Strategies - /Users/trivedi/Documents/Projects/optipod/test/e2e/workload_types_test.go:100 @ 12/13/25 11:09:27.114 (6.01s)&#xA;</system-err>
          </testcase>
          <testcase name="[AfterSuite]" classname="e2e suite" status="passed" time="5.8072e-05">
              <system-err>&gt; Enter [AfterSuite] TOP-LEVEL - /Users/trivedi/Documents/Projects/optipod/test/e2e/e2e_suite_test.go:133 @ 12/13/25 11:09:27.114&#xA;STEP: cleaning up parallel test resources - /Users/trivedi/Documents/Projects/optipod/test/e2e/e2e_suite_test.go:134 @ 12/13/25 11:09:27.114&#xA;&lt; Exit [AfterSuite] TOP-LEVEL - /Users/trivedi/Documents/Projects/optipod/test/e2e/e2e_suite_test.go:133 @ 12/13/25 11:09:27.114 (0s)&#xA;</system-err>
          </testcase>
      </testsuite>
  </testsuites>